#
# A fatal error has been detected by the Java Runtime Environment:
#
#  SIGSEGV (0xb) at pc=0x00007f7fe32ea7e8, pid=6312, tid=0x00007f8010a69700
#
# JRE version: Java(TM) SE Runtime Environment (8.0_171-b11) (build 1.8.0_171-b11)
# Java VM: Java HotSpot(TM) 64-Bit Server VM (25.171-b11 mixed mode linux-amd64 compressed oops)
# Problematic frame:
# C  [libvlog-core.so+0x10a7e8]  JoinExecutor::join(SemiNaiver*, FCInternalTable const*, std::vector<Literal, std::allocator<Literal> > const*, Literal const&, unsigned long, unsigned long, std::vector<std::pair<unsigned char, unsigned char>, std::allocator<std::pair<unsigned char, unsigned char> > > const*, std::vector<std::pair<unsigned char, unsigned char>, std::allocator<std::pair<unsigned char, unsigned char> > >, ResultJoinProcessor*, bool, RuleExecutionDetails const&, RuleExecutionPlan const&, int&, int, int)+0x2f8
#
# Failed to write core dump. Core dumps have been disabled. To enable core dumping, try "ulimit -c unlimited" before starting Java again
#
# If you would like to submit a bug report, please visit:
#   http://bugreport.java.com/bugreport/crash.jsp
# The crash happened outside the Java Virtual Machine in native code.
# See problematic frame for where to report the bug.
#

---------------  T H R E A D  ---------------

Current thread (0x00007f803890d800):  JavaThread "InferenceForOWLELMain.main()" [_thread_in_native, id=6345, stack(0x00007f8010969000,0x00007f8010a6a000)]

siginfo: si_signo: 11 (SIGSEGV), si_code: 1 (SEGV_MAPERR), si_addr: 0x0000000000000000

Registers:
RAX=0x0000000000000000, RBX=0x00007f7fe4804bc0, RCX=0x0000000000000000, RDX=0x0000000000000000
RSP=0x00007f8010a66e80, RBP=0x00007f8010a66f60, RSI=0x0000000000000000, RDI=0x00007f7fe4804b00
R8 =0x0000000000000001, R9 =0xffffffffffffffff, R10=0x00000000000007a1, R11=0x00007f7fe32def70
R12=0x00007f7fe4804670, R13=0x0000000000000000, R14=0xffffffffffffffff, R15=0x00007f7fe49e3440
RIP=0x00007f7fe32ea7e8, EFLAGS=0x0000000000010293, CSGSFS=0x002b000000000033, ERR=0x0000000000000004
  TRAPNO=0x000000000000000e

Top of Stack: (sp=0x00007f8010a66e80)
0x00007f8010a66e80:   7552130001454e4f 0000000000000000
0x00007f8010a66e90:   00007f8010a670bc 00007f7fe4800068
0x00007f8010a66ea0:   0000000100000000 0000000000000000
0x00007f8010a66eb0:   00007f8010a67500 00007f8010a670f0
0x00007f8010a66ec0:   00007f7fe4f476a0 00007f8010a67150
0x00007f8010a66ed0:   00007f7fe4804670 00007f7fe4da6948
0x00007f8010a66ee0:   00007f7fe4803c38 00007f7fe32c36b4
0x00007f8010a66ef0:   00007f7fe4802f40 00007f7fe4daad60
0x00007f8010a66f00:   00007f8010a670f0 00007f7fe49e3440
0x00007f8010a66f10:   00007f8010a67500 00007f7fe4804bc0
0x00007f8010a66f20:   00007f7fe4f476a0 ba62434115421b00
0x00007f8010a66f30:   ffffffffffffffff 00007f7fe4804670
0x00007f8010a66f40:   0000000000000000 00007f7fe4804d98
0x00007f8010a66f50:   0000000000000001 0000000000000001
0x00007f8010a66f60:   00007f8010a674f0 00007f7fe32f8bf8
0x00007f8010a66f70:   0000000000000000 00007f8010a670f0
0x00007f8010a66f80:   00007f7fe4804670 0000000000000001
0x00007f8010a66f90:   00007f7fe4800068 00007f8010a67150
0x00007f8010a66fa0:   00007f8010a670bc 0000000000000001
0x00007f8010a66fb0:   00000000ffffffff 00007f7fe32f8a9d
0x00007f8010a66fc0:   0000000072745365 154a9fb0140d72e4
0x00007f8010a66fd0:   0000000000000000 0000000000000000
0x00007f8010a66fe0:   00007f8010a67110 00007f8010a67310
0x00007f8010a66ff0:   00007f8010a67300 00007f8010a67348
0x00007f8010a67000:   00007f8010a67330 3eced84c20aebb03
0x00007f8010a67010:   00007f7fe4898c60 3ee98867422e78b9
0x00007f8010a67020:   00007f8010a67150 154a9fb0140de5a4
0x00007f8010a67030:   00007f8000000001 0000000000000000
0x00007f8010a67040:   0000000000000000 0000000000000003
0x00007f8010a67050:   00007f7fffffffff 00007f7fe4804bc0
0x00007f8010a67060:   00007f7fe4dace01 00007f7fe49e3440
0x00007f8010a67070:   0000000000000000 00007f8010a67500 

Instructions: (pc=0x00007f7fe32ea7e8)
0x00007f7fe32ea7c8:   ff ff e8 81 d5 f5 ff 48 8b bd 70 ff ff ff 48 83
0x00007f7fe32ea7d8:   c4 40 48 85 ff 0f 85 8a 00 00 00 e9 dd fd ff ff
0x00007f7fe32ea7e8:   0f b6 02 38 42 01 0f 85 60 ff ff ff 84 c0 0f 85
0x00007f7fe32ea7f8:   58 ff ff ff 0f 1f 40 00 48 8b 05 e1 42 29 00 8b 

Register to memory mapping:

RAX=0x0000000000000000 is an unknown value
RBX=0x00007f7fe4804bc0 is an unknown value
RCX=0x0000000000000000 is an unknown value
RDX=0x0000000000000000 is an unknown value
RSP=0x00007f8010a66e80 is pointing into the stack for thread: 0x00007f803890d800
RBP=0x00007f8010a66f60 is pointing into the stack for thread: 0x00007f803890d800
RSI=0x0000000000000000 is an unknown value
RDI=0x00007f7fe4804b00 is an unknown value
R8 =0x0000000000000001 is an unknown value
R9 =0xffffffffffffffff is an unknown value
R10=0x00000000000007a1 is an unknown value
R11=0x00007f7fe32def70: _ZN12JoinExecutor18isJoinTwoToOneJoinERK17RuleExecutionPlani+0 in /tmp/VLog-tmp3871290377553557483/libvlog-core.so at 0x00007f7fe31e0000
R12=0x00007f7fe4804670 is an unknown value
R13=0x0000000000000000 is an unknown value
R14=0xffffffffffffffff is an unknown value
R15=0x00007f7fe49e3440 is an unknown value


Stack: [0x00007f8010969000,0x00007f8010a6a000],  sp=0x00007f8010a66e80,  free space=1015k
Native frames: (J=compiled Java code, j=interpreted, Vv=VM code, C=native code)
C  [libvlog-core.so+0x10a7e8]  JoinExecutor::join(SemiNaiver*, FCInternalTable const*, std::vector<Literal, std::allocator<Literal> > const*, Literal const&, unsigned long, unsigned long, std::vector<std::pair<unsigned char, unsigned char>, std::allocator<std::pair<unsigned char, unsigned char> > > const*, std::vector<std::pair<unsigned char, unsigned char>, std::allocator<std::pair<unsigned char, unsigned char> > >, ResultJoinProcessor*, bool, RuleExecutionDetails const&, RuleExecutionPlan const&, int&, int, int)+0x2f8
C  [libvlog-core.so+0x118bf8]  SemiNaiver::executeRule(RuleExecutionDetails&, std::vector<Literal, std::allocator<Literal> >&, unsigned int, std::vector<ResultJoinProcessor*, std::allocator<ResultJoinProcessor*> >*)+0xe78
C  [libvlog-core.so+0x119900]  SemiNaiver::executeRule(RuleExecutionDetails&, unsigned int, std::vector<ResultJoinProcessor*, std::allocator<ResultJoinProcessor*> >*)+0x80
C  0x00007f7fe4da6970

Java frames: (J=compiled Java code, j=interpreted, Vv=VM code)
j  karmaresearch.vlog.VLog.materialize(ZI)Z+0
j  karmaresearch.vlog.VLog.materialize(Z)Z+3
j  org.semanticweb.vlog4j.core.reasoner.implementation.VLogReasoner.reason()Z+82
j  DatalogTranslation.callReasoner(LDatalogRules;LVisitNormalisedAxioms;)V+109
j  DatalogTranslation.instance()V+54
j  DatalogTranslation.visitNormalisedAxiomsHash()V+52
j  InferenceForOWLELMain.applyDatalogRules()V+12
j  InferenceForOWLELMain.main([Ljava/lang/String;)V+44
v  ~StubRoutines::call_stub
J 2493  sun.reflect.NativeMethodAccessorImpl.invoke0(Ljava/lang/reflect/Method;Ljava/lang/Object;[Ljava/lang/Object;)Ljava/lang/Object; (0 bytes) @ 0x00007f80297c9937 [0x00007f80297c98c0+0x77]
J 2492 C1 sun.reflect.NativeMethodAccessorImpl.invoke(Ljava/lang/Object;[Ljava/lang/Object;)Ljava/lang/Object; (104 bytes) @ 0x00007f80297caf0c [0x00007f80297c9d80+0x118c]
J 1940 C1 sun.reflect.DelegatingMethodAccessorImpl.invoke(Ljava/lang/Object;[Ljava/lang/Object;)Ljava/lang/Object; (10 bytes) @ 0x00007f8029681e84 [0x00007f8029681d80+0x104]
J 1954 C1 java.lang.reflect.Method.invoke(Ljava/lang/Object;[Ljava/lang/Object;)Ljava/lang/Object; (62 bytes) @ 0x00007f802968794c [0x00007f8029687560+0x3ec]
j  org.codehaus.mojo.exec.ExecJavaMojo$1.run()V+112
j  java.lang.Thread.run()V+11
v  ~StubRoutines::call_stub

---------------  P R O C E S S  ---------------

Java Threads: ( => current thread )
  0x00007f7fe47f8000 JavaThread "ForkJoinPool.commonPool-worker-1" daemon [_thread_blocked, id=6347, stack(0x00007f80106aa000,0x00007f80107ab000)]
=>0x00007f803890d800 JavaThread "InferenceForOWLELMain.main()" [_thread_in_native, id=6345, stack(0x00007f8010969000,0x00007f8010a6a000)]
  0x00007f80380ca000 JavaThread "Service Thread" daemon [_thread_blocked, id=6340, stack(0x00007f8011bbe000,0x00007f8011cbf000)]
  0x00007f80380bf000 JavaThread "C1 CompilerThread2" daemon [_thread_blocked, id=6339, stack(0x00007f8011cbf000,0x00007f8011dc0000)]
  0x00007f80380bd000 JavaThread "C2 CompilerThread1" daemon [_thread_blocked, id=6338, stack(0x00007f8011dc0000,0x00007f8011ec1000)]
  0x00007f80380ba800 JavaThread "C2 CompilerThread0" daemon [_thread_blocked, id=6337, stack(0x00007f8011ec1000,0x00007f8011fc2000)]
  0x00007f80380b9000 JavaThread "Signal Dispatcher" daemon [_thread_blocked, id=6336, stack(0x00007f8011fc2000,0x00007f80120c3000)]
  0x00007f8038084800 JavaThread "Finalizer" daemon [_thread_blocked, id=6335, stack(0x00007f8012519000,0x00007f801261a000)]
  0x00007f8038080000 JavaThread "Reference Handler" daemon [_thread_blocked, id=6334, stack(0x00007f801261a000,0x00007f801271b000)]
  0x00007f803800a800 JavaThread "main" [_thread_blocked, id=6328, stack(0x00007f803f123000,0x00007f803f224000)]

Other Threads:
  0x00007f8038078800 VMThread [stack: 0x00007f801271b000,0x00007f801281c000] [id=6333]
  0x00007f80380cf000 WatcherThread [stack: 0x00007f8011abd000,0x00007f8011bbe000] [id=6341]

VM state:not at safepoint (normal execution)

VM Mutex/Monitor currently owned by a thread: None

Heap:
 PSYoungGen      total 95744K, used 31508K [0x00000000d7000000, 0x00000000dfd00000, 0x0000000100000000)
  eden space 89600K, 28% used [0x00000000d7000000,0x00000000d88eee18,0x00000000dc780000)
  from space 6144K, 97% used [0x00000000df700000,0x00000000dfcd62f0,0x00000000dfd00000)
  to   space 11264K, 0% used [0x00000000de700000,0x00000000de700000,0x00000000df200000)
 ParOldGen       total 68608K, used 12464K [0x0000000085000000, 0x0000000089300000, 0x00000000d7000000)
  object space 68608K, 18% used [0x0000000085000000,0x0000000085c2c1e0,0x0000000089300000)
 Metaspace       used 32056K, capacity 33104K, committed 33280K, reserved 1077248K
  class space    used 5581K, capacity 5858K, committed 5888K, reserved 1048576K

Card table byte_map: [0x00007f8028867000,0x00007f8028c40000] byte_map_base: 0x00007f802843f000

Marking Bits: (ParMarkBitMap*) 0x00007f803e5f5280
 Begin Bits: [0x00007f8020280000, 0x00007f8022140000)
 End Bits:   [0x00007f8022140000, 0x00007f8024000000)

Polling page: 0x00007f803f247000

CodeCache: size=245760Kb used=11875Kb max_used=11875Kb free=233884Kb
 bounds [0x00007f8029000000, 0x00007f8029ba0000, 0x00007f8038000000]
 total_blobs=4169 nmethods=3761 adapters=320
 compilation: enabled

Compilation events (10 events):
Event: 5,995 Thread 0x00007f80380bf000 3759       3       org.semanticweb.vlog4j.core.model.implementation.PredicateImpl::hashCode (23 bytes)
Event: 5,995 Thread 0x00007f80380bf000 nmethod 3759 0x00007f8029b9bd50 code [0x00007f8029b9bec0, 0x00007f8029b9c0e8]
Event: 5,999 Thread 0x00007f80380bf000 3760       3       java.util.Collections$UnmodifiableCollection::iterator (9 bytes)
Event: 6,000 Thread 0x00007f80380bf000 nmethod 3760 0x00007f8029b9c1d0 code [0x00007f8029b9c360, 0x00007f8029b9c6c8]
Event: 6,000 Thread 0x00007f80380bf000 3761       1       org.semanticweb.vlog4j.core.model.implementation.AbstractTermImpl::getName (5 bytes)
Event: 6,000 Thread 0x00007f80380bf000 nmethod 3761 0x00007f8029b9c810 code [0x00007f8029b9c960, 0x00007f8029b9ca70]
Event: 6,000 Thread 0x00007f80380bf000 3762       1       org.semanticweb.vlog4j.core.model.implementation.AtomImpl::getPredicate (5 bytes)
Event: 6,000 Thread 0x00007f80380bf000 nmethod 3762 0x00007f8029b9cad0 code [0x00007f8029b9cc20, 0x00007f8029b9cd30]
Event: 6,001 Thread 0x00007f80380bf000 3763       1       karmaresearch.vlog.Term::getTermType (5 bytes)
Event: 6,001 Thread 0x00007f80380bf000 nmethod 3763 0x00007f8029b9cd90 code [0x00007f8029b9cee0, 0x00007f8029b9cff0]

GC Heap History (10 events):
Event: 2,396 GC heap before
{Heap before GC invocations=3 (full 0):
 PSYoungGen      total 36864K, used 36863K [0x00000000d7000000, 0x00000000db800000, 0x0000000100000000)
  eden space 31744K, 100% used [0x00000000d7000000,0x00000000d8f00000,0x00000000d8f00000)
  from space 5120K, 99% used [0x00000000d9400000,0x00000000d98fffd0,0x00000000d9900000)
  to   space 5120K, 0% used [0x00000000d8f00000,0x00000000d8f00000,0x00000000d9400000)
 ParOldGen       total 84992K, used 1630K [0x0000000085000000, 0x000000008a300000, 0x00000000d7000000)
  object space 84992K, 1% used [0x0000000085000000,0x0000000085197ad8,0x000000008a300000)
 Metaspace       used 15146K, capacity 15394K, committed 15616K, reserved 1062912K
  class space    used 1851K, capacity 1939K, committed 2048K, reserved 1048576K
Event: 2,407 GC heap after
Heap after GC invocations=3 (full 0):
 PSYoungGen      total 36864K, used 5104K [0x00000000d7000000, 0x00000000db800000, 0x0000000100000000)
  eden space 31744K, 0% used [0x00000000d7000000,0x00000000d7000000,0x00000000d8f00000)
  from space 5120K, 99% used [0x00000000d8f00000,0x00000000d93fc010,0x00000000d9400000)
  to   space 5120K, 0% used [0x00000000db300000,0x00000000db300000,0x00000000db800000)
 ParOldGen       total 84992K, used 3686K [0x0000000085000000, 0x000000008a300000, 0x00000000d7000000)
  object space 84992K, 4% used [0x0000000085000000,0x0000000085399850,0x000000008a300000)
 Metaspace       used 15146K, capacity 15394K, committed 15616K, reserved 1062912K
  class space    used 1851K, capacity 1939K, committed 2048K, reserved 1048576K
}
Event: 2,883 GC heap before
{Heap before GC invocations=4 (full 0):
 PSYoungGen      total 36864K, used 36848K [0x00000000d7000000, 0x00000000db800000, 0x0000000100000000)
  eden space 31744K, 100% used [0x00000000d7000000,0x00000000d8f00000,0x00000000d8f00000)
  from space 5120K, 99% used [0x00000000d8f00000,0x00000000d93fc010,0x00000000d9400000)
  to   space 5120K, 0% used [0x00000000db300000,0x00000000db300000,0x00000000db800000)
 ParOldGen       total 84992K, used 3686K [0x0000000085000000, 0x000000008a300000, 0x00000000d7000000)
  object space 84992K, 4% used [0x0000000085000000,0x0000000085399850,0x000000008a300000)
 Metaspace       used 15433K, capacity 15680K, committed 15872K, reserved 1062912K
  class space    used 1857K, capacity 1944K, committed 2048K, reserved 1048576K
Event: 2,899 GC heap after
Heap after GC invocations=4 (full 0):
 PSYoungGen      total 68608K, used 5104K [0x00000000d7000000, 0x00000000db800000, 0x0000000100000000)
  eden space 63488K, 0% used [0x00000000d7000000,0x00000000d7000000,0x00000000dae00000)
  from space 5120K, 99% used [0x00000000db300000,0x00000000db7fc030,0x00000000db800000)
  to   space 5120K, 0% used [0x00000000dae00000,0x00000000dae00000,0x00000000db300000)
 ParOldGen       total 84992K, used 5622K [0x0000000085000000, 0x000000008a300000, 0x00000000d7000000)
  object space 84992K, 6% used [0x0000000085000000,0x000000008557d850,0x000000008a300000)
 Metaspace       used 15433K, capacity 15680K, committed 15872K, reserved 1062912K
  class space    used 1857K, capacity 1944K, committed 2048K, reserved 1048576K
}
Event: 4,148 GC heap before
{Heap before GC invocations=5 (full 0):
 PSYoungGen      total 68608K, used 68074K [0x00000000d7000000, 0x00000000db800000, 0x0000000100000000)
  eden space 63488K, 99% used [0x00000000d7000000,0x00000000dad7e910,0x00000000dae00000)
  from space 5120K, 99% used [0x00000000db300000,0x00000000db7fc030,0x00000000db800000)
  to   space 5120K, 0% used [0x00000000dae00000,0x00000000dae00000,0x00000000db300000)
 ParOldGen       total 84992K, used 5622K [0x0000000085000000, 0x000000008a300000, 0x00000000d7000000)
  object space 84992K, 6% used [0x0000000085000000,0x000000008557d850,0x000000008a300000)
 Metaspace       used 20613K, capacity 21058K, committed 21248K, reserved 1067008K
  class space    used 2549K, capacity 2737K, committed 2816K, reserved 1048576K
Event: 4,176 GC heap after
Heap after GC invocations=5 (full 0):
 PSYoungGen      total 68608K, used 5104K [0x00000000d7000000, 0x00000000e0200000, 0x0000000100000000)
  eden space 63488K, 0% used [0x00000000d7000000,0x00000000d7000000,0x00000000dae00000)
  from space 5120K, 99% used [0x00000000dae00000,0x00000000db2fc030,0x00000000db300000)
  to   space 11264K, 0% used [0x00000000df700000,0x00000000df700000,0x00000000e0200000)
 ParOldGen       total 84992K, used 11767K [0x0000000085000000, 0x000000008a300000, 0x00000000d7000000)
  object space 84992K, 13% used [0x0000000085000000,0x0000000085b7dfd8,0x000000008a300000)
 Metaspace       used 20613K, capacity 21058K, committed 21248K, reserved 1067008K
  class space    used 2549K, capacity 2737K, committed 2816K, reserved 1048576K
}
Event: 4,176 GC heap before
{Heap before GC invocations=6 (full 1):
 PSYoungGen      total 68608K, used 5104K [0x00000000d7000000, 0x00000000e0200000, 0x0000000100000000)
  eden space 63488K, 0% used [0x00000000d7000000,0x00000000d7000000,0x00000000dae00000)
  from space 5120K, 99% used [0x00000000dae00000,0x00000000db2fc030,0x00000000db300000)
  to   space 11264K, 0% used [0x00000000df700000,0x00000000df700000,0x00000000e0200000)
 ParOldGen       total 84992K, used 11767K [0x0000000085000000, 0x000000008a300000, 0x00000000d7000000)
  object space 84992K, 13% used [0x0000000085000000,0x0000000085b7dfd8,0x000000008a300000)
 Metaspace       used 20613K, capacity 21058K, committed 21248K, reserved 1067008K
  class space    used 2549K, capacity 2737K, committed 2816K, reserved 1048576K
Event: 4,275 GC heap after
Heap after GC invocations=6 (full 1):
 PSYoungGen      total 68608K, used 0K [0x00000000d7000000, 0x00000000e0200000, 0x0000000100000000)
  eden space 63488K, 0% used [0x00000000d7000000,0x00000000d7000000,0x00000000dae00000)
  from space 5120K, 0% used [0x00000000dae00000,0x00000000dae00000,0x00000000db300000)
  to   space 11264K, 0% used [0x00000000df700000,0x00000000df700000,0x00000000e0200000)
 ParOldGen       total 68608K, used 12456K [0x0000000085000000, 0x0000000089300000, 0x00000000d7000000)
  object space 68608K, 18% used [0x0000000085000000,0x0000000085c2a1e0,0x0000000089300000)
 Metaspace       used 20613K, capacity 21058K, committed 21248K, reserved 1067008K
  class space    used 2549K, capacity 2737K, committed 2816K, reserved 1048576K
}
Event: 5,186 GC heap before
{Heap before GC invocations=7 (full 1):
 PSYoungGen      total 68608K, used 63488K [0x00000000d7000000, 0x00000000e0200000, 0x0000000100000000)
  eden space 63488K, 100% used [0x00000000d7000000,0x00000000dae00000,0x00000000dae00000)
  from space 5120K, 0% used [0x00000000dae00000,0x00000000dae00000,0x00000000db300000)
  to   space 11264K, 0% used [0x00000000df700000,0x00000000df700000,0x00000000e0200000)
 ParOldGen       total 68608K, used 12456K [0x0000000085000000, 0x0000000089300000, 0x00000000d7000000)
  object space 68608K, 18% used [0x0000000085000000,0x0000000085c2a1e0,0x0000000089300000)
 Metaspace       used 26881K, capacity 27344K, committed 27776K, reserved 1073152K
  class space    used 4735K, capacity 4894K, committed 4992K, reserved 1048576K
Event: 5,200 GC heap after
Heap after GC invocations=7 (full 1):
 PSYoungGen      total 95744K, used 5976K [0x00000000d7000000, 0x00000000dfd00000, 0x0000000100000000)
  eden space 89600K, 0% used [0x00000000d7000000,0x00000000d7000000,0x00000000dc780000)
  from space 6144K, 97% used [0x00000000df700000,0x00000000dfcd62f0,0x00000000dfd00000)
  to   space 11264K, 0% used [0x00000000de700000,0x00000000de700000,0x00000000df200000)
 ParOldGen       total 68608K, used 12464K [0x0000000085000000, 0x0000000089300000, 0x00000000d7000000)
  object space 68608K, 18% used [0x0000000085000000,0x0000000085c2c1e0,0x0000000089300000)
 Metaspace       used 26881K, capacity 27344K, committed 27776K, reserved 1073152K
  class space    used 4735K, capacity 4894K, committed 4992K, reserved 1048576K
}

Deoptimization events (10 events):
Event: 5,756 Thread 0x00007f803890d800 Uncommon trap: reason=class_check action=maybe_recompile pc=0x00007f802975f640 method=java.util.Collections$UnmodifiableMap$UnmodifiableEntrySet$UnmodifiableEntry.getKey()Ljava/lang/Object; @ 4
Event: 5,756 Thread 0x00007f803890d800 Uncommon trap: reason=class_check action=maybe_recompile pc=0x00007f8029776140 method=java.util.Collections$UnmodifiableMap$UnmodifiableEntrySet$UnmodifiableEntry.getValue()Ljava/lang/Object; @ 4
Event: 5,756 Thread 0x00007f803890d800 Uncommon trap: reason=class_check action=maybe_recompile pc=0x00007f802976a60c method=java.util.Collections$UnmodifiableMap$UnmodifiableEntrySet$1.hasNext()Z @ 4
Event: 5,756 Thread 0x00007f803890d800 Uncommon trap: reason=class_check action=maybe_recompile pc=0x00007f802977af0c method=java.util.Collections$UnmodifiableMap$UnmodifiableEntrySet$1.next()Ljava/util/Map$Entry; @ 8
Event: 5,756 Thread 0x00007f803890d800 Uncommon trap: reason=class_check action=maybe_recompile pc=0x00007f8029776140 method=java.util.Collections$UnmodifiableMap$UnmodifiableEntrySet$UnmodifiableEntry.getValue()Ljava/lang/Object; @ 4
Event: 5,756 Thread 0x00007f803890d800 Uncommon trap: reason=class_check action=maybe_recompile pc=0x00007f802976a60c method=java.util.Collections$UnmodifiableMap$UnmodifiableEntrySet$1.hasNext()Z @ 4
Event: 5,756 Thread 0x00007f803890d800 Uncommon trap: reason=class_check action=maybe_recompile pc=0x00007f802977af0c method=java.util.Collections$UnmodifiableMap$UnmodifiableEntrySet$1.next()Ljava/util/Map$Entry; @ 8
Event: 5,756 Thread 0x00007f803890d800 Uncommon trap: reason=class_check action=maybe_recompile pc=0x00007f8029776140 method=java.util.Collections$UnmodifiableMap$UnmodifiableEntrySet$UnmodifiableEntry.getValue()Ljava/lang/Object; @ 4
Event: 5,911 Thread 0x00007f803890d800 Uncommon trap: reason=unstable_if action=reinterpret pc=0x00007f80292d7a04 method=java.nio.Buffer.limit(I)Ljava/nio/Buffer; @ 33
Event: 5,994 Thread 0x00007f803890d800 Uncommon trap: reason=unstable_if action=reinterpret pc=0x00007f8029460b90 method=java.util.HashMap.putVal(ILjava/lang/Object;Ljava/lang/Object;ZZ)Ljava/lang/Object; @ 236

Classes redefined (0 events):
No events

Internal exceptions (10 events):
Event: 5,620 Thread 0x00007f803890d800 Exception <a 'java/lang/NoSuchMethodError': java.lang.Object.lambda$axioms$26(Lorg/semanticweb/owlapi/model/AxiomType;Lorg/semanticweb/owlapi/model/OWLOntology;)Ljava/util/stream/Stream;> (0x00000000d7fa2a30) thrown at [/HUDSON/workspace/8-2-build-linux-a
Event: 5,629 Thread 0x00007f803890d800 Exception <a 'java/lang/IncompatibleClassChangeError': Found class java.lang.Object, but interface was expected> (0x00000000d7fe15a0) thrown at [/HUDSON/workspace/8-2-build-linux-amd64/jdk8u171/10807/hotspot/src/share/vm/interpreter/linkResolver.cpp, line
Event: 5,787 Thread 0x00007f803890d800 Exception <a 'java/lang/NoSuchMethodError': java.lang.Object.lambda$axioms$44(Ljava/lang/Class;Ljava/lang/Class;Lorg/semanticweb/owlapi/model/OWLObject;Lorg/semanticweb/owlapi/model/parameters/Navigation;Lorg/semanticweb/owlapi/model/OWLOntology;)Ljava/ut
Event: 5,789 Thread 0x00007f803890d800 Exception <a 'java/lang/NoSuchMethodError': java.lang.Object.lambda$axioms$43(Ljava/lang/Class;Lorg/semanticweb/owlapi/model/OWLObject;Lorg/semanticweb/owlapi/model/parameters/Navigation;Lorg/semanticweb/owlapi/model/OWLOntology;)Ljava/util/stream/Stream;
Event: 5,795 Thread 0x00007f803890d800 Exception <a 'java/lang/NoSuchMethodError': java.lang.Object.lambda$isDeclared$25(Lorg/semanticweb/owlapi/model/OWLEntity;Lorg/semanticweb/owlapi/model/OWLOntology;)Z> (0x00000000d84f1f88) thrown at [/HUDSON/workspace/8-2-build-linux-amd64/jdk8u171/10807/
Event: 5,894 Thread 0x00007f803890d800 Exception <a 'sun/nio/fs/UnixException'> (0x00000000d8838510) thrown at [/HUDSON/workspace/8-2-build-linux-amd64/jdk8u171/10807/hotspot/src/share/vm/prims/jni.cpp, line 709]
Event: 5,914 Thread 0x00007f803890d800 Exception <a 'sun/nio/fs/UnixException'> (0x00000000d8846dc8) thrown at [/HUDSON/workspace/8-2-build-linux-amd64/jdk8u171/10807/hotspot/src/share/vm/prims/jni.cpp, line 709]
Event: 5,944 Thread 0x00007f803890d800 Exception <a 'sun/nio/fs/UnixException'> (0x00000000d88537c8) thrown at [/HUDSON/workspace/8-2-build-linux-amd64/jdk8u171/10807/hotspot/src/share/vm/prims/jni.cpp, line 709]
Event: 5,960 Thread 0x00007f803890d800 Exception <a 'sun/nio/fs/UnixException'> (0x00000000d885f570) thrown at [/HUDSON/workspace/8-2-build-linux-amd64/jdk8u171/10807/hotspot/src/share/vm/prims/jni.cpp, line 709]
Event: 5,987 Thread 0x00007f803890d800 Exception <a 'sun/nio/fs/UnixException'> (0x00000000d886b240) thrown at [/HUDSON/workspace/8-2-build-linux-amd64/jdk8u171/10807/hotspot/src/share/vm/prims/jni.cpp, line 709]

Events (10 events):
Event: 5,998 loading class karmaresearch/vlog/Term
Event: 5,998 loading class karmaresearch/vlog/Term done
Event: 5,998 loading class org/semanticweb/vlog4j/core/reasoner/implementation/TermToVLogConverter
Event: 5,998 loading class org/semanticweb/vlog4j/core/reasoner/implementation/TermToVLogConverter done
Event: 5,999 loading class karmaresearch/vlog/Term$TermType
Event: 5,999 loading class karmaresearch/vlog/Term$TermType done
Event: 6,000 loading class org/semanticweb/vlog4j/core/reasoner/implementation/ModelToVLogConverter$1
Event: 6,000 loading class org/semanticweb/vlog4j/core/reasoner/implementation/ModelToVLogConverter$1 done
Event: 6,000 loading class karmaresearch/vlog/VLog$RuleRewriteStrategy
Event: 6,000 loading class karmaresearch/vlog/VLog$RuleRewriteStrategy done


Dynamic libraries:
00400000-00401000 r-xp 00000000 08:08 538109                             /usr/lib/jvm/java-8-oracle/bin/java
00600000-00601000 rw-p 00000000 08:08 538109                             /usr/lib/jvm/java-8-oracle/bin/java
0128a000-012ab000 rw-p 00000000 00:00 0                                  [heap]
85000000-89300000 rw-p 00000000 00:00 0 
89300000-d7000000 ---p 00000000 00:00 0 
d7000000-dfd00000 rw-p 00000000 00:00 0 
dfd00000-100000000 ---p 00000000 00:00 0 
100000000-1005c0000 rw-p 00000000 00:00 0 
1005c0000-140000000 ---p 00000000 00:00 0 
7f7fda0bd000-7f7fda0d2000 r-xp 00000000 08:08 1967623                    /tmp/VLog-tmp1684218224768273718/libvlog-java.so (deleted)
7f7fda0d2000-7f7fda2d1000 ---p 00015000 08:08 1967623                    /tmp/VLog-tmp1684218224768273718/libvlog-java.so (deleted)
7f7fda2d1000-7f7fda2d2000 r--p 00014000 08:08 1967623                    /tmp/VLog-tmp1684218224768273718/libvlog-java.so (deleted)
7f7fda2d2000-7f7fda2d3000 rw-p 00015000 08:08 1967623                    /tmp/VLog-tmp1684218224768273718/libvlog-java.so (deleted)
7f7fda2d3000-7f7fda2dc000 r-xp 00000000 08:08 3277019                    /lib/x86_64-linux-gnu/libcrypt-2.23.so
7f7fda2dc000-7f7fda4db000 ---p 00009000 08:08 3277019                    /lib/x86_64-linux-gnu/libcrypt-2.23.so
7f7fda4db000-7f7fda4dc000 r--p 00008000 08:08 3277019                    /lib/x86_64-linux-gnu/libcrypt-2.23.so
7f7fda4dc000-7f7fda4dd000 rw-p 00009000 08:08 3277019                    /lib/x86_64-linux-gnu/libcrypt-2.23.so
7f7fda4dd000-7f7fda50b000 rw-p 00000000 00:00 0 
7f7fda50b000-7f7fda5da000 r-xp 00000000 08:08 7834                       /usr/lib/x86_64-linux-gnu/libsqlite3.so.0.8.6
7f7fda5da000-7f7fda7da000 ---p 000cf000 08:08 7834                       /usr/lib/x86_64-linux-gnu/libsqlite3.so.0.8.6
7f7fda7da000-7f7fda7dd000 r--p 000cf000 08:08 7834                       /usr/lib/x86_64-linux-gnu/libsqlite3.so.0.8.6
7f7fda7dd000-7f7fda7df000 rw-p 000d2000 08:08 7834                       /usr/lib/x86_64-linux-gnu/libsqlite3.so.0.8.6
7f7fda7df000-7f7fda7e0000 rw-p 00000000 00:00 0 
7f7fda7e0000-7f7fda827000 r-xp 00000000 08:08 7350                       /usr/lib/x86_64-linux-gnu/libhx509.so.5.0.0
7f7fda827000-7f7fdaa26000 ---p 00047000 08:08 7350                       /usr/lib/x86_64-linux-gnu/libhx509.so.5.0.0
7f7fdaa26000-7f7fdaa28000 r--p 00046000 08:08 7350                       /usr/lib/x86_64-linux-gnu/libhx509.so.5.0.0
7f7fdaa28000-7f7fdaa2a000 rw-p 00048000 08:08 7350                       /usr/lib/x86_64-linux-gnu/libhx509.so.5.0.0
7f7fdaa2a000-7f7fdaa2b000 rw-p 00000000 00:00 0 
7f7fdaa2b000-7f7fdaa39000 r-xp 00000000 08:08 7332                       /usr/lib/x86_64-linux-gnu/libheimbase.so.1.0.0
7f7fdaa39000-7f7fdac38000 ---p 0000e000 08:08 7332                       /usr/lib/x86_64-linux-gnu/libheimbase.so.1.0.0
7f7fdac38000-7f7fdac39000 r--p 0000d000 08:08 7332                       /usr/lib/x86_64-linux-gnu/libheimbase.so.1.0.0
7f7fdac39000-7f7fdac3a000 rw-p 0000e000 08:08 7332                       /usr/lib/x86_64-linux-gnu/libheimbase.so.1.0.0
7f7fdac3a000-7f7fdac61000 r-xp 00000000 08:08 8007                       /usr/lib/x86_64-linux-gnu/libwind.so.0.0.0
7f7fdac61000-7f7fdae61000 ---p 00027000 08:08 8007                       /usr/lib/x86_64-linux-gnu/libwind.so.0.0.0
7f7fdae61000-7f7fdae62000 r--p 00027000 08:08 8007                       /usr/lib/x86_64-linux-gnu/libwind.so.0.0.0
7f7fdae62000-7f7fdae63000 rw-p 00028000 08:08 8007                       /usr/lib/x86_64-linux-gnu/libwind.so.0.0.0
7f7fdae63000-7f7fdae6a000 r-xp 00000000 08:08 7065                       /usr/lib/x86_64-linux-gnu/libffi.so.6.0.4
7f7fdae6a000-7f7fdb069000 ---p 00007000 08:08 7065                       /usr/lib/x86_64-linux-gnu/libffi.so.6.0.4
7f7fdb069000-7f7fdb06a000 r--p 00006000 08:08 7065                       /usr/lib/x86_64-linux-gnu/libffi.so.6.0.4
7f7fdb06a000-7f7fdb06b000 rw-p 00007000 08:08 7065                       /usr/lib/x86_64-linux-gnu/libffi.so.6.0.4
7f7fdb06b000-7f7fdb080000 r-xp 00000000 08:08 7748                       /usr/lib/x86_64-linux-gnu/libroken.so.18.1.0
7f7fdb080000-7f7fdb27f000 ---p 00015000 08:08 7748                       /usr/lib/x86_64-linux-gnu/libroken.so.18.1.0
7f7fdb27f000-7f7fdb280000 r--p 00014000 08:08 7748                       /usr/lib/x86_64-linux-gnu/libroken.so.18.1.0
7f7fdb280000-7f7fdb281000 rw-p 00015000 08:08 7748                       /usr/lib/x86_64-linux-gnu/libroken.so.18.1.0
7f7fdb281000-7f7fdb2b1000 r-xp 00000000 08:08 7330                       /usr/lib/x86_64-linux-gnu/libhcrypto.so.4.1.0
7f7fdb2b1000-7f7fdb4b1000 ---p 00030000 08:08 7330                       /usr/lib/x86_64-linux-gnu/libhcrypto.so.4.1.0
7f7fdb4b1000-7f7fdb4b2000 r--p 00030000 08:08 7330                       /usr/lib/x86_64-linux-gnu/libhcrypto.so.4.1.0
7f7fdb4b2000-7f7fdb4b3000 rw-p 00031000 08:08 7330                       /usr/lib/x86_64-linux-gnu/libhcrypto.so.4.1.0
7f7fdb4b3000-7f7fdb4b4000 rw-p 00000000 00:00 0 
7f7fdb4b4000-7f7fdb553000 r-xp 00000000 08:08 6767                       /usr/lib/x86_64-linux-gnu/libasn1.so.8.0.0
7f7fdb553000-7f7fdb752000 ---p 0009f000 08:08 6767                       /usr/lib/x86_64-linux-gnu/libasn1.so.8.0.0
7f7fdb752000-7f7fdb753000 r--p 0009e000 08:08 6767                       /usr/lib/x86_64-linux-gnu/libasn1.so.8.0.0
7f7fdb753000-7f7fdb756000 rw-p 0009f000 08:08 6767                       /usr/lib/x86_64-linux-gnu/libasn1.so.8.0.0
7f7fdb756000-7f7fdb7da000 r-xp 00000000 08:08 7437                       /usr/lib/x86_64-linux-gnu/libkrb5.so.26.0.0
7f7fdb7da000-7f7fdb9d9000 ---p 00084000 08:08 7437                       /usr/lib/x86_64-linux-gnu/libkrb5.so.26.0.0
7f7fdb9d9000-7f7fdb9dc000 r--p 00083000 08:08 7437                       /usr/lib/x86_64-linux-gnu/libkrb5.so.26.0.0
7f7fdb9dc000-7f7fdb9df000 rw-p 00086000 08:08 7437                       /usr/lib/x86_64-linux-gnu/libkrb5.so.26.0.0
7f7fdb9df000-7f7fdb9e0000 rw-p 00000000 00:00 0 
7f7fdb9e0000-7f7fdb9e8000 r-xp 00000000 08:08 7334                       /usr/lib/x86_64-linux-gnu/libheimntlm.so.0.1.0
7f7fdb9e8000-7f7fdbbe7000 ---p 00008000 08:08 7334                       /usr/lib/x86_64-linux-gnu/libheimntlm.so.0.1.0
7f7fdbbe7000-7f7fdbbe8000 r--p 00007000 08:08 7334                       /usr/lib/x86_64-linux-gnu/libheimntlm.so.0.1.0
7f7fdbbe8000-7f7fdbbe9000 rw-p 00008000 08:08 7334                       /usr/lib/x86_64-linux-gnu/libheimntlm.so.0.1.0
7f7fdbbe9000-7f7fdbbec000 r-xp 00000000 08:08 3282162                    /lib/x86_64-linux-gnu/libkeyutils.so.1.5
7f7fdbbec000-7f7fdbdeb000 ---p 00003000 08:08 3282162                    /lib/x86_64-linux-gnu/libkeyutils.so.1.5
7f7fdbdeb000-7f7fdbdec000 r--p 00002000 08:08 3282162                    /lib/x86_64-linux-gnu/libkeyutils.so.1.5
7f7fdbdec000-7f7fdbded000 rw-p 00003000 08:08 3282162                    /lib/x86_64-linux-gnu/libkeyutils.so.1.5
7f7fdbded000-7f7fdbdfe000 r-xp 00000000 08:08 2316                       /usr/lib/x86_64-linux-gnu/libtasn1.so.6.5.1
7f7fdbdfe000-7f7fdbffe000 ---p 00011000 08:08 2316                       /usr/lib/x86_64-linux-gnu/libtasn1.so.6.5.1
7f7fdbffe000-7f7fdbfff000 r--p 00011000 08:08 2316                       /usr/lib/x86_64-linux-gnu/libtasn1.so.6.5.1
7f7fdbfff000-7f7fdc000000 rw-p 00012000 08:08 2316                       /usr/lib/x86_64-linux-gnu/libtasn1.so.6.5.1
7f7fdc000000-7f7fdc021000 rw-p 00000000 00:00 0 
7f7fdc021000-7f7fe0000000 ---p 00000000 00:00 0 
7f7fe01c7000-7f7fe0220000 r-xp 00000000 08:08 7624                       /usr/lib/x86_64-linux-gnu/libp11-kit.so.0.1.0
7f7fe0220000-7f7fe041f000 ---p 00059000 08:08 7624                       /usr/lib/x86_64-linux-gnu/libp11-kit.so.0.1.0
7f7fe041f000-7f7fe0429000 r--p 00058000 08:08 7624                       /usr/lib/x86_64-linux-gnu/libp11-kit.so.0.1.0
7f7fe0429000-7f7fe042b000 rw-p 00062000 08:08 7624                       /usr/lib/x86_64-linux-gnu/libp11-kit.so.0.1.0
7f7fe042b000-7f7fe0468000 r-xp 00000000 08:08 7253                       /usr/lib/x86_64-linux-gnu/libgssapi.so.3.0.0
7f7fe0468000-7f7fe0668000 ---p 0003d000 08:08 7253                       /usr/lib/x86_64-linux-gnu/libgssapi.so.3.0.0
7f7fe0668000-7f7fe0669000 r--p 0003d000 08:08 7253                       /usr/lib/x86_64-linux-gnu/libgssapi.so.3.0.0
7f7fe0669000-7f7fe066b000 rw-p 0003e000 08:08 7253                       /usr/lib/x86_64-linux-gnu/libgssapi.so.3.0.0
7f7fe066b000-7f7fe066c000 rw-p 00000000 00:00 0 
7f7fe066c000-7f7fe0685000 r-xp 00000000 08:08 7775                       /usr/lib/x86_64-linux-gnu/libsasl2.so.2.0.25
7f7fe0685000-7f7fe0885000 ---p 00019000 08:08 7775                       /usr/lib/x86_64-linux-gnu/libsasl2.so.2.0.25
7f7fe0885000-7f7fe0886000 r--p 00019000 08:08 7775                       /usr/lib/x86_64-linux-gnu/libsasl2.so.2.0.25
7f7fe0886000-7f7fe0887000 rw-p 0001a000 08:08 7775                       /usr/lib/x86_64-linux-gnu/libsasl2.so.2.0.25
7f7fe0887000-7f7fe089e000 r-xp 00000000 08:08 3277004                    /lib/x86_64-linux-gnu/libresolv-2.23.so
7f7fe089e000-7f7fe0a9e000 ---p 00017000 08:08 3277004                    /lib/x86_64-linux-gnu/libresolv-2.23.so
7f7fe0a9e000-7f7fe0a9f000 r--p 00017000 08:08 3277004                    /lib/x86_64-linux-gnu/libresolv-2.23.so
7f7fe0a9f000-7f7fe0aa0000 rw-p 00018000 08:08 3277004                    /lib/x86_64-linux-gnu/libresolv-2.23.so
7f7fe0aa0000-7f7fe0aa2000 rw-p 00000000 00:00 0 
7f7fe0aa2000-7f7fe0aac000 r-xp 00000000 08:08 7441                       /usr/lib/x86_64-linux-gnu/libkrb5support.so.0.1
7f7fe0aac000-7f7fe0cab000 ---p 0000a000 08:08 7441                       /usr/lib/x86_64-linux-gnu/libkrb5support.so.0.1
7f7fe0cab000-7f7fe0cac000 r--p 00009000 08:08 7441                       /usr/lib/x86_64-linux-gnu/libkrb5support.so.0.1
7f7fe0cac000-7f7fe0cad000 rw-p 0000a000 08:08 7441                       /usr/lib/x86_64-linux-gnu/libkrb5support.so.0.1
7f7fe0cad000-7f7fe0cb0000 r-xp 00000000 08:08 3282110                    /lib/x86_64-linux-gnu/libcom_err.so.2.1
7f7fe0cb0000-7f7fe0eaf000 ---p 00003000 08:08 3282110                    /lib/x86_64-linux-gnu/libcom_err.so.2.1
7f7fe0eaf000-7f7fe0eb0000 r--p 00002000 08:08 3282110                    /lib/x86_64-linux-gnu/libcom_err.so.2.1
7f7fe0eb0000-7f7fe0eb1000 rw-p 00003000 08:08 3282110                    /lib/x86_64-linux-gnu/libcom_err.so.2.1
7f7fe0eb1000-7f7fe0edd000 r-xp 00000000 08:08 7431                       /usr/lib/x86_64-linux-gnu/libk5crypto.so.3.1
7f7fe0edd000-7f7fe10dc000 ---p 0002c000 08:08 7431                       /usr/lib/x86_64-linux-gnu/libk5crypto.so.3.1
7f7fe10dc000-7f7fe10de000 r--p 0002b000 08:08 7431                       /usr/lib/x86_64-linux-gnu/libk5crypto.so.3.1
7f7fe10de000-7f7fe10df000 rw-p 0002d000 08:08 7431                       /usr/lib/x86_64-linux-gnu/libk5crypto.so.3.1
7f7fe10df000-7f7fe10e0000 rw-p 00000000 00:00 0 
7f7fe10e0000-7f7fe11a3000 r-xp 00000000 08:08 7439                       /usr/lib/x86_64-linux-gnu/libkrb5.so.3.3
7f7fe11a3000-7f7fe13a3000 ---p 000c3000 08:08 7439                       /usr/lib/x86_64-linux-gnu/libkrb5.so.3.3
7f7fe13a3000-7f7fe13b0000 r--p 000c3000 08:08 7439                       /usr/lib/x86_64-linux-gnu/libkrb5.so.3.3
7f7fe13b0000-7f7fe13b2000 rw-p 000d0000 08:08 7439                       /usr/lib/x86_64-linux-gnu/libkrb5.so.3.3
7f7fe13b2000-7f7fe1431000 r-xp 00000000 08:08 7198                       /usr/lib/x86_64-linux-gnu/libgmp.so.10.3.0
7f7fe1431000-7f7fe1630000 ---p 0007f000 08:08 7198                       /usr/lib/x86_64-linux-gnu/libgmp.so.10.3.0
7f7fe1630000-7f7fe1631000 r--p 0007e000 08:08 7198                       /usr/lib/x86_64-linux-gnu/libgmp.so.10.3.0
7f7fe1631000-7f7fe1632000 rw-p 0007f000 08:08 7198                       /usr/lib/x86_64-linux-gnu/libgmp.so.10.3.0
7f7fe1632000-7f7fe1666000 r-xp 00000000 08:08 7561                       /usr/lib/x86_64-linux-gnu/libnettle.so.6.2
7f7fe1666000-7f7fe1865000 ---p 00034000 08:08 7561                       /usr/lib/x86_64-linux-gnu/libnettle.so.6.2
7f7fe1865000-7f7fe1867000 r--p 00033000 08:08 7561                       /usr/lib/x86_64-linux-gnu/libnettle.so.6.2
7f7fe1867000-7f7fe1868000 rw-p 00035000 08:08 7561                       /usr/lib/x86_64-linux-gnu/libnettle.so.6.2
7f7fe1868000-7f7fe189a000 r-xp 00000000 08:08 7336                       /usr/lib/x86_64-linux-gnu/libhogweed.so.4.2
7f7fe189a000-7f7fe1a99000 ---p 00032000 08:08 7336                       /usr/lib/x86_64-linux-gnu/libhogweed.so.4.2
7f7fe1a99000-7f7fe1a9a000 r--p 00031000 08:08 7336                       /usr/lib/x86_64-linux-gnu/libhogweed.so.4.2
7f7fe1a9a000-7f7fe1a9b000 rw-p 00032000 08:08 7336                       /usr/lib/x86_64-linux-gnu/libhogweed.so.4.2
7f7fe1a9b000-7f7fe1bbe000 r-xp 00000000 08:08 926                        /usr/lib/x86_64-linux-gnu/libgnutls.so.30.6.2
7f7fe1bbe000-7f7fe1dbd000 ---p 00123000 08:08 926                        /usr/lib/x86_64-linux-gnu/libgnutls.so.30.6.2
7f7fe1dbd000-7f7fe1dc8000 r--p 00122000 08:08 926                        /usr/lib/x86_64-linux-gnu/libgnutls.so.30.6.2
7f7fe1dc8000-7f7fe1dca000 rw-p 0012d000 08:08 926                        /usr/lib/x86_64-linux-gnu/libgnutls.so.30.6.2
7f7fe1dca000-7f7fe1dcb000 rw-p 00000000 00:00 0 
7f7fe1dcb000-7f7fe1e18000 r-xp 00000000 08:08 2039                       /usr/lib/x86_64-linux-gnu/libldap_r-2.4.so.2.10.5
7f7fe1e18000-7f7fe2017000 ---p 0004d000 08:08 2039                       /usr/lib/x86_64-linux-gnu/libldap_r-2.4.so.2.10.5
7f7fe2017000-7f7fe2019000 r--p 0004c000 08:08 2039                       /usr/lib/x86_64-linux-gnu/libldap_r-2.4.so.2.10.5
7f7fe2019000-7f7fe201a000 rw-p 0004e000 08:08 2039                       /usr/lib/x86_64-linux-gnu/libldap_r-2.4.so.2.10.5
7f7fe201a000-7f7fe201c000 rw-p 00000000 00:00 0 
7f7fe201c000-7f7fe2029000 r-xp 00000000 08:08 2276                       /usr/lib/x86_64-linux-gnu/liblber-2.4.so.2.10.5
7f7fe2029000-7f7fe2229000 ---p 0000d000 08:08 2276                       /usr/lib/x86_64-linux-gnu/liblber-2.4.so.2.10.5
7f7fe2229000-7f7fe222a000 r--p 0000d000 08:08 2276                       /usr/lib/x86_64-linux-gnu/liblber-2.4.so.2.10.5
7f7fe222a000-7f7fe222b000 rw-p 0000e000 08:08 2276                       /usr/lib/x86_64-linux-gnu/liblber-2.4.so.2.10.5
7f7fe222b000-7f7fe2272000 r-xp 00000000 08:08 7255                       /usr/lib/x86_64-linux-gnu/libgssapi_krb5.so.2.2
7f7fe2272000-7f7fe2471000 ---p 00047000 08:08 7255                       /usr/lib/x86_64-linux-gnu/libgssapi_krb5.so.2.2
7f7fe2471000-7f7fe2473000 r--p 00046000 08:08 7255                       /usr/lib/x86_64-linux-gnu/libgssapi_krb5.so.2.2
7f7fe2473000-7f7fe2475000 rw-p 00048000 08:08 7255                       /usr/lib/x86_64-linux-gnu/libgssapi_krb5.so.2.2
7f7fe2475000-7f7fe268f000 r-xp 00000000 08:08 3282140                    /lib/x86_64-linux-gnu/libcrypto.so.1.0.0
7f7fe268f000-7f7fe288e000 ---p 0021a000 08:08 3282140                    /lib/x86_64-linux-gnu/libcrypto.so.1.0.0
7f7fe288e000-7f7fe28aa000 r--p 00219000 08:08 3282140                    /lib/x86_64-linux-gnu/libcrypto.so.1.0.0
7f7fe28aa000-7f7fe28b6000 rw-p 00235000 08:08 3282140                    /lib/x86_64-linux-gnu/libcrypto.so.1.0.0
7f7fe28b6000-7f7fe28b9000 rw-p 00000000 00:00 0 
7f7fe28b9000-7f7fe2917000 r-xp 00000000 08:08 3287646                    /lib/x86_64-linux-gnu/libssl.so.1.0.0
7f7fe2917000-7f7fe2b17000 ---p 0005e000 08:08 3287646                    /lib/x86_64-linux-gnu/libssl.so.1.0.0
7f7fe2b17000-7f7fe2b1b000 r--p 0005e000 08:08 3287646                    /lib/x86_64-linux-gnu/libssl.so.1.0.0
7f7fe2b1b000-7f7fe2b22000 rw-p 00062000 08:08 3287646                    /lib/x86_64-linux-gnu/libssl.so.1.0.0
7f7fe2b22000-7f7fe2b3d000 r-xp 00000000 08:08 7756                       /usr/lib/x86_64-linux-gnu/librtmp.so.1
7f7fe2b3d000-7f7fe2d3c000 ---p 0001b000 08:08 7756                       /usr/lib/x86_64-linux-gnu/librtmp.so.1
7f7fe2d3c000-7f7fe2d3d000 r--p 0001a000 08:08 7756                       /usr/lib/x86_64-linux-gnu/librtmp.so.1
7f7fe2d3d000-7f7fe2d3e000 rw-p 0001b000 08:08 7756                       /usr/lib/x86_64-linux-gnu/librtmp.so.1
7f7fe2d3e000-7f7fe2d6f000 r-xp 00000000 08:08 307                        /usr/lib/x86_64-linux-gnu/libidn.so.11.6.15
7f7fe2d6f000-7f7fe2f6f000 ---p 00031000 08:08 307                        /usr/lib/x86_64-linux-gnu/libidn.so.11.6.15
7f7fe2f6f000-7f7fe2f70000 r--p 00031000 08:08 307                        /usr/lib/x86_64-linux-gnu/libidn.so.11.6.15
7f7fe2f70000-7f7fe2f71000 rw-p 00032000 08:08 307                        /usr/lib/x86_64-linux-gnu/libidn.so.11.6.15
7f7fe2f71000-7f7fe2fdc000 r-xp 00000000 08:08 300                        /usr/lib/x86_64-linux-gnu/libcurl.so.4.4.0
7f7fe2fdc000-7f7fe31dc000 ---p 0006b000 08:08 300                        /usr/lib/x86_64-linux-gnu/libcurl.so.4.4.0
7f7fe31dc000-7f7fe31df000 r--p 0006b000 08:08 300                        /usr/lib/x86_64-linux-gnu/libcurl.so.4.4.0
7f7fe31df000-7f7fe31e0000 rw-p 0006e000 08:08 300                        /usr/lib/x86_64-linux-gnu/libcurl.so.4.4.0
7f7fe31e0000-7f7fe337b000 r-xp 00000000 08:08 1967621                    /tmp/VLog-tmp3871290377553557483/libvlog-core.so (deleted)
7f7fe337b000-7f7fe357a000 ---p 0019b000 08:08 1967621                    /tmp/VLog-tmp3871290377553557483/libvlog-core.so (deleted)
7f7fe357a000-7f7fe357f000 r--p 0019a000 08:08 1967621                    /tmp/VLog-tmp3871290377553557483/libvlog-core.so (deleted)
7f7fe357f000-7f7fe3582000 rw-p 0019f000 08:08 1967621                    /tmp/VLog-tmp3871290377553557483/libvlog-core.so (deleted)
7f7fe3582000-7f7fe368d000 r-xp 00000000 08:08 1967619                    /tmp/VLog-tmp4536983352273098217/libtrident-sparql.so (deleted)
7f7fe368d000-7f7fe388c000 ---p 0010b000 08:08 1967619                    /tmp/VLog-tmp4536983352273098217/libtrident-sparql.so (deleted)
7f7fe388c000-7f7fe3890000 r--p 0010a000 08:08 1967619                    /tmp/VLog-tmp4536983352273098217/libtrident-sparql.so (deleted)
7f7fe3890000-7f7fe3892000 rw-p 0010e000 08:08 1967619                    /tmp/VLog-tmp4536983352273098217/libtrident-sparql.so (deleted)
7f7fe3892000-7f7fe3a74000 r-xp 00000000 08:08 1967617                    /tmp/VLog-tmp1978604624337854709/libtrident-core.so (deleted)
7f7fe3a74000-7f7fe3c73000 ---p 001e2000 08:08 1967617                    /tmp/VLog-tmp1978604624337854709/libtrident-core.so (deleted)
7f7fe3c73000-7f7fe3c7b000 r--p 001e1000 08:08 1967617                    /tmp/VLog-tmp1978604624337854709/libtrident-core.so (deleted)
7f7fe3c7b000-7f7fe3c7d000 rw-p 001e9000 08:08 1967617                    /tmp/VLog-tmp1978604624337854709/libtrident-core.so (deleted)
7f7fe3c7d000-7f7fe3c7e000 rw-p 00000000 00:00 0 
7f7fe3c7e000-7f7fe3df0000 r-xp 00000000 08:08 302                        /usr/lib/x86_64-linux-gnu/libstdc++.so.6.0.21
7f7fe3df0000-7f7fe3ff0000 ---p 00172000 08:08 302                        /usr/lib/x86_64-linux-gnu/libstdc++.so.6.0.21
7f7fe3ff0000-7f7fe3ffa000 r--p 00172000 08:08 302                        /usr/lib/x86_64-linux-gnu/libstdc++.so.6.0.21
7f7fe3ffa000-7f7fe3ffc000 rw-p 0017c000 08:08 302                        /usr/lib/x86_64-linux-gnu/libstdc++.so.6.0.21
7f7fe3ffc000-7f7fe4000000 rw-p 00000000 00:00 0 
7f7fe4000000-7f7fe5341000 rw-p 00000000 00:00 0 
7f7fe5341000-7f7fe8000000 ---p 00000000 00:00 0 
7f7fe80bd000-7f7fe80d3000 r-xp 00000000 08:08 3282139                    /lib/x86_64-linux-gnu/libgcc_s.so.1
7f7fe80d3000-7f7fe82d2000 ---p 00016000 08:08 3282139                    /lib/x86_64-linux-gnu/libgcc_s.so.1
7f7fe82d2000-7f7fe82d3000 rw-p 00015000 08:08 3282139                    /lib/x86_64-linux-gnu/libgcc_s.so.1
7f7fe82d3000-7f7fe82ec000 r-xp 00000000 08:08 3282292                    /lib/x86_64-linux-gnu/libz.so.1.2.8
7f7fe82ec000-7f7fe84eb000 ---p 00019000 08:08 3282292                    /lib/x86_64-linux-gnu/libz.so.1.2.8
7f7fe84eb000-7f7fe84ec000 r--p 00018000 08:08 3282292                    /lib/x86_64-linux-gnu/libz.so.1.2.8
7f7fe84ec000-7f7fe84ed000 rw-p 00019000 08:08 3282292                    /lib/x86_64-linux-gnu/libz.so.1.2.8
7f7fe84ed000-7f7fe85f5000 r-xp 00000000 08:08 1967615                    /tmp/VLog-tmp3964462620125761117/libkognac-core.so (deleted)
7f7fe85f5000-7f7fe87f4000 ---p 00108000 08:08 1967615                    /tmp/VLog-tmp3964462620125761117/libkognac-core.so (deleted)
7f7fe87f4000-7f7fe87f7000 r--p 00107000 08:08 1967615                    /tmp/VLog-tmp3964462620125761117/libkognac-core.so (deleted)
7f7fe87f7000-7f7fe87f9000 rw-p 0010a000 08:08 1967615                    /tmp/VLog-tmp3964462620125761117/libkognac-core.so (deleted)
7f7fe87f9000-7f7fe88b9000 rw-p 00000000 00:00 0 
7f7fe88b9000-7f7fe89f9000 ---p 00000000 00:00 0 
7f7fe89f9000-7f7fe8bf9000 rw-p 00000000 00:00 0 
7f7fe8bf9000-7f7fe8df9000 rw-p 00000000 00:00 0 
7f7fe8dff000-7f7fe8fff000 rw-p 00000000 00:00 0 
7f7fe8fff000-7f7fec000000 rw-p 00000000 00:00 0 
7f7fec000000-7f7fec021000 rw-p 00000000 00:00 0 
7f7fec021000-7f7ff0000000 ---p 00000000 00:00 0 
7f7ff0000000-7f7ff0021000 rw-p 00000000 00:00 0 
7f7ff0021000-7f7ff4000000 ---p 00000000 00:00 0 
7f7ff4000000-7f7ff578a000 rw-p 00000000 00:00 0 
7f7ff578a000-7f7ff8000000 ---p 00000000 00:00 0 
7f7ff8000000-7f7ff88bd000 rw-p 00000000 00:00 0 
7f7ff88bd000-7f7ffc000000 ---p 00000000 00:00 0 
7f7ffc000000-7f7ffc021000 rw-p 00000000 00:00 0 
7f7ffc021000-7f8000000000 ---p 00000000 00:00 0 
7f8000000000-7f80016b1000 rw-p 00000000 00:00 0 
7f80016b1000-7f8004000000 ---p 00000000 00:00 0 
7f8004000000-7f8004021000 rw-p 00000000 00:00 0 
7f8004021000-7f8008000000 ---p 00000000 00:00 0 
7f8008000000-7f8008021000 rw-p 00000000 00:00 0 
7f8008021000-7f800c000000 ---p 00000000 00:00 0 
7f800c000000-7f800c05b000 rw-p 00000000 00:00 0 
7f800c05b000-7f8010000000 ---p 00000000 00:00 0 
7f80101e8000-7f80103e8000 rw-p 00000000 00:00 0 
7f80103e8000-7f80105e8000 rw-p 00000000 00:00 0 
7f80106aa000-7f80106ad000 ---p 00000000 00:00 0 
7f80106ad000-7f80107ab000 rw-p 00000000 00:00 0 
7f80107ab000-7f80107ad000 r--s 00009000 08:09 2232775                    /home/raj/.m2/repository/org/hamcrest/hamcrest-core/1.3/hamcrest-core-1.3.jar
7f80107ad000-7f80107b5000 r--s 00045000 08:09 1971326                    /home/raj/.m2/repository/junit/junit/4.12/junit-4.12.jar
7f80107b5000-7f80107b9000 r--s 0002a000 08:09 2229656                    /home/raj/.m2/repository/commons-io/commons-io/2.4/commons-io-2.4.jar
7f80107b9000-7f80107bb000 r--s 00006000 08:09 2229659                    /home/raj/.m2/repository/com/google/code/findbugs/jsr305/2.0.1/jsr305-2.0.1.jar
7f80107bb000-7f80107bd000 r--s 00012000 08:09 2229658                    /home/raj/.m2/repository/com/google/inject/extensions/guice-multibindings/4.0/guice-multibindings-4.0.jar
7f80107bd000-7f80107bf000 r--s 00009000 08:09 2229657                    /home/raj/.m2/repository/com/google/inject/extensions/guice-assistedinject/4.0/guice-assistedinject-4.0.jar
7f80107bf000-7f80107c1000 r--s 00000000 08:09 2229653                    /home/raj/.m2/repository/aopalliance/aopalliance/1.0/aopalliance-1.0.jar
7f80107c1000-7f80107c2000 r--s 00000000 08:09 2229651                    /home/raj/.m2/repository/javax/inject/javax.inject/1/javax.inject-1.jar
7f80107c2000-7f80107d0000 r--s 00096000 08:09 2229649                    /home/raj/.m2/repository/com/google/inject/guice/4.0/guice-4.0.jar
7f80107d0000-7f80107fc000 r--s 00208000 08:09 2229648                    /home/raj/.m2/repository/com/google/guava/guava/19.0/guava-19.0.jar
7f80107fc000-7f801081c000 r--s 00129000 08:09 2229646                    /home/raj/.m2/repository/com/github/ben-manes/caffeine/caffeine/2.1.0/caffeine-2.1.0.jar
7f801081c000-7f8010844000 r--s 00241000 08:09 2229641                    /home/raj/.m2/repository/net/sf/trove4j/trove4j/3.0.3/trove4j-3.0.3.jar
7f8010844000-7f8010846000 r--s 00005000 08:09 2229546                    /home/raj/.m2/repository/org/semarglproject/semargl-rdf/0.6.1/semargl-rdf-0.6.1.jar
7f8010846000-7f8010847000 r--s 00008000 08:09 2229643                    /home/raj/.m2/repository/org/semarglproject/semargl-rdfa/0.6.1/semargl-rdfa-0.6.1.jar
7f8010847000-7f8010849000 r--s 00004000 08:09 2229638                    /home/raj/.m2/repository/org/semarglproject/semargl-core/0.6.1/semargl-core-0.6.1.jar
7f8010849000-7f801084a000 r--s 00002000 08:09 2229636                    /home/raj/.m2/repository/org/semarglproject/semargl-sesame/0.6.1/semargl-sesame-0.6.1.jar
7f801084a000-7f801084c000 r--s 00003000 08:09 2229633                    /home/raj/.m2/repository/org/slf4j/jcl-over-slf4j/1.7.13/jcl-over-slf4j-1.7.13.jar
7f801084c000-7f8010853000 r--s 00050000 08:09 2229632                    /home/raj/.m2/repository/org/apache/httpcomponents/httpcore-nio/4.4.4/httpcore-nio-4.4.4.jar
7f8010853000-7f801085a000 r--s 00049000 08:09 2229630                    /home/raj/.m2/repository/org/apache/httpcomponents/httpcore/4.4.4/httpcore-4.4.4.jar
7f801085a000-7f8010868000 r--s 0009a000 08:09 2229627                    /home/raj/.m2/repository/org/apache/httpcomponents/httpcore-osgi/4.4.4/httpcore-osgi-4.4.4.jar
7f8010868000-7f8010869000 r--s 00007000 08:09 2229626                    /home/raj/.m2/repository/org/apache/httpcomponents/fluent-hc/4.5.1/fluent-hc-4.5.1.jar
7f8010869000-7f801086c000 r--s 00024000 08:09 2229624                    /home/raj/.m2/repository/org/apache/httpcomponents/httpclient-cache/4.5.1/httpclient-cache-4.5.1.jar
7f801086c000-7f801086d000 r--s 00009000 08:09 2229621                    /home/raj/.m2/repository/org/apache/httpcomponents/httpmime/4.5.1/httpmime-4.5.1.jar
7f801086d000-7f8010874000 r--s 0003a000 08:09 2229620                    /home/raj/.m2/repository/commons-codec/commons-codec/1.9/commons-codec-1.9.jar
7f8010874000-7f8010881000 r--s 000a6000 08:09 2229618                    /home/raj/.m2/repository/org/apache/httpcomponents/httpclient/4.5.1/httpclient-4.5.1.jar
7f8010881000-7f8010898000 r--s 0011b000 08:09 2229617                    /home/raj/.m2/repository/org/apache/httpcomponents/httpclient-osgi/4.5.1/httpclient-osgi-4.5.1.jar
7f8010898000-7f801089a000 r--s 0001c000 08:09 2229613                    /home/raj/.m2/repository/com/github/jsonld-java/jsonld-java/0.8.0/jsonld-java-0.8.0.jar
7f801089a000-7f801089b000 r--s 00001000 08:09 2229611                    /home/raj/.m2/repository/org/openrdf/sesame/sesame-rio-trig/4.0.2/sesame-rio-trig-4.0.2.jar
7f801089b000-7f801089c000 r--s 00005000 08:09 2229548                    /home/raj/.m2/repository/org/openrdf/sesame/sesame-rio-turtle/4.0.2/sesame-rio-turtle-4.0.2.jar
7f801089c000-7f801089d000 r--s 00002000 08:09 2229607                    /home/raj/.m2/repository/org/openrdf/sesame/sesame-rio-trix/4.0.2/sesame-rio-trix-4.0.2.jar
7f801089d000-7f801089f000 r--s 00008000 08:09 2229605                    /home/raj/.m2/repository/org/openrdf/sesame/sesame-rio-rdfxml/4.0.2/sesame-rio-rdfxml-4.0.2.jar
7f801089f000-7f80108a1000 r--s 00002000 08:09 2229604                    /home/raj/.m2/repository/org/openrdf/sesame/sesame-rio-rdfjson/4.0.2/sesame-rio-rdfjson-4.0.2.jar
7f80108a1000-7f80108a3000 r--s 00003000 08:09 2229601                    /home/raj/.m2/repository/org/openrdf/sesame/sesame-rio-ntriples/4.0.2/sesame-rio-ntriples-4.0.2.jar
7f80108a3000-7f80108a4000 r--s 00001000 08:09 2229598                    /home/raj/.m2/repository/org/openrdf/sesame/sesame-rio-nquads/4.0.2/sesame-rio-nquads-4.0.2.jar
7f80108a4000-7f80108a6000 r--s 00000000 08:09 2229599                    /home/raj/.m2/repository/org/openrdf/sesame/sesame-rio-n3/4.0.2/sesame-rio-n3-4.0.2.jar
7f80108a6000-7f80108a7000 r--s 00002000 08:09 2229595                    /home/raj/.m2/repository/org/openrdf/sesame/sesame-rio-binary/4.0.2/sesame-rio-binary-4.0.2.jar
7f80108a7000-7f80108a9000 r--s 00001000 08:09 2229594                    /home/raj/.m2/repository/org/openrdf/sesame/sesame-rio-datatypes/4.0.2/sesame-rio-datatypes-4.0.2.jar
7f80108a9000-7f80108aa000 r--s 00000000 08:09 2229591                    /home/raj/.m2/repository/org/openrdf/sesame/sesame-rio-languages/4.0.2/sesame-rio-languages-4.0.2.jar
7f80108aa000-7f80108ad000 r--s 0000d000 08:09 2229590                    /home/raj/.m2/repository/org/openrdf/sesame/sesame-rio-api/4.0.2/sesame-rio-api-4.0.2.jar
7f80108ad000-7f80108af000 r--s 00014000 08:09 2229587                    /home/raj/.m2/repository/org/openrdf/sesame/sesame-util/4.0.2/sesame-util-4.0.2.jar
7f80108af000-7f80108b3000 r--s 00029000 08:09 2229585                    /home/raj/.m2/repository/org/openrdf/sesame/sesame-model/4.0.2/sesame-model-4.0.2.jar
7f80108b3000-7f80108b7000 r--s 00015000 08:09 2229583                    /home/raj/.m2/repository/org/tukaani/xz/1.5/xz-1.5.jar
7f80108b7000-7f80108b8000 r--s 00002000 08:09 2229544                    /home/raj/.m2/repository/org/apache/commons/commons-rdf-api/0.1.0-incubating/commons-rdf-api-0.1.0-incubating.jar
7f80108b8000-7f80108ba000 r--s 00002000 08:09 2229579                    /home/raj/.m2/repository/org/openrdf/sesame/sesame-rio-jsonld/4.0.2/sesame-rio-jsonld-4.0.2.jar
7f80108ba000-7f80108be000 r--s 0000c000 08:09 2229578                    /home/raj/.m2/repository/net/sourceforge/owlapi/owlapi-rio/5.0.0/owlapi-rio-5.0.0.jar
7f80108be000-7f80108c2000 r--s 00015000 08:09 2229575                    /home/raj/.m2/repository/net/sourceforge/owlapi/owlapi-fixers/5.0.0/owlapi-fixers-5.0.0.jar
7f80108c2000-7f80108c8000 r--s 00039000 08:09 2229573                    /home/raj/.m2/repository/net/sourceforge/owlapi/owlapi-tools/5.0.0/owlapi-tools-5.0.0.jar
7f80108c8000-7f80108cc000 r--s 0002b000 08:09 2229571                    /home/raj/.m2/repository/net/sourceforge/owlapi/owlapi-oboformat/5.0.0/owlapi-oboformat-5.0.0.jar
7f80108cc000-7f80108e0000 r--s 000e4000 08:09 2229569                    /home/raj/.m2/repository/net/sourceforge/owlapi/owlapi-parsers/5.0.0/owlapi-parsers-5.0.0.jar
7f80108e0000-7f80108e7000 r--s 0004b000 08:09 2229568                    /home/raj/.m2/repository/net/sourceforge/owlapi/owlapi-impl/5.0.0/owlapi-impl-5.0.0.jar
7f80108e7000-7f80108fe000 r--s 000ce000 08:09 2229565                    /home/raj/.m2/repository/net/sourceforge/owlapi/owlapi-api/5.0.0/owlapi-api-5.0.0.jar
7f80108fe000-7f80108ff000 r--s 00002000 08:09 2229563                    /home/raj/.m2/repository/net/sourceforge/owlapi/owlapi-apibinding/5.0.0/owlapi-apibinding-5.0.0.jar
7f80108ff000-7f8010904000 r--s 00019000 08:09 2229561                    /home/raj/.m2/repository/net/sourceforge/owlapi/owlapi-compatibility/5.0.0/owlapi-compatibility-5.0.0.jar
7f8010904000-7f8010907000 r--s 00009000 08:09 2229559                    /home/raj/.m2/repository/com/fasterxml/jackson/core/jackson-annotations/2.6.3/jackson-annotations-2.6.3.jar
7f8010907000-7f8010918000 r--s 0010d000 08:09 2229558                    /home/raj/.m2/repository/com/fasterxml/jackson/core/jackson-databind/2.6.3/jackson-databind-2.6.3.jar
7f8010918000-7f801091c000 r--s 0003c000 08:09 2229556                    /home/raj/.m2/repository/com/fasterxml/jackson/core/jackson-core/2.6.3/jackson-core-2.6.3.jar
7f801091c000-7f8010959000 r--s 002ac000 08:09 2229553                    /home/raj/.m2/repository/net/sourceforge/owlapi/owlapi-distribution/5.0.0/owlapi-distribution-5.0.0.jar
7f8010959000-7f801095b000 r--s 00009000 08:09 2229552                    /home/raj/.m2/repository/org/apache/commons/commons-csv/1.5/commons-csv-1.5.jar
7f801095b000-7f8010963000 r--s 00072000 08:09 2229549                    /home/raj/.m2/repository/org/apache/commons/commons-lang3/3.7/commons-lang3-3.7.jar
7f8010963000-7f8010965000 r--s 00005000 08:09 2229545                    /home/raj/.m2/repository/org/eclipse/jdt/org.eclipse.jdt.annotation/2.1.100/org.eclipse.jdt.annotation-2.1.100.jar
7f8010965000-7f8010967000 r--s 005c7000 08:09 2229543                    /home/raj/.m2/repository/org/semanticweb/vlog4j/vlog4j-base/1.0.1/vlog4j-base-1.0.1.jar
7f8010967000-7f8010969000 r--s 0000b000 08:09 2229541                    /home/raj/.m2/repository/org/semanticweb/vlog4j/vlog4j-core/0.1.0/vlog4j-core-0.1.0.jar
7f8010969000-7f801096c000 ---p 00000000 00:00 0 
7f801096c000-7f8010c6a000 rw-p 00000000 00:00 0 
7f8010c6a000-7f8010c7b000 r-xp 00000000 08:08 538231                     /usr/lib/jvm/java-8-oracle/jre/lib/amd64/libnio.so
7f8010c7b000-7f8010e7a000 ---p 00011000 08:08 538231                     /usr/lib/jvm/java-8-oracle/jre/lib/amd64/libnio.so
7f8010e7a000-7f8010e7b000 rw-p 00010000 08:08 538231                     /usr/lib/jvm/java-8-oracle/jre/lib/amd64/libnio.so
7f8010e7b000-7f8010e91000 r-xp 00000000 08:08 538228                     /usr/lib/jvm/java-8-oracle/jre/lib/amd64/libnet.so
7f8010e91000-7f8011091000 ---p 00016000 08:08 538228                     /usr/lib/jvm/java-8-oracle/jre/lib/amd64/libnet.so
7f8011091000-7f8011092000 rw-p 00016000 08:08 538228                     /usr/lib/jvm/java-8-oracle/jre/lib/amd64/libnet.so
7f8011092000-7f8011292000 rw-p 00000000 00:00 0 
7f8011292000-7f8011492000 rw-p 00000000 00:00 0 
7f8011492000-7f8011692000 rw-p 00000000 00:00 0 
7f8011692000-7f8011694000 r-xp 00000000 08:08 3277007                    /lib/x86_64-linux-gnu/libutil-2.23.so
7f8011694000-7f8011893000 ---p 00002000 08:08 3277007                    /lib/x86_64-linux-gnu/libutil-2.23.so
7f8011893000-7f8011894000 r--p 00001000 08:08 3277007                    /lib/x86_64-linux-gnu/libutil-2.23.so
7f8011894000-7f8011895000 rw-p 00002000 08:08 3277007                    /lib/x86_64-linux-gnu/libutil-2.23.so
7f8011895000-7f8011896000 r--s 00007000 08:09 2229547                    /home/raj/.m2/repository/org/slf4j/slf4j-api/1.7.10/slf4j-api-1.7.10.jar
7f8011896000-7f8011898000 r--s 0000b000 08:09 2228868                    /home/raj/.m2/repository/org/apache/commons/commons-exec/1.1/commons-exec-1.1.jar
7f8011898000-7f801189c000 r--s 00033000 08:09 2228863                    /home/raj/.m2/repository/org/codehaus/plexus/plexus-utils/2.0.5/plexus-utils-2.0.5.jar
7f801189c000-7f801189e000 r--s 00002000 08:09 2100580                    /home/raj/.m2/repository/org/codehaus/plexus/plexus-interactivity-api/1.0-alpha-4/plexus-interactivity-api-1.0-alpha-4.jar
7f801189e000-7f80118a0000 r--s 00006000 08:09 2100579                    /home/raj/.m2/repository/commons-cli/commons-cli/1.0/commons-cli-1.0.jar
7f80118a0000-7f80118a1000 r--s 00001000 08:09 2100739                    /home/raj/.m2/repository/org/apache/maven/doxia/doxia-sink-api/1.0-alpha-7/doxia-sink-api-1.0-alpha-7.jar
7f80118a1000-7f80118a2000 r--s 00002000 08:09 2100737                    /home/raj/.m2/repository/org/apache/maven/reporting/maven-reporting-api/2.0.6/maven-reporting-api-2.0.6.jar
7f80118a2000-7f80118a4000 r--s 00008000 08:09 1971746                    /home/raj/.m2/repository/org/codehaus/mojo/exec-maven-plugin/1.2.1/exec-maven-plugin-1.2.1.jar
7f80118a4000-7f80118a9000 r--s 0009d000 08:08 538173                     /usr/lib/jvm/java-8-oracle/jre/lib/jsse.jar
7f80118a9000-7f80118ad000 r--s 0002f000 08:08 4206061                    /opt/maven/lib/commons-io-2.5.jar
7f80118ad000-7f80118af000 r--s 00009000 08:08 4207290                    /opt/maven/lib/maven-resolver-connector-basic-1.1.1.jar
7f80118af000-7f80118b1000 r--s 00003000 08:08 4207288                    /opt/maven/lib/jcl-over-slf4j-1.7.25.jar
7f80118b1000-7f80118b4000 r--s 00011000 08:08 4206039                    /opt/maven/lib/plexus-interpolation-1.24.jar
7f80118b4000-7f80118b7000 r-xp 00000000 08:08 4600339                    /opt/maven/lib/jansi-native/linux64/libjansi.so
7f80118b7000-7f8011ab6000 ---p 00003000 08:08 4600339                    /opt/maven/lib/jansi-native/linux64/libjansi.so
7f8011ab6000-7f8011ab7000 rw-p 00002000 08:08 4600339                    /opt/maven/lib/jansi-native/linux64/libjansi.so
7f8011ab7000-7f8011abd000 r--s 0002d000 08:08 4206048                    /opt/maven/lib/org.eclipse.sisu.plexus-0.3.3.jar
7f8011abd000-7f8011abe000 ---p 00000000 00:00 0 
7f8011abe000-7f8011bbe000 rw-p 00000000 00:00 0 
7f8011bbe000-7f8011bc1000 ---p 00000000 00:00 0 
7f8011bc1000-7f8011cbf000 rw-p 00000000 00:00 0 
7f8011cbf000-7f8011cc2000 ---p 00000000 00:00 0 
7f8011cc2000-7f8011dc0000 rw-p 00000000 00:00 0 
7f8011dc0000-7f8011dc3000 ---p 00000000 00:00 0 
7f8011dc3000-7f8011ec1000 rw-p 00000000 00:00 0 
7f8011ec1000-7f8011ec4000 ---p 00000000 00:00 0 
7f8011ec4000-7f8011fc2000 rw-p 00000000 00:00 0 
7f8011fc2000-7f8011fc5000 ---p 00000000 00:00 0 
7f8011fc5000-7f80120c3000 rw-p 00000000 00:00 0 
7f80120c3000-7f8012519000 r--p 00000000 08:08 1521                       /usr/lib/locale/locale-archive
7f8012519000-7f801251c000 ---p 00000000 00:00 0 
7f801251c000-7f801261a000 rw-p 00000000 00:00 0 
7f801261a000-7f801261d000 ---p 00000000 00:00 0 
7f801261d000-7f801271b000 rw-p 00000000 00:00 0 
7f801271b000-7f801271c000 ---p 00000000 00:00 0 
7f801271c000-7f8014000000 rw-p 00000000 00:00 0 
7f8014000000-7f8014021000 rw-p 00000000 00:00 0 
7f8014021000-7f8018000000 ---p 00000000 00:00 0 
7f8018000000-7f8018021000 rw-p 00000000 00:00 0 
7f8018021000-7f801c000000 ---p 00000000 00:00 0 
7f801c000000-7f801c021000 rw-p 00000000 00:00 0 
7f801c021000-7f8020000000 ---p 00000000 00:00 0 
7f8020000000-7f8020001000 r--s 00005000 08:08 4207292                    /opt/maven/lib/maven-slf4j-provider-3.5.3.jar
7f8020001000-7f8020006000 r--s 00027000 08:08 4206053                    /opt/maven/lib/maven-model-builder-3.5.3.jar
7f8020006000-7f8020007000 r--s 00001000 08:08 4206050                    /opt/maven/lib/jsr250-api-1.0.jar
7f8020007000-7f802000e000 r--s 00041000 08:08 4206066                    /opt/maven/lib/maven-compat-3.5.3.jar
7f802000e000-7f8020012000 r--s 00020000 08:08 4206056                    /opt/maven/lib/maven-resolver-api-1.1.1.jar
7f8020012000-7f802001f000 r--s 0008e000 08:08 4206043                    /opt/maven/lib/maven-core-3.5.3.jar
7f802001f000-7f8020023000 r--s 00023000 08:08 4206058                    /opt/maven/lib/maven-resolver-util-1.1.1.jar
7f8020023000-7f8020052000 r--s 00226000 08:08 4206054                    /opt/maven/lib/guava-20.0.jar
7f8020052000-7f802007e000 r--s 001e9000 08:08 4207287                    /opt/maven/lib/wagon-http-3.0.0-shaded.jar
7f802007e000-7f8024000000 rw-p 00000000 00:00 0 
7f8024000000-7f802404c000 rw-p 00000000 00:00 0 
7f802404c000-7f8028000000 ---p 00000000 00:00 0 
7f8028000000-7f8028001000 r--s 00002000 08:08 4207289                    /opt/maven/lib/wagon-file-3.0.0.jar
7f8028001000-7f8028003000 r--s 0000c000 08:08 4207286                    /opt/maven/lib/wagon-provider-api-3.0.0.jar
7f8028003000-7f8028007000 r--s 00042000 08:08 4207293                    /opt/maven/lib/jansi-1.17.jar
7f8028007000-7f8028009000 r--s 0000c000 08:08 4206065                    /opt/maven/lib/commons-cli-1.4.jar
7f8028009000-7f802800b000 r--s 0000f000 08:08 4206055                    /opt/maven/lib/maven-resolver-provider-3.5.3.jar
7f802800b000-7f8028014000 r--s 0005f000 08:08 4206062                    /opt/maven/lib/guice-4.0-no_aop.jar
7f8028014000-7f8028017000 r--s 00026000 08:08 4206060                    /opt/maven/lib/maven-shared-utils-3.2.1.jar
7f8028017000-7f802801a000 r--s 00008000 08:08 4206049                    /opt/maven/lib/cdi-api-1.0.jar
7f802801a000-7f802801e000 r--s 0003c000 08:08 4206035                    /opt/maven/lib/plexus-utils-3.1.0.jar
7f802801e000-7f8028020000 r--s 0000c000 08:08 4206046                    /opt/maven/lib/maven-artifact-3.5.3.jar
7f8028020000-7f8028027000 r--s 00056000 08:08 4206052                    /opt/maven/lib/org.eclipse.sisu.inject-0.3.3.jar
7f8028027000-7f80281fb000 rw-p 00000000 00:00 0 
7f80281fb000-7f80283d5000 r--s 03d68000 08:08 538168                     /usr/lib/jvm/java-8-oracle/jre/lib/rt.jar
7f80283d5000-7f80283d6000 ---p 00000000 00:00 0 
7f80283d6000-7f80284d6000 rw-p 00000000 00:00 0 
7f80284d6000-7f80284d7000 ---p 00000000 00:00 0 
7f80284d7000-7f80285f9000 rw-p 00000000 00:00 0 
7f80285f9000-7f8028867000 ---p 00000000 00:00 0 
7f8028867000-7f8028889000 rw-p 00000000 00:00 0 
7f8028889000-7f8028af7000 ---p 00000000 00:00 0 
7f8028af7000-7f8028b3e000 rw-p 00000000 00:00 0 
7f8028b3e000-7f8028c3f000 ---p 00000000 00:00 0 
7f8028c3f000-7f8028c6f000 rw-p 00000000 00:00 0 
7f8028c6f000-7f8029000000 ---p 00000000 00:00 0 
7f8029000000-7f8029ba0000 rwxp 00000000 00:00 0 
7f8029ba0000-7f8038000000 ---p 00000000 00:00 0 
7f8038000000-7f8038b89000 rw-p 00000000 00:00 0 
7f8038b89000-7f803c000000 ---p 00000000 00:00 0 
7f803c000000-7f803c001000 r--s 00006000 08:08 4206041                    /opt/maven/lib/plexus-sec-dispatcher-1.4.jar
7f803c001000-7f803c003000 r--s 00002000 08:08 4206042                    /opt/maven/lib/plexus-cipher-1.7.jar
7f803c003000-7f803c005000 r--s 00007000 08:08 4206057                    /opt/maven/lib/maven-resolver-spi-1.1.1.jar
7f803c005000-7f803c07b000 rw-p 00000000 00:00 0 
7f803c07b000-7f803c07c000 ---p 00000000 00:00 0 
7f803c07c000-7f803c17c000 rw-p 00000000 00:00 0 
7f803c17c000-7f803c17d000 ---p 00000000 00:00 0 
7f803c17d000-7f803c27d000 rw-p 00000000 00:00 0 
7f803c27d000-7f803c298000 r-xp 00000000 08:08 538224                     /usr/lib/jvm/java-8-oracle/jre/lib/amd64/libzip.so
7f803c298000-7f803c498000 ---p 0001b000 08:08 538224                     /usr/lib/jvm/java-8-oracle/jre/lib/amd64/libzip.so
7f803c498000-7f803c499000 rw-p 0001b000 08:08 538224                     /usr/lib/jvm/java-8-oracle/jre/lib/amd64/libzip.so
7f803c499000-7f803c4a4000 r-xp 00000000 08:08 3277013                    /lib/x86_64-linux-gnu/libnss_files-2.23.so
7f803c4a4000-7f803c6a3000 ---p 0000b000 08:08 3277013                    /lib/x86_64-linux-gnu/libnss_files-2.23.so
7f803c6a3000-7f803c6a4000 r--p 0000a000 08:08 3277013                    /lib/x86_64-linux-gnu/libnss_files-2.23.so
7f803c6a4000-7f803c6a5000 rw-p 0000b000 08:08 3277013                    /lib/x86_64-linux-gnu/libnss_files-2.23.so
7f803c6a5000-7f803c6ab000 rw-p 00000000 00:00 0 
7f803c6ab000-7f803c6b6000 r-xp 00000000 08:08 3277017                    /lib/x86_64-linux-gnu/libnss_nis-2.23.so
7f803c6b6000-7f803c8b5000 ---p 0000b000 08:08 3277017                    /lib/x86_64-linux-gnu/libnss_nis-2.23.so
7f803c8b5000-7f803c8b6000 r--p 0000a000 08:08 3277017                    /lib/x86_64-linux-gnu/libnss_nis-2.23.so
7f803c8b6000-7f803c8b7000 rw-p 0000b000 08:08 3277017                    /lib/x86_64-linux-gnu/libnss_nis-2.23.so
7f803c8b7000-7f803c8cd000 r-xp 00000000 08:08 3276997                    /lib/x86_64-linux-gnu/libnsl-2.23.so
7f803c8cd000-7f803cacc000 ---p 00016000 08:08 3276997                    /lib/x86_64-linux-gnu/libnsl-2.23.so
7f803cacc000-7f803cacd000 r--p 00015000 08:08 3276997                    /lib/x86_64-linux-gnu/libnsl-2.23.so
7f803cacd000-7f803cace000 rw-p 00016000 08:08 3276997                    /lib/x86_64-linux-gnu/libnsl-2.23.so
7f803cace000-7f803cad0000 rw-p 00000000 00:00 0 
7f803cad0000-7f803cad8000 r-xp 00000000 08:08 3277008                    /lib/x86_64-linux-gnu/libnss_compat-2.23.so
7f803cad8000-7f803ccd7000 ---p 00008000 08:08 3277008                    /lib/x86_64-linux-gnu/libnss_compat-2.23.so
7f803ccd7000-7f803ccd8000 r--p 00007000 08:08 3277008                    /lib/x86_64-linux-gnu/libnss_compat-2.23.so
7f803ccd8000-7f803ccd9000 rw-p 00008000 08:08 3277008                    /lib/x86_64-linux-gnu/libnss_compat-2.23.so
7f803ccd9000-7f803cd04000 r-xp 00000000 08:08 538218                     /usr/lib/jvm/java-8-oracle/jre/lib/amd64/libjava.so
7f803cd04000-7f803cf03000 ---p 0002b000 08:08 538218                     /usr/lib/jvm/java-8-oracle/jre/lib/amd64/libjava.so
7f803cf03000-7f803cf05000 rw-p 0002a000 08:08 538218                     /usr/lib/jvm/java-8-oracle/jre/lib/amd64/libjava.so
7f803cf05000-7f803cf12000 r-xp 00000000 08:08 538223                     /usr/lib/jvm/java-8-oracle/jre/lib/amd64/libverify.so
7f803cf12000-7f803d112000 ---p 0000d000 08:08 538223                     /usr/lib/jvm/java-8-oracle/jre/lib/amd64/libverify.so
7f803d112000-7f803d114000 rw-p 0000d000 08:08 538223                     /usr/lib/jvm/java-8-oracle/jre/lib/amd64/libverify.so
7f803d114000-7f803d11b000 r-xp 00000000 08:08 3277018                    /lib/x86_64-linux-gnu/librt-2.23.so
7f803d11b000-7f803d31a000 ---p 00007000 08:08 3277018                    /lib/x86_64-linux-gnu/librt-2.23.so
7f803d31a000-7f803d31b000 r--p 00006000 08:08 3277018                    /lib/x86_64-linux-gnu/librt-2.23.so
7f803d31b000-7f803d31c000 rw-p 00007000 08:08 3277018                    /lib/x86_64-linux-gnu/librt-2.23.so
7f803d31c000-7f803d424000 r-xp 00000000 08:08 3276996                    /lib/x86_64-linux-gnu/libm-2.23.so
7f803d424000-7f803d623000 ---p 00108000 08:08 3276996                    /lib/x86_64-linux-gnu/libm-2.23.so
7f803d623000-7f803d624000 r--p 00107000 08:08 3276996                    /lib/x86_64-linux-gnu/libm-2.23.so
7f803d624000-7f803d625000 rw-p 00108000 08:08 3276996                    /lib/x86_64-linux-gnu/libm-2.23.so
7f803d625000-7f803e2fe000 r-xp 00000000 08:08 538246                     /usr/lib/jvm/java-8-oracle/jre/lib/amd64/server/libjvm.so
7f803e2fe000-7f803e4fd000 ---p 00cd9000 08:08 538246                     /usr/lib/jvm/java-8-oracle/jre/lib/amd64/server/libjvm.so
7f803e4fd000-7f803e5d7000 rw-p 00cd8000 08:08 538246                     /usr/lib/jvm/java-8-oracle/jre/lib/amd64/server/libjvm.so
7f803e5d7000-7f803e622000 rw-p 00000000 00:00 0 
7f803e622000-7f803e7e2000 r-xp 00000000 08:08 3277000                    /lib/x86_64-linux-gnu/libc-2.23.so
7f803e7e2000-7f803e9e2000 ---p 001c0000 08:08 3277000                    /lib/x86_64-linux-gnu/libc-2.23.so
7f803e9e2000-7f803e9e6000 r--p 001c0000 08:08 3277000                    /lib/x86_64-linux-gnu/libc-2.23.so
7f803e9e6000-7f803e9e8000 rw-p 001c4000 08:08 3277000                    /lib/x86_64-linux-gnu/libc-2.23.so
7f803e9e8000-7f803e9ec000 rw-p 00000000 00:00 0 
7f803e9ec000-7f803e9ef000 r-xp 00000000 08:08 3277002                    /lib/x86_64-linux-gnu/libdl-2.23.so
7f803e9ef000-7f803ebee000 ---p 00003000 08:08 3277002                    /lib/x86_64-linux-gnu/libdl-2.23.so
7f803ebee000-7f803ebef000 r--p 00002000 08:08 3277002                    /lib/x86_64-linux-gnu/libdl-2.23.so
7f803ebef000-7f803ebf0000 rw-p 00003000 08:08 3277002                    /lib/x86_64-linux-gnu/libdl-2.23.so
7f803ebf0000-7f803ec06000 r-xp 00000000 08:08 549208                     /usr/lib/jvm/java-8-oracle/lib/amd64/jli/libjli.so
7f803ec06000-7f803ee05000 ---p 00016000 08:08 549208                     /usr/lib/jvm/java-8-oracle/lib/amd64/jli/libjli.so
7f803ee05000-7f803ee06000 rw-p 00015000 08:08 549208                     /usr/lib/jvm/java-8-oracle/lib/amd64/jli/libjli.so
7f803ee06000-7f803ee1e000 r-xp 00000000 08:08 3276999                    /lib/x86_64-linux-gnu/libpthread-2.23.so
7f803ee1e000-7f803f01d000 ---p 00018000 08:08 3276999                    /lib/x86_64-linux-gnu/libpthread-2.23.so
7f803f01d000-7f803f01e000 r--p 00017000 08:08 3276999                    /lib/x86_64-linux-gnu/libpthread-2.23.so
7f803f01e000-7f803f01f000 rw-p 00018000 08:08 3276999                    /lib/x86_64-linux-gnu/libpthread-2.23.so
7f803f01f000-7f803f023000 rw-p 00000000 00:00 0 
7f803f023000-7f803f049000 r-xp 00000000 08:08 3276998                    /lib/x86_64-linux-gnu/ld-2.23.so
7f803f049000-7f803f04a000 r--s 0000a000 08:08 4206034                    /opt/maven/lib/maven-settings-3.5.3.jar
7f803f04a000-7f803f04d000 r--s 00016000 08:08 4206033                    /opt/maven/lib/maven-embedder-3.5.3.jar
7f803f04d000-7f803f050000 r--s 00026000 08:08 4206044                    /opt/maven/lib/maven-model-3.5.3.jar
7f803f050000-7f803f058000 r--s 0006e000 08:08 4206038                    /opt/maven/lib/commons-lang3-3.5.jar
7f803f058000-7f803f123000 rw-p 00000000 00:00 0 
7f803f123000-7f803f126000 ---p 00000000 00:00 0 
7f803f126000-7f803f229000 rw-p 00000000 00:00 0 
7f803f229000-7f803f22d000 r--s 0002a000 08:08 4206059                    /opt/maven/lib/maven-resolver-impl-1.1.1.jar
7f803f22d000-7f803f22f000 r--s 00000000 08:08 4206063                    /opt/maven/lib/aopalliance-1.0.jar
7f803f22f000-7f803f231000 r--s 00006000 08:08 4207291                    /opt/maven/lib/maven-resolver-transport-wagon-1.1.1.jar
7f803f231000-7f803f233000 r--s 00000000 08:08 4206040                    /opt/maven/lib/plexus-component-annotations-1.7.1.jar
7f803f233000-7f803f235000 r--s 0000a000 08:08 4206047                    /opt/maven/lib/maven-plugin-api-3.5.3.jar
7f803f235000-7f803f236000 r--s 00000000 08:08 4206051                    /opt/maven/lib/javax.inject-1.jar
7f803f236000-7f803f238000 r--s 00009000 08:08 4206064                    /opt/maven/lib/slf4j-api-1.7.25.jar
7f803f238000-7f803f239000 r--s 00003000 08:08 4206037                    /opt/maven/lib/maven-builder-support-3.5.3.jar
7f803f239000-7f803f23a000 r--s 00006000 08:08 4206045                    /opt/maven/lib/maven-repository-metadata-3.5.3.jar
7f803f23a000-7f803f23c000 r--s 00009000 08:08 4206036                    /opt/maven/lib/maven-settings-builder-3.5.3.jar
7f803f23c000-7f803f23e000 r--s 0000b000 08:08 5125784                    /opt/maven/boot/plexus-classworlds-2.5.2.jar
7f803f23e000-7f803f246000 rw-s 00000000 08:08 1706901                    /tmp/hsperfdata_raj/6312
7f803f246000-7f803f247000 rw-p 00000000 00:00 0 
7f803f247000-7f803f248000 r--p 00000000 00:00 0 
7f803f248000-7f803f249000 r--p 00025000 08:08 3276998                    /lib/x86_64-linux-gnu/ld-2.23.so
7f803f249000-7f803f24a000 rw-p 00026000 08:08 3276998                    /lib/x86_64-linux-gnu/ld-2.23.so
7f803f24a000-7f803f24b000 rw-p 00000000 00:00 0 
7ffcdb2da000-7ffcdb2fc000 rw-p 00000000 00:00 0                          [stack]
7ffcdb3b7000-7ffcdb3ba000 r--p 00000000 00:00 0                          [vvar]
7ffcdb3ba000-7ffcdb3bc000 r-xp 00000000 00:00 0                          [vdso]
ffffffffff600000-ffffffffff601000 r-xp 00000000 00:00 0                  [vsyscall]

VM Arguments:
jvm_args: -Dclassworlds.conf=/opt/maven/bin/m2.conf -Dmaven.home=/opt/maven -Dlibrary.jansi.path=/opt/maven/lib/jansi-native -Dmaven.multiModuleProjectDirectory=/home/raj/git/CLThesisOWL-EL 
java_command: org.codehaus.plexus.classworlds.launcher.Launcher exec:java -Dexec.args=/home/raj/Documents/thesis/Ancestry.owl
java_class_path (initial): /opt/maven/boot/plexus-classworlds-2.5.2.jar
Launcher Type: SUN_STANDARD

Environment Variables:
JAVA_HOME=/usr/lib/jvm/java-8-oracle
PATH=/home/raj/bin:/home/raj/.local/bin:/opt/maven/bin:/usr/local/sbin:/usr/local/bin:/usr/sbin:/usr/bin:/sbin:/bin:/usr/games:/usr/local/games:/snap/bin:/usr/lib/jvm/java-8-oracle/bin:/usr/lib/jvm/java-8-oracle/db/bin:/usr/lib/jvm/java-8-oracle/jre/bin
SHELL=/bin/bash
DISPLAY=:0

Signal Handlers:
SIGSEGV: [libjvm.so+0xad0890], sa_mask[0]=11111111011111111101111111111110, sa_flags=SA_RESTART|SA_SIGINFO
SIGBUS: [libjvm.so+0xad0890], sa_mask[0]=11111111011111111101111111111110, sa_flags=SA_RESTART|SA_SIGINFO
SIGFPE: [libjvm.so+0x928640], sa_mask[0]=11111111011111111101111111111110, sa_flags=SA_RESTART|SA_SIGINFO
SIGPIPE: [libjvm.so+0x928640], sa_mask[0]=11111111011111111101111111111110, sa_flags=SA_RESTART|SA_SIGINFO
SIGXFSZ: [libjvm.so+0x928640], sa_mask[0]=11111111011111111101111111111110, sa_flags=SA_RESTART|SA_SIGINFO
SIGILL: [libjvm.so+0x928640], sa_mask[0]=11111111011111111101111111111110, sa_flags=SA_RESTART|SA_SIGINFO
SIGUSR1: SIG_DFL, sa_mask[0]=00000000000000000000000000000000, sa_flags=none
SIGUSR2: [libjvm.so+0x929ea0], sa_mask[0]=00000000000000000000000000000000, sa_flags=SA_RESTART|SA_SIGINFO
SIGHUP: [libjvm.so+0x92b2a0], sa_mask[0]=11111111011111111101111111111110, sa_flags=SA_RESTART|SA_SIGINFO
SIGINT: [libjvm.so+0x92b2a0], sa_mask[0]=11111111011111111101111111111110, sa_flags=SA_RESTART|SA_SIGINFO
SIGTERM: [libjvm.so+0x92b2a0], sa_mask[0]=11111111011111111101111111111110, sa_flags=SA_RESTART|SA_SIGINFO
SIGQUIT: [libjvm.so+0x92b2a0], sa_mask[0]=11111111011111111101111111111110, sa_flags=SA_RESTART|SA_SIGINFO


---------------  S Y S T E M  ---------------

OS:DISTRIB_ID=Ubuntu
DISTRIB_RELEASE=16.04
DISTRIB_CODENAME=xenial
DISTRIB_DESCRIPTION="Ubuntu 16.04.4 LTS"

uname:Linux 4.13.0-45-generic #50~16.04.1-Ubuntu SMP Wed May 30 11:18:27 UTC 2018 x86_64
libc:glibc 2.23 NPTL 2.23 
rlimit: STACK 8192k, CORE 0k, NPROC 31260, NOFILE 1048576, AS infinity
load average:0,58 0,28 0,21

/proc/meminfo:
MemTotal:        8055640 kB
MemFree:         4697152 kB
MemAvailable:    5923060 kB
Buffers:          274028 kB
Cached:          1327396 kB
SwapCached:            0 kB
Active:          2196932 kB
Inactive:         876188 kB
Active(anon):    1473096 kB
Inactive(anon):   221928 kB
Active(file):     723836 kB
Inactive(file):   654260 kB
Unevictable:         160 kB
Mlocked:             160 kB
SwapTotal:       8272892 kB
SwapFree:        8272892 kB
Dirty:              7116 kB
Writeback:             0 kB
AnonPages:       1471956 kB
Mapped:           428500 kB
Shmem:            223336 kB
Slab:             178288 kB
SReclaimable:     139312 kB
SUnreclaim:        38976 kB
KernelStack:        9984 kB
PageTables:        42856 kB
NFS_Unstable:          0 kB
Bounce:                0 kB
WritebackTmp:          0 kB
CommitLimit:    12300712 kB
Committed_AS:    7808156 kB
VmallocTotal:   34359738367 kB
VmallocUsed:           0 kB
VmallocChunk:          0 kB
HardwareCorrupted:     0 kB
AnonHugePages:         0 kB
ShmemHugePages:        0 kB
ShmemPmdMapped:        0 kB
CmaTotal:              0 kB
CmaFree:               0 kB
HugePages_Total:       0
HugePages_Free:        0
HugePages_Rsvd:        0
HugePages_Surp:        0
Hugepagesize:       2048 kB
DirectMap4k:      123648 kB
DirectMap2M:     8153088 kB


CPU:total 4 (initial active 4) (2 cores per cpu, 2 threads per core) family 6 model 42 stepping 7, cmov, cx8, fxsr, mmx, sse, sse2, sse3, ssse3, sse4.1, sse4.2, popcnt, avx, clmul, ht, tsc, tscinvbit

/proc/cpuinfo:
processor	: 0
vendor_id	: GenuineIntel
cpu family	: 6
model		: 42
model name	: Intel(R) Core(TM) i3-2328M CPU @ 2.20GHz
stepping	: 7
microcode	: 0x2d
cpu MHz		: 1300.623
cache size	: 3072 KB
physical id	: 0
siblings	: 4
core id		: 0
cpu cores	: 2
apicid		: 0
initial apicid	: 0
fpu		: yes
fpu_exception	: yes
cpuid level	: 13
wp		: yes
flags		: fpu vme de pse tsc msr pae mce cx8 apic sep mtrr pge mca cmov pat pse36 clflush dts acpi mmx fxsr sse sse2 ss ht tm pbe syscall nx rdtscp lm constant_tsc arch_perfmon pebs bts rep_good nopl xtopology nonstop_tsc cpuid aperfmperf pni pclmulqdq dtes64 monitor ds_cpl vmx est tm2 ssse3 cx16 xtpr pdcm pcid sse4_1 sse4_2 x2apic popcnt tsc_deadline_timer xsave avx lahf_lm epb pti retpoline spec_ctrl tpr_shadow vnmi flexpriority ept vpid xsaveopt dtherm arat pln pts
bugs		: cpu_meltdown spectre_v1 spectre_v2 spec_store_bypass
bogomips	: 4390.24
clflush size	: 64
cache_alignment	: 64
address sizes	: 36 bits physical, 48 bits virtual
power management:

processor	: 1
vendor_id	: GenuineIntel
cpu family	: 6
model		: 42
model name	: Intel(R) Core(TM) i3-2328M CPU @ 2.20GHz
stepping	: 7
microcode	: 0x2d
cpu MHz		: 1427.530
cache size	: 3072 KB
physical id	: 0
siblings	: 4
core id		: 0
cpu cores	: 2
apicid		: 1
initial apicid	: 1
fpu		: yes
fpu_exception	: yes
cpuid level	: 13
wp		: yes
flags		: fpu vme de pse tsc msr pae mce cx8 apic sep mtrr pge mca cmov pat pse36 clflush dts acpi mmx fxsr sse sse2 ss ht tm pbe syscall nx rdtscp lm constant_tsc arch_perfmon pebs bts rep_good nopl xtopology nonstop_tsc cpuid aperfmperf pni pclmulqdq dtes64 monitor ds_cpl vmx est tm2 ssse3 cx16 xtpr pdcm pcid sse4_1 sse4_2 x2apic popcnt tsc_deadline_timer xsave avx lahf_lm epb pti retpoline spec_ctrl tpr_shadow vnmi flexpriority ept vpid xsaveopt dtherm arat pln pts
bugs		: cpu_meltdown spectre_v1 spectre_v2 spec_store_bypass
bogomips	: 4390.24
clflush size	: 64
cache_alignment	: 64
address sizes	: 36 bits physical, 48 bits virtual
power management:

processor	: 2
vendor_id	: GenuineIntel
cpu family	: 6
model		: 42
model name	: Intel(R) Core(TM) i3-2328M CPU @ 2.20GHz
stepping	: 7
microcode	: 0x2d
cpu MHz		: 1431.746
cache size	: 3072 KB
physical id	: 0
siblings	: 4
core id		: 1
cpu cores	: 2
apicid		: 2
initial apicid	: 2
fpu		: yes
fpu_exception	: yes
cpuid level	: 13
wp		: yes
flags		: fpu vme de pse tsc msr pae mce cx8 apic sep mtrr pge mca cmov pat pse36 clflush dts acpi mmx fxsr sse sse2 ss ht tm pbe syscall nx rdtscp lm constant_tsc arch_perfmon pebs bts rep_good nopl xtopology nonstop_tsc cpuid aperfmperf pni pclmulqdq dtes64 monitor ds_cpl vmx est tm2 ssse3 cx16 xtpr pdcm pcid sse4_1 sse4_2 x2apic popcnt tsc_deadline_timer xsave avx lahf_lm epb pti retpoline spec_ctrl tpr_shadow vnmi flexpriority ept vpid xsaveopt dtherm arat pln pts
bugs		: cpu_meltdown spectre_v1 spectre_v2 spec_store_bypass
bogomips	: 4390.24
clflush size	: 64
cache_alignment	: 64
address sizes	: 36 bits physical, 48 bits virtual
power management:

processor	: 3
vendor_id	: GenuineIntel
cpu family	: 6
model		: 42
model name	: Intel(R) Core(TM) i3-2328M CPU @ 2.20GHz
stepping	: 7
microcode	: 0x2d
cpu MHz		: 1529.633
cache size	: 3072 KB
physical id	: 0
siblings	: 4
core id		: 1
cpu cores	: 2
apicid		: 3
initial apicid	: 3
fpu		: yes
fpu_exception	: yes
cpuid level	: 13
wp		: yes
flags		: fpu vme de pse tsc msr pae mce cx8 apic sep mtrr pge mca cmov pat pse36 clflush dts acpi mmx fxsr sse sse2 ss ht tm pbe syscall nx rdtscp lm constant_tsc arch_perfmon pebs bts rep_good nopl xtopology nonstop_tsc cpuid aperfmperf pni pclmulqdq dtes64 monitor ds_cpl vmx est tm2 ssse3 cx16 xtpr pdcm pcid sse4_1 sse4_2 x2apic popcnt tsc_deadline_timer xsave avx lahf_lm epb pti retpoline spec_ctrl tpr_shadow vnmi flexpriority ept vpid xsaveopt dtherm arat pln pts
bugs		: cpu_meltdown spectre_v1 spectre_v2 spec_store_bypass
bogomips	: 4390.24
clflush size	: 64
cache_alignment	: 64
address sizes	: 36 bits physical, 48 bits virtual
power management:



Memory: 4k page, physical 8055640k(4697028k free), swap 8272892k(8272892k free)

vm_info: Java HotSpot(TM) 64-Bit Server VM (25.171-b11) for linux-amd64 JRE (1.8.0_171-b11), built on Mar 28 2018 17:07:08 by "java_re" with gcc 4.3.0 20080428 (Red Hat 4.3.0-8)

time: Tue Aug 14 04:36:41 2018
elapsed time: 6 seconds (0d 0h 0m 6s)

