#
# A fatal error has been detected by the Java Runtime Environment:
#
#  SIGSEGV (0xb) at pc=0x00007fb1f8a04e91, pid=10480, tid=0x00007fb257a7c700
#
# JRE version: Java(TM) SE Runtime Environment (8.0_171-b11) (build 1.8.0_171-b11)
# Java VM: Java HotSpot(TM) 64-Bit Server VM (25.171-b11 mixed mode linux-amd64 compressed oops)
# Problematic frame:
# C  [libvlog-core.so+0xb7e91]  Program::addRule(Rule&, bool)+0x61
#
# Failed to write core dump. Core dumps have been disabled. To enable core dumping, try "ulimit -c unlimited" before starting Java again
#
# If you would like to submit a bug report, please visit:
#   http://bugreport.java.com/bugreport/crash.jsp
# The crash happened outside the Java Virtual Machine in native code.
# See problematic frame for where to report the bug.
#

---------------  T H R E A D  ---------------

Current thread (0x00007fb25000d800):  JavaThread "main" [_thread_in_native, id=10482, stack(0x00007fb25797c000,0x00007fb257a7d000)]

siginfo: si_signo: 11 (SIGSEGV), si_code: 1 (SEGV_MAPERR), si_addr: 0x0000000000006666

Registers:
RAX=0x0000000000018003, RBX=0x0000000000008001, RCX=0x00007fb250ff4c78, RDX=0x0000000000006666
RSP=0x00007fb257a7b2c0, RBP=0x00007fb250f34c60, RSI=0x0000000000007ffc, RDI=0x00007fb250f34c60
R8 =0x00007fb252825c20, R9 =0x0000000000000001, R10=0x00007fb257a7b1b0, R11=0x00007fb257011390
R12=0x00007fb2520909e4, R13=0x00007fb257a7b360, R14=0x00007fb2515dba60, R15=0x00007fb2515db840
RIP=0x00007fb1f8a04e91, EFLAGS=0x0000000000010206, CSGSFS=0x002b000000000033, ERR=0x0000000000000006
  TRAPNO=0x000000000000000e

Top of Stack: (sp=0x00007fb257a7b2c0)
0x00007fb257a7b2c0:   00007fb257a7b510 00007fb256eff53c
0x00007fb257a7b2d0:   00007fb257a7b510 00007fb1f8a0a7c4
0x00007fb257a7b2e0:   00007fb25283b4e0 00007fb250f34c60
0x00007fb257a7b2f0:   0000000000000000 00007fb1e84c1880
0x00007fb257a7b300:   00007fb257a7b340 00007fb257a7b360
0x00007fb257a7b310:   00007fb257a7b510 00007fb1f8a05186
0x00007fb257a7b320:   00007fb251db6610 00007fb251db6830
0x00007fb257a7b330:   00007fb251db6830 0000000000000000
0x00007fb257a7b340:   00007fb1e881fce0 00007fb1e881fdf0
0x00007fb257a7b350:   00007fb1e881fdf0 0000000000000000
0x00007fb257a7b360:   00007fb200007ffc 00007fb2515db840
0x00007fb257a7b370:   00007fb2515dba60 00007fb2515dba60
0x00007fb257a7b380:   00007fb2511c7370 00007fb2511c7480
0x00007fb257a7b390:   00007fb2511c7480 00007fb2505f0101
0x00007fb257a7b3a0:   00007fb257a7b510 513b8a4c899dae00
0x00007fb257a7b3b0:   00007fb1e881fcd0 0000000000000000
0x00007fb257a7b3c0:   00007fb1e84c1880 00007fb25000d9f8
0x00007fb257a7b3d0:   00007fb2505fcbb0 00007fb1efbe702f
0x00007fb257a7b3e0:   00007fb257a7b4b0 00007fb257a7b480
0x00007fb257a7b3f0:   00007fb257a7b4a0 00007fb257a7b4c0
0x00007fb257a7b400:   00007fb257a7b4e0 00007ffc5000ae70
0x00007fb257a7b410:   00007fb2505fcbb0 00007fb25059c250
0x00007fb257a7b420:   00007fb257a7b6e0 0000af7700000000
0x00007fb257a7b430:   00007fb257a7b440 00007fb257a7b460
0x00007fb257a7b440:   00007fb1e881f760 00007fb1e881f980
0x00007fb257a7b450:   00007fb1e881f980 0000000000000000
0x00007fb257a7b460:   00007fb1e881f500 00007fb1e881f610
0x00007fb257a7b470:   00007fb1e881f610 00007fb25000d800
0x00007fb257a7b480:   00007fb1e881fab0 00007fb1e881fcd0
0x00007fb257a7b490:   00007fb1e881fcd0 00007fb25000c370
0x00007fb257a7b4a0:   00007fb1e881f990 00007fb1e881faa0
0x00007fb257a7b4b0:   00007fb1e881faa0 00007fb25676ab66 

Instructions: (pc=0x00007fb1f8a04e91)
0x00007fb1f8a04e71:   48 8d 04 40 48 c1 fe 06 48 8d 4c c5 00 48 8b 51
0x00007fb1f8a04e81:   10 48 3b 51 18 0f 84 8c 00 00 00 48 85 d2 74 02
0x00007fb1f8a04e91:   89 32 48 83 c2 04 48 89 51 10 49 81 c7 10 01 00
0x00007fb1f8a04ea1:   00 4d 39 fe 75 b9 4c 39 a5 18 00 0c 00 0f 84 c9 

Register to memory mapping:

RAX=0x0000000000018003 is an unknown value
RBX=0x0000000000008001 is an unknown value
RCX=0x00007fb250ff4c78 is an unknown value
RDX=0x0000000000006666 is an unknown value
RSP=0x00007fb257a7b2c0 is pointing into the stack for thread: 0x00007fb25000d800
RBP=0x00007fb250f34c60 is an unknown value
RSI=0x0000000000007ffc is an unknown value
RDI=0x00007fb250f34c60 is an unknown value
R8 =0x00007fb252825c20 is an unknown value
R9 =0x0000000000000001 is an unknown value
R10=0x00007fb257a7b1b0 is pointing into the stack for thread: 0x00007fb25000d800
R11=0x00007fb257011390: <offset 0x196390> in /lib/x86_64-linux-gnu/libc.so.6 at 0x00007fb256e7b000
R12=0x00007fb2520909e4 is an unknown value
R13=0x00007fb257a7b360 is pointing into the stack for thread: 0x00007fb25000d800
R14=0x00007fb2515dba60 is an unknown value
R15=0x00007fb2515db840 is an unknown value


Stack: [0x00007fb25797c000,0x00007fb257a7d000],  sp=0x00007fb257a7b2c0,  free space=1020k
Native frames: (J=compiled Java code, j=interpreted, Vv=VM code, C=native code)
C  [libvlog-core.so+0xb7e91]  Program::addRule(Rule&, bool)+0x61

Java frames: (J=compiled Java code, j=interpreted, Vv=VM code)
j  karmaresearch.vlog.VLog.setRules([Lkarmaresearch/vlog/Rule;Lkarmaresearch/vlog/VLog$RuleRewriteStrategy;)V+0
j  org.semanticweb.vlog4j.core.reasoner.implementation.VLogReasoner.loadRules()V+22
j  org.semanticweb.vlog4j.core.reasoner.implementation.VLogReasoner.load()V+141
j  DatalogTranslation.callReasoner(LDatalogRules;LVisitNormalisedAxioms;)V+33
j  DatalogTranslation.visitNormalisedAxiomsHash()V+76
j  InferenceForOWLELMain.applydDatalogRules()V+12
j  InferenceForOWLELMain.main([Ljava/lang/String;)V+39
v  ~StubRoutines::call_stub

---------------  P R O C E S S  ---------------

Java Threads: ( => current thread )
  0x00007fb2500d7000 JavaThread "Service Thread" daemon [_thread_blocked, id=10498, stack(0x00007fb232493000,0x00007fb232594000)]
  0x00007fb2500c2000 JavaThread "C1 CompilerThread2" daemon [_thread_blocked, id=10497, stack(0x00007fb232594000,0x00007fb232695000)]
  0x00007fb2500c0000 JavaThread "C2 CompilerThread1" daemon [_thread_blocked, id=10496, stack(0x00007fb232695000,0x00007fb232796000)]
  0x00007fb2500bd000 JavaThread "C2 CompilerThread0" daemon [_thread_blocked, id=10495, stack(0x00007fb232796000,0x00007fb232897000)]
  0x00007fb2500bb800 JavaThread "Signal Dispatcher" daemon [_thread_blocked, id=10494, stack(0x00007fb232897000,0x00007fb232998000)]
  0x00007fb250087800 JavaThread "Finalizer" daemon [_thread_blocked, id=10493, stack(0x00007fb232dee000,0x00007fb232eef000)]
  0x00007fb250083000 JavaThread "Reference Handler" daemon [_thread_blocked, id=10492, stack(0x00007fb232eef000,0x00007fb232ff0000)]
=>0x00007fb25000d800 JavaThread "main" [_thread_in_native, id=10482, stack(0x00007fb25797c000,0x00007fb257a7d000)]

Other Threads:
  0x00007fb25007b800 VMThread [stack: 0x00007fb232ff0000,0x00007fb2330f1000] [id=10491]
  0x00007fb2500e4000 WatcherThread [stack: 0x00007fb232392000,0x00007fb232493000] [id=10499]

VM state:not at safepoint (normal execution)

VM Mutex/Monitor currently owned by a thread: None

Heap:
 PSYoungGen      total 540160K, used 243681K [0x00000000d7000000, 0x0000000100000000, 0x0000000100000000)
  eden space 419840K, 39% used [0x00000000d7000000,0x00000000e137c240,0x00000000f0a00000)
  from space 120320K, 63% used [0x00000000f8a80000,0x00000000fd4fc1e8,0x0000000100000000)
  to   space 125952K, 0% used [0x00000000f0a00000,0x00000000f0a00000,0x00000000f8500000)
 ParOldGen       total 486912K, used 252140K [0x0000000085000000, 0x00000000a2b80000, 0x00000000d7000000)
  object space 486912K, 51% used [0x0000000085000000,0x000000009463b110,0x00000000a2b80000)
 Metaspace       used 20808K, capacity 21396K, committed 21760K, reserved 1067008K
  class space    used 4101K, capacity 4228K, committed 4352K, reserved 1048576K

Card table byte_map: [0x00007fb25433d000,0x00007fb254716000] byte_map_base: 0x00007fb253f15000

Marking Bits: (ParMarkBitMap*) 0x00007fb256e4e280
 Begin Bits: [0x00007fb238280000, 0x00007fb23a140000)
 End Bits:   [0x00007fb23a140000, 0x00007fb23c000000)

Polling page: 0x00007fb257aa0000

CodeCache: size=245760Kb used=11127Kb max_used=11332Kb free=234632Kb
 bounds [0x00007fb241000000, 0x00007fb241b50000, 0x00007fb250000000]
 total_blobs=3581 nmethods=3211 adapters=283
 compilation: enabled

Compilation events (10 events):
Event: 66,768 Thread 0x00007fb2500c2000 4167       3       karmaresearch.vlog.Rule::getBody (11 bytes)
Event: 66,769 Thread 0x00007fb2500c2000 nmethod 4167 0x00007fb241aa68d0 code [0x00007fb241aa6a40, 0x00007fb241aa6d48]
Event: 66,783 Thread 0x00007fb2500bd000 nmethod 4162 0x00007fb241579950 code [0x00007fb241579d00, 0x00007fb24157bb78]
Event: 66,825 Thread 0x00007fb2500c0000 nmethod 4160 0x00007fb241a448d0 code [0x00007fb241a44c00, 0x00007fb241a47198]
Event: 66,867 Thread 0x00007fb2500bd000 4168       4       karmaresearch.vlog.Atom::getTerms (11 bytes)
Event: 66,869 Thread 0x00007fb2500bd000 nmethod 4168 0x00007fb241aa6550 code [0x00007fb241aa66a0, 0x00007fb241aa67d8]
Event: 67,062 Thread 0x00007fb2500c0000 4169       4       karmaresearch.vlog.Rule::getHead (11 bytes)
Event: 67,062 Thread 0x00007fb2500bd000 4170       4       karmaresearch.vlog.Rule::getBody (11 bytes)
Event: 67,063 Thread 0x00007fb2500c0000 nmethod 4169 0x00007fb241a44550 code [0x00007fb241a446a0, 0x00007fb241a447d8]
Event: 67,064 Thread 0x00007fb2500bd000 nmethod 4170 0x00007fb2415795d0 code [0x00007fb241579720, 0x00007fb241579858]

GC Heap History (10 events):
Event: 58,738 GC heap before
{Heap before GC invocations=32 (full 4):
 PSYoungGen      total 508416K, used 375529K [0x00000000d7000000, 0x00000000ff200000, 0x0000000100000000)
  eden space 361472K, 100% used [0x00000000d7000000,0x00000000ed100000,0x00000000ed100000)
  from space 146944K, 9% used [0x00000000ed100000,0x00000000edeba430,0x00000000f6080000)
  to   space 141312K, 0% used [0x00000000f6800000,0x00000000f6800000,0x00000000ff200000)
 ParOldGen       total 486912K, used 252100K [0x0000000085000000, 0x00000000a2b80000, 0x00000000d7000000)
  object space 486912K, 51% used [0x0000000085000000,0x0000000094631110,0x00000000a2b80000)
 Metaspace       used 19523K, capacity 20118K, committed 20224K, reserved 1064960K
  class space    used 3944K, capacity 4085K, committed 4096K, reserved 1048576K
Event: 58,751 GC heap after
Heap after GC invocations=32 (full 4):
 PSYoungGen      total 514048K, used 14850K [0x00000000d7000000, 0x00000000feb80000, 0x0000000100000000)
  eden space 379392K, 0% used [0x00000000d7000000,0x00000000d7000000,0x00000000ee280000)
  from space 134656K, 11% used [0x00000000f6800000,0x00000000f7680ac0,0x00000000feb80000)
  to   space 135680K, 0% used [0x00000000ee280000,0x00000000ee280000,0x00000000f6700000)
 ParOldGen       total 486912K, used 252108K [0x0000000085000000, 0x00000000a2b80000, 0x00000000d7000000)
  object space 486912K, 51% used [0x0000000085000000,0x0000000094633110,0x00000000a2b80000)
 Metaspace       used 19523K, capacity 20118K, committed 20224K, reserved 1064960K
  class space    used 3944K, capacity 4085K, committed 4096K, reserved 1048576K
}
Event: 61,829 GC heap before
{Heap before GC invocations=33 (full 4):
 PSYoungGen      total 514048K, used 394242K [0x00000000d7000000, 0x00000000feb80000, 0x0000000100000000)
  eden space 379392K, 100% used [0x00000000d7000000,0x00000000ee280000,0x00000000ee280000)
  from space 134656K, 11% used [0x00000000f6800000,0x00000000f7680ac0,0x00000000feb80000)
  to   space 135680K, 0% used [0x00000000ee280000,0x00000000ee280000,0x00000000f6700000)
 ParOldGen       total 486912K, used 252108K [0x0000000085000000, 0x00000000a2b80000, 0x00000000d7000000)
  object space 486912K, 51% used [0x0000000085000000,0x0000000094633110,0x00000000a2b80000)
 Metaspace       used 19785K, capacity 20366K, committed 20608K, reserved 1064960K
  class space    used 3978K, capacity 4099K, committed 4224K, reserved 1048576K
Event: 61,922 GC heap after
Heap after GC invocations=33 (full 4):
 PSYoungGen      total 515072K, used 45685K [0x00000000d7000000, 0x00000000ff080000, 0x0000000100000000)
  eden space 379392K, 0% used [0x00000000d7000000,0x00000000d7000000,0x00000000ee280000)
  from space 135680K, 33% used [0x00000000ee280000,0x00000000f0f1d680,0x00000000f6700000)
  to   space 129024K, 0% used [0x00000000f7280000,0x00000000f7280000,0x00000000ff080000)
 ParOldGen       total 486912K, used 252116K [0x0000000085000000, 0x00000000a2b80000, 0x00000000d7000000)
  object space 486912K, 51% used [0x0000000085000000,0x0000000094635110,0x00000000a2b80000)
 Metaspace       used 19785K, capacity 20366K, committed 20608K, reserved 1064960K
  class space    used 3978K, capacity 4099K, committed 4224K, reserved 1048576K
}
Event: 65,106 GC heap before
{Heap before GC invocations=34 (full 4):
 PSYoungGen      total 515072K, used 425077K [0x00000000d7000000, 0x00000000ff080000, 0x0000000100000000)
  eden space 379392K, 100% used [0x00000000d7000000,0x00000000ee280000,0x00000000ee280000)
  from space 135680K, 33% used [0x00000000ee280000,0x00000000f0f1d680,0x00000000f6700000)
  to   space 129024K, 0% used [0x00000000f7280000,0x00000000f7280000,0x00000000ff080000)
 ParOldGen       total 486912K, used 252116K [0x0000000085000000, 0x00000000a2b80000, 0x00000000d7000000)
  object space 486912K, 51% used [0x0000000085000000,0x0000000094635110,0x00000000a2b80000)
 Metaspace       used 19992K, capacity 20596K, committed 20864K, reserved 1067008K
  class space    used 3995K, capacity 4132K, committed 4224K, reserved 1048576K
Event: 65,182 GC heap after
Heap after GC invocations=34 (full 4):
 PSYoungGen      total 506368K, used 39717K [0x00000000d7000000, 0x00000000fde00000, 0x0000000100000000)
  eden space 396288K, 0% used [0x00000000d7000000,0x00000000d7000000,0x00000000ef300000)
  from space 110080K, 36% used [0x00000000f7280000,0x00000000f99496c8,0x00000000fde00000)
  to   space 120320K, 0% used [0x00000000ef300000,0x00000000ef300000,0x00000000f6880000)
 ParOldGen       total 486912K, used 252124K [0x0000000085000000, 0x00000000a2b80000, 0x00000000d7000000)
  object space 486912K, 51% used [0x0000000085000000,0x0000000094637110,0x00000000a2b80000)
 Metaspace       used 19992K, capacity 20596K, committed 20864K, reserved 1067008K
  class space    used 3995K, capacity 4132K, committed 4224K, reserved 1048576K
}
Event: 65,618 GC heap before
{Heap before GC invocations=35 (full 4):
 PSYoungGen      total 506368K, used 436005K [0x00000000d7000000, 0x00000000fde00000, 0x0000000100000000)
  eden space 396288K, 100% used [0x00000000d7000000,0x00000000ef300000,0x00000000ef300000)
  from space 110080K, 36% used [0x00000000f7280000,0x00000000f99496c8,0x00000000fde00000)
  to   space 120320K, 0% used [0x00000000ef300000,0x00000000ef300000,0x00000000f6880000)
 ParOldGen       total 486912K, used 252124K [0x0000000085000000, 0x00000000a2b80000, 0x00000000d7000000)
  object space 486912K, 51% used [0x0000000085000000,0x0000000094637110,0x00000000a2b80000)
 Metaspace       used 19996K, capacity 20596K, committed 20864K, reserved 1067008K
  class space    used 3995K, capacity 4132K, committed 4224K, reserved 1048576K
Event: 65,724 GC heap after
Heap after GC invocations=35 (full 4):
 PSYoungGen      total 516608K, used 60079K [0x00000000d7000000, 0x0000000100000000, 0x0000000100000000)
  eden space 396288K, 0% used [0x00000000d7000000,0x00000000d7000000,0x00000000ef300000)
  from space 120320K, 49% used [0x00000000ef300000,0x00000000f2dabd68,0x00000000f6880000)
  to   space 120320K, 0% used [0x00000000f8a80000,0x00000000f8a80000,0x0000000100000000)
 ParOldGen       total 486912K, used 252132K [0x0000000085000000, 0x00000000a2b80000, 0x00000000d7000000)
  object space 486912K, 51% used [0x0000000085000000,0x0000000094639110,0x00000000a2b80000)
 Metaspace       used 19996K, capacity 20596K, committed 20864K, reserved 1067008K
  class space    used 3995K, capacity 4132K, committed 4224K, reserved 1048576K
}
Event: 66,078 GC heap before
{Heap before GC invocations=36 (full 4):
 PSYoungGen      total 516608K, used 456367K [0x00000000d7000000, 0x0000000100000000, 0x0000000100000000)
  eden space 396288K, 100% used [0x00000000d7000000,0x00000000ef300000,0x00000000ef300000)
  from space 120320K, 49% used [0x00000000ef300000,0x00000000f2dabd68,0x00000000f6880000)
  to   space 120320K, 0% used [0x00000000f8a80000,0x00000000f8a80000,0x0000000100000000)
 ParOldGen       total 486912K, used 252132K [0x0000000085000000, 0x00000000a2b80000, 0x00000000d7000000)
  object space 486912K, 51% used [0x0000000085000000,0x0000000094639110,0x00000000a2b80000)
 Metaspace       used 19996K, capacity 20596K, committed 20864K, reserved 1067008K
  class space    used 3995K, capacity 4132K, committed 4224K, reserved 1048576K
Event: 66,157 GC heap after
Heap after GC invocations=36 (full 4):
 PSYoungGen      total 540160K, used 76272K [0x00000000d7000000, 0x0000000100000000, 0x0000000100000000)
  eden space 419840K, 0% used [0x00000000d7000000,0x00000000d7000000,0x00000000f0a00000)
  from space 120320K, 63% used [0x00000000f8a80000,0x00000000fd4fc1e8,0x0000000100000000)
  to   space 125952K, 0% used [0x00000000f0a00000,0x00000000f0a00000,0x00000000f8500000)
 ParOldGen       total 486912K, used 252140K [0x0000000085000000, 0x00000000a2b80000, 0x00000000d7000000)
  object space 486912K, 51% used [0x0000000085000000,0x000000009463b110,0x00000000a2b80000)
 Metaspace       used 19996K, capacity 20596K, committed 20864K, reserved 1067008K
  class space    used 3995K, capacity 4132K, committed 4224K, reserved 1048576K
}

Deoptimization events (10 events):
Event: 66,317 Thread 0x00007fb25000d800 Uncommon trap: reason=unstable_if action=reinterpret pc=0x00007fb241ac1e5c method=java.nio.charset.CharsetEncoder.encode(Ljava/nio/CharBuffer;Ljava/nio/ByteBuffer;Z)Ljava/nio/charset/CoderResult; @ 1
Event: 66,317 Thread 0x00007fb25000d800 Uncommon trap: reason=unstable_if action=reinterpret pc=0x00007fb2418f4478 method=java.net.URI$Parser.parseHierarchical(II)I @ 44
Event: 66,326 Thread 0x00007fb25000d800 Uncommon trap: reason=class_check action=maybe_recompile pc=0x00007fb24152bf14 method=java.util.AbstractList$Itr.hasNext()Z @ 8
Event: 66,326 Thread 0x00007fb25000d800 Uncommon trap: reason=class_check action=maybe_recompile pc=0x00007fb24155db48 method=java.util.AbstractList$Itr.next()Ljava/lang/Object; @ 14
Event: 66,335 Thread 0x00007fb25000d800 Uncommon trap: reason=unstable_if action=reinterpret pc=0x00007fb2415c4804 method=java.util.AbstractCollection.addAll(Ljava/util/Collection;)Z @ 32
Event: 66,339 Thread 0x00007fb25000d800 Uncommon trap: reason=unstable_if action=reinterpret pc=0x00007fb2416e38f8 method=java.lang.Long.stringSize(J)I @ 11
Event: 66,339 Thread 0x00007fb25000d800 Uncommon trap: reason=unstable_if action=reinterpret pc=0x00007fb24173c678 method=java.lang.Long.getChars(JI[C)V @ 24
Event: 66,371 Thread 0x00007fb25000d800 Uncommon trap: reason=unstable_if action=reinterpret pc=0x00007fb2418d8b84 method=java.nio.Buffer.limit(I)Ljava/nio/Buffer; @ 33
Event: 66,492 Thread 0x00007fb25000d800 Uncommon trap: reason=class_check action=maybe_recompile pc=0x00007fb241b1b72c method=org.apache.commons.lang3.Validate.noNullElements(Ljava/lang/Iterable;Ljava/lang/String;[Ljava/lang/Object;)Ljava/lang/Iterable; @ 8
Event: 66,500 Thread 0x00007fb25000d800 Uncommon trap: reason=class_check action=maybe_recompile pc=0x00007fb241b1b72c method=org.apache.commons.lang3.Validate.noNullElements(Ljava/lang/Iterable;Ljava/lang/String;[Ljava/lang/Object;)Ljava/lang/Iterable; @ 8

Classes redefined (0 events):
No events

Internal exceptions (10 events):
Event: 59,455 Thread 0x00007fb25000d800 Exception <a 'java/lang/NoSuchMethodError': java.lang.Object.lambda$walkAllPairwise$18(Ljava/lang/Object;)Z> (0x00000000e673af38) thrown at [/HUDSON/workspace/8-2-build-linux-amd64/jdk8u171/10807/hotspot/src/share/vm/interpreter/linkResolver.cpp, line 620
Event: 61,095 Thread 0x00007fb25000d800 Exception <a 'java/lang/IncompatibleClassChangeError': Found class java.lang.Object, but interface was expected> (0x00000000eb2539d8) thrown at [/HUDSON/workspace/8-2-build-linux-amd64/jdk8u171/10807/hotspot/src/share/vm/interpreter/linkResolver.cpp, line
Event: 61,095 Thread 0x00007fb25000d800 Exception <a 'java/lang/IncompatibleClassChangeError': Found class java.lang.Object, but interface was expected> (0x00000000eb256848) thrown at [/HUDSON/workspace/8-2-build-linux-amd64/jdk8u171/10807/hotspot/src/share/vm/interpreter/linkResolver.cpp, line
Event: 62,274 Thread 0x00007fb25000d800 Implicit null exception at 0x00007fb2411530d8 to 0x00007fb241153139
Event: 63,595 Thread 0x00007fb25000d800 Implicit null exception at 0x00007fb2416c36b3 to 0x00007fb2416c3881
Event: 66,341 Thread 0x00007fb25000d800 Exception <a 'sun/nio/fs/UnixException'> (0x00000000db30afc8) thrown at [/HUDSON/workspace/8-2-build-linux-amd64/jdk8u171/10807/hotspot/src/share/vm/prims/jni.cpp, line 709]
Event: 66,375 Thread 0x00007fb25000d800 Exception <a 'sun/nio/fs/UnixException'> (0x00000000db31ea38) thrown at [/HUDSON/workspace/8-2-build-linux-amd64/jdk8u171/10807/hotspot/src/share/vm/prims/jni.cpp, line 709]
Event: 66,421 Thread 0x00007fb25000d800 Exception <a 'sun/nio/fs/UnixException'> (0x00000000db32b928) thrown at [/HUDSON/workspace/8-2-build-linux-amd64/jdk8u171/10807/hotspot/src/share/vm/prims/jni.cpp, line 709]
Event: 66,446 Thread 0x00007fb25000d800 Exception <a 'sun/nio/fs/UnixException'> (0x00000000db3382c8) thrown at [/HUDSON/workspace/8-2-build-linux-amd64/jdk8u171/10807/hotspot/src/share/vm/prims/jni.cpp, line 709]
Event: 66,488 Thread 0x00007fb25000d800 Exception <a 'sun/nio/fs/UnixException'> (0x00000000db344bb8) thrown at [/HUDSON/workspace/8-2-build-linux-amd64/jdk8u171/10807/hotspot/src/share/vm/prims/jni.cpp, line 709]

Events (10 events):
Event: 66,548 loading class org/semanticweb/vlog4j/core/reasoner/implementation/TermToVLogConverter done
Event: 66,549 loading class karmaresearch/vlog/Term$TermType
Event: 66,549 loading class karmaresearch/vlog/Term$TermType done
Event: 66,739 loading class org/semanticweb/vlog4j/core/reasoner/implementation/ModelToVLogConverter$1
Event: 66,739 loading class org/semanticweb/vlog4j/core/reasoner/implementation/ModelToVLogConverter$1 done
Event: 66,740 loading class karmaresearch/vlog/VLog$RuleRewriteStrategy
Event: 66,740 loading class karmaresearch/vlog/VLog$RuleRewriteStrategy done
Event: 67,770 Executing VM operation: RevokeBias
Event: 67,770 Executing VM operation: RevokeBias done
Event: 67,770 Thread 0x00007fb250a3c000 Thread exited: 0x00007fb250a3c000


Dynamic libraries:
00400000-00401000 r-xp 00000000 08:08 538109                             /usr/lib/jvm/java-8-oracle/bin/java
00600000-00601000 rw-p 00000000 08:08 538109                             /usr/lib/jvm/java-8-oracle/bin/java
01f11000-01f32000 rw-p 00000000 00:00 0                                  [heap]
85000000-a2b80000 rw-p 00000000 00:00 0 
a2b80000-d7000000 ---p 00000000 00:00 0 
d7000000-100000000 rw-p 00000000 00:00 0 
100000000-100440000 rw-p 00000000 00:00 0 
100440000-140000000 ---p 00000000 00:00 0 
7fb1e8000000-7fb1e8820000 rw-p 00000000 00:00 0 
7fb1e8820000-7fb1ec000000 ---p 00000000 00:00 0 
7fb1eecd6000-7fb1ef6d8000 rw-p 00000000 00:00 0 
7fb1efbda000-7fb1efbef000 r-xp 00000000 08:08 952468                     /tmp/VLog-tmp7371192769697792313/libvlog-java.so (deleted)
7fb1efbef000-7fb1efdee000 ---p 00015000 08:08 952468                     /tmp/VLog-tmp7371192769697792313/libvlog-java.so (deleted)
7fb1efdee000-7fb1efdef000 r--p 00014000 08:08 952468                     /tmp/VLog-tmp7371192769697792313/libvlog-java.so (deleted)
7fb1efdef000-7fb1efdf0000 rw-p 00015000 08:08 952468                     /tmp/VLog-tmp7371192769697792313/libvlog-java.so (deleted)
7fb1efdf0000-7fb1efdf9000 r-xp 00000000 08:08 3277019                    /lib/x86_64-linux-gnu/libcrypt-2.23.so
7fb1efdf9000-7fb1efff8000 ---p 00009000 08:08 3277019                    /lib/x86_64-linux-gnu/libcrypt-2.23.so
7fb1efff8000-7fb1efff9000 r--p 00008000 08:08 3277019                    /lib/x86_64-linux-gnu/libcrypt-2.23.so
7fb1efff9000-7fb1efffa000 rw-p 00009000 08:08 3277019                    /lib/x86_64-linux-gnu/libcrypt-2.23.so
7fb1efffa000-7fb1f0028000 rw-p 00000000 00:00 0 
7fb1f0028000-7fb1f00f7000 r-xp 00000000 08:08 7834                       /usr/lib/x86_64-linux-gnu/libsqlite3.so.0.8.6
7fb1f00f7000-7fb1f02f7000 ---p 000cf000 08:08 7834                       /usr/lib/x86_64-linux-gnu/libsqlite3.so.0.8.6
7fb1f02f7000-7fb1f02fa000 r--p 000cf000 08:08 7834                       /usr/lib/x86_64-linux-gnu/libsqlite3.so.0.8.6
7fb1f02fa000-7fb1f02fc000 rw-p 000d2000 08:08 7834                       /usr/lib/x86_64-linux-gnu/libsqlite3.so.0.8.6
7fb1f02fc000-7fb1f02fd000 rw-p 00000000 00:00 0 
7fb1f02fd000-7fb1f0344000 r-xp 00000000 08:08 7350                       /usr/lib/x86_64-linux-gnu/libhx509.so.5.0.0
7fb1f0344000-7fb1f0543000 ---p 00047000 08:08 7350                       /usr/lib/x86_64-linux-gnu/libhx509.so.5.0.0
7fb1f0543000-7fb1f0545000 r--p 00046000 08:08 7350                       /usr/lib/x86_64-linux-gnu/libhx509.so.5.0.0
7fb1f0545000-7fb1f0547000 rw-p 00048000 08:08 7350                       /usr/lib/x86_64-linux-gnu/libhx509.so.5.0.0
7fb1f0547000-7fb1f0548000 rw-p 00000000 00:00 0 
7fb1f0548000-7fb1f0556000 r-xp 00000000 08:08 7332                       /usr/lib/x86_64-linux-gnu/libheimbase.so.1.0.0
7fb1f0556000-7fb1f0755000 ---p 0000e000 08:08 7332                       /usr/lib/x86_64-linux-gnu/libheimbase.so.1.0.0
7fb1f0755000-7fb1f0756000 r--p 0000d000 08:08 7332                       /usr/lib/x86_64-linux-gnu/libheimbase.so.1.0.0
7fb1f0756000-7fb1f0757000 rw-p 0000e000 08:08 7332                       /usr/lib/x86_64-linux-gnu/libheimbase.so.1.0.0
7fb1f0757000-7fb1f077e000 r-xp 00000000 08:08 8007                       /usr/lib/x86_64-linux-gnu/libwind.so.0.0.0
7fb1f077e000-7fb1f097e000 ---p 00027000 08:08 8007                       /usr/lib/x86_64-linux-gnu/libwind.so.0.0.0
7fb1f097e000-7fb1f097f000 r--p 00027000 08:08 8007                       /usr/lib/x86_64-linux-gnu/libwind.so.0.0.0
7fb1f097f000-7fb1f0980000 rw-p 00028000 08:08 8007                       /usr/lib/x86_64-linux-gnu/libwind.so.0.0.0
7fb1f0980000-7fb1f0987000 r-xp 00000000 08:08 7065                       /usr/lib/x86_64-linux-gnu/libffi.so.6.0.4
7fb1f0987000-7fb1f0b86000 ---p 00007000 08:08 7065                       /usr/lib/x86_64-linux-gnu/libffi.so.6.0.4
7fb1f0b86000-7fb1f0b87000 r--p 00006000 08:08 7065                       /usr/lib/x86_64-linux-gnu/libffi.so.6.0.4
7fb1f0b87000-7fb1f0b88000 rw-p 00007000 08:08 7065                       /usr/lib/x86_64-linux-gnu/libffi.so.6.0.4
7fb1f0b88000-7fb1f0b9d000 r-xp 00000000 08:08 7748                       /usr/lib/x86_64-linux-gnu/libroken.so.18.1.0
7fb1f0b9d000-7fb1f0d9c000 ---p 00015000 08:08 7748                       /usr/lib/x86_64-linux-gnu/libroken.so.18.1.0
7fb1f0d9c000-7fb1f0d9d000 r--p 00014000 08:08 7748                       /usr/lib/x86_64-linux-gnu/libroken.so.18.1.0
7fb1f0d9d000-7fb1f0d9e000 rw-p 00015000 08:08 7748                       /usr/lib/x86_64-linux-gnu/libroken.so.18.1.0
7fb1f0d9e000-7fb1f0dce000 r-xp 00000000 08:08 7330                       /usr/lib/x86_64-linux-gnu/libhcrypto.so.4.1.0
7fb1f0dce000-7fb1f0fce000 ---p 00030000 08:08 7330                       /usr/lib/x86_64-linux-gnu/libhcrypto.so.4.1.0
7fb1f0fce000-7fb1f0fcf000 r--p 00030000 08:08 7330                       /usr/lib/x86_64-linux-gnu/libhcrypto.so.4.1.0
7fb1f0fcf000-7fb1f0fd0000 rw-p 00031000 08:08 7330                       /usr/lib/x86_64-linux-gnu/libhcrypto.so.4.1.0
7fb1f0fd0000-7fb1f0fd1000 rw-p 00000000 00:00 0 
7fb1f0fd1000-7fb1f1070000 r-xp 00000000 08:08 6767                       /usr/lib/x86_64-linux-gnu/libasn1.so.8.0.0
7fb1f1070000-7fb1f126f000 ---p 0009f000 08:08 6767                       /usr/lib/x86_64-linux-gnu/libasn1.so.8.0.0
7fb1f126f000-7fb1f1270000 r--p 0009e000 08:08 6767                       /usr/lib/x86_64-linux-gnu/libasn1.so.8.0.0
7fb1f1270000-7fb1f1273000 rw-p 0009f000 08:08 6767                       /usr/lib/x86_64-linux-gnu/libasn1.so.8.0.0
7fb1f1273000-7fb1f12f7000 r-xp 00000000 08:08 7437                       /usr/lib/x86_64-linux-gnu/libkrb5.so.26.0.0
7fb1f12f7000-7fb1f14f6000 ---p 00084000 08:08 7437                       /usr/lib/x86_64-linux-gnu/libkrb5.so.26.0.0
7fb1f14f6000-7fb1f14f9000 r--p 00083000 08:08 7437                       /usr/lib/x86_64-linux-gnu/libkrb5.so.26.0.0
7fb1f14f9000-7fb1f14fc000 rw-p 00086000 08:08 7437                       /usr/lib/x86_64-linux-gnu/libkrb5.so.26.0.0
7fb1f14fc000-7fb1f14fd000 rw-p 00000000 00:00 0 
7fb1f14fd000-7fb1f1505000 r-xp 00000000 08:08 7334                       /usr/lib/x86_64-linux-gnu/libheimntlm.so.0.1.0
7fb1f1505000-7fb1f1704000 ---p 00008000 08:08 7334                       /usr/lib/x86_64-linux-gnu/libheimntlm.so.0.1.0
7fb1f1704000-7fb1f1705000 r--p 00007000 08:08 7334                       /usr/lib/x86_64-linux-gnu/libheimntlm.so.0.1.0
7fb1f1705000-7fb1f1706000 rw-p 00008000 08:08 7334                       /usr/lib/x86_64-linux-gnu/libheimntlm.so.0.1.0
7fb1f1706000-7fb1f1709000 r-xp 00000000 08:08 3282162                    /lib/x86_64-linux-gnu/libkeyutils.so.1.5
7fb1f1709000-7fb1f1908000 ---p 00003000 08:08 3282162                    /lib/x86_64-linux-gnu/libkeyutils.so.1.5
7fb1f1908000-7fb1f1909000 r--p 00002000 08:08 3282162                    /lib/x86_64-linux-gnu/libkeyutils.so.1.5
7fb1f1909000-7fb1f190a000 rw-p 00003000 08:08 3282162                    /lib/x86_64-linux-gnu/libkeyutils.so.1.5
7fb1f190a000-7fb1f191b000 r-xp 00000000 08:08 2316                       /usr/lib/x86_64-linux-gnu/libtasn1.so.6.5.1
7fb1f191b000-7fb1f1b1b000 ---p 00011000 08:08 2316                       /usr/lib/x86_64-linux-gnu/libtasn1.so.6.5.1
7fb1f1b1b000-7fb1f1b1c000 r--p 00011000 08:08 2316                       /usr/lib/x86_64-linux-gnu/libtasn1.so.6.5.1
7fb1f1b1c000-7fb1f1b1d000 rw-p 00012000 08:08 2316                       /usr/lib/x86_64-linux-gnu/libtasn1.so.6.5.1
7fb1f1b1d000-7fb1f1b76000 r-xp 00000000 08:08 7624                       /usr/lib/x86_64-linux-gnu/libp11-kit.so.0.1.0
7fb1f1b76000-7fb1f1d75000 ---p 00059000 08:08 7624                       /usr/lib/x86_64-linux-gnu/libp11-kit.so.0.1.0
7fb1f1d75000-7fb1f1d7f000 r--p 00058000 08:08 7624                       /usr/lib/x86_64-linux-gnu/libp11-kit.so.0.1.0
7fb1f1d7f000-7fb1f1d81000 rw-p 00062000 08:08 7624                       /usr/lib/x86_64-linux-gnu/libp11-kit.so.0.1.0
7fb1f1d81000-7fb1f1dbe000 r-xp 00000000 08:08 7253                       /usr/lib/x86_64-linux-gnu/libgssapi.so.3.0.0
7fb1f1dbe000-7fb1f1fbe000 ---p 0003d000 08:08 7253                       /usr/lib/x86_64-linux-gnu/libgssapi.so.3.0.0
7fb1f1fbe000-7fb1f1fbf000 r--p 0003d000 08:08 7253                       /usr/lib/x86_64-linux-gnu/libgssapi.so.3.0.0
7fb1f1fbf000-7fb1f1fc1000 rw-p 0003e000 08:08 7253                       /usr/lib/x86_64-linux-gnu/libgssapi.so.3.0.0
7fb1f1fc1000-7fb1f1fc2000 rw-p 00000000 00:00 0 
7fb1f1fc2000-7fb1f1fdb000 r-xp 00000000 08:08 7775                       /usr/lib/x86_64-linux-gnu/libsasl2.so.2.0.25
7fb1f1fdb000-7fb1f21db000 ---p 00019000 08:08 7775                       /usr/lib/x86_64-linux-gnu/libsasl2.so.2.0.25
7fb1f21db000-7fb1f21dc000 r--p 00019000 08:08 7775                       /usr/lib/x86_64-linux-gnu/libsasl2.so.2.0.25
7fb1f21dc000-7fb1f21dd000 rw-p 0001a000 08:08 7775                       /usr/lib/x86_64-linux-gnu/libsasl2.so.2.0.25
7fb1f21dd000-7fb1f21f4000 r-xp 00000000 08:08 3277004                    /lib/x86_64-linux-gnu/libresolv-2.23.so
7fb1f21f4000-7fb1f23f4000 ---p 00017000 08:08 3277004                    /lib/x86_64-linux-gnu/libresolv-2.23.so
7fb1f23f4000-7fb1f23f5000 r--p 00017000 08:08 3277004                    /lib/x86_64-linux-gnu/libresolv-2.23.so
7fb1f23f5000-7fb1f23f6000 rw-p 00018000 08:08 3277004                    /lib/x86_64-linux-gnu/libresolv-2.23.so
7fb1f23f6000-7fb1f23f8000 rw-p 00000000 00:00 0 
7fb1f23f8000-7fb1f2402000 r-xp 00000000 08:08 7441                       /usr/lib/x86_64-linux-gnu/libkrb5support.so.0.1
7fb1f2402000-7fb1f2601000 ---p 0000a000 08:08 7441                       /usr/lib/x86_64-linux-gnu/libkrb5support.so.0.1
7fb1f2601000-7fb1f2602000 r--p 00009000 08:08 7441                       /usr/lib/x86_64-linux-gnu/libkrb5support.so.0.1
7fb1f2602000-7fb1f2603000 rw-p 0000a000 08:08 7441                       /usr/lib/x86_64-linux-gnu/libkrb5support.so.0.1
7fb1f2603000-7fb1f2606000 r-xp 00000000 08:08 3282110                    /lib/x86_64-linux-gnu/libcom_err.so.2.1
7fb1f2606000-7fb1f2805000 ---p 00003000 08:08 3282110                    /lib/x86_64-linux-gnu/libcom_err.so.2.1
7fb1f2805000-7fb1f2806000 r--p 00002000 08:08 3282110                    /lib/x86_64-linux-gnu/libcom_err.so.2.1
7fb1f2806000-7fb1f2807000 rw-p 00003000 08:08 3282110                    /lib/x86_64-linux-gnu/libcom_err.so.2.1
7fb1f2807000-7fb1f2833000 r-xp 00000000 08:08 7431                       /usr/lib/x86_64-linux-gnu/libk5crypto.so.3.1
7fb1f2833000-7fb1f2a32000 ---p 0002c000 08:08 7431                       /usr/lib/x86_64-linux-gnu/libk5crypto.so.3.1
7fb1f2a32000-7fb1f2a34000 r--p 0002b000 08:08 7431                       /usr/lib/x86_64-linux-gnu/libk5crypto.so.3.1
7fb1f2a34000-7fb1f2a35000 rw-p 0002d000 08:08 7431                       /usr/lib/x86_64-linux-gnu/libk5crypto.so.3.1
7fb1f2a35000-7fb1f2a36000 rw-p 00000000 00:00 0 
7fb1f2a36000-7fb1f2af9000 r-xp 00000000 08:08 7439                       /usr/lib/x86_64-linux-gnu/libkrb5.so.3.3
7fb1f2af9000-7fb1f2cf9000 ---p 000c3000 08:08 7439                       /usr/lib/x86_64-linux-gnu/libkrb5.so.3.3
7fb1f2cf9000-7fb1f2d06000 r--p 000c3000 08:08 7439                       /usr/lib/x86_64-linux-gnu/libkrb5.so.3.3
7fb1f2d06000-7fb1f2d08000 rw-p 000d0000 08:08 7439                       /usr/lib/x86_64-linux-gnu/libkrb5.so.3.3
7fb1f2d08000-7fb1f2d87000 r-xp 00000000 08:08 7198                       /usr/lib/x86_64-linux-gnu/libgmp.so.10.3.0
7fb1f2d87000-7fb1f2f86000 ---p 0007f000 08:08 7198                       /usr/lib/x86_64-linux-gnu/libgmp.so.10.3.0
7fb1f2f86000-7fb1f2f87000 r--p 0007e000 08:08 7198                       /usr/lib/x86_64-linux-gnu/libgmp.so.10.3.0
7fb1f2f87000-7fb1f2f88000 rw-p 0007f000 08:08 7198                       /usr/lib/x86_64-linux-gnu/libgmp.so.10.3.0
7fb1f2f88000-7fb1f2fbc000 r-xp 00000000 08:08 7561                       /usr/lib/x86_64-linux-gnu/libnettle.so.6.2
7fb1f2fbc000-7fb1f31bb000 ---p 00034000 08:08 7561                       /usr/lib/x86_64-linux-gnu/libnettle.so.6.2
7fb1f31bb000-7fb1f31bd000 r--p 00033000 08:08 7561                       /usr/lib/x86_64-linux-gnu/libnettle.so.6.2
7fb1f31bd000-7fb1f31be000 rw-p 00035000 08:08 7561                       /usr/lib/x86_64-linux-gnu/libnettle.so.6.2
7fb1f31be000-7fb1f31f0000 r-xp 00000000 08:08 7336                       /usr/lib/x86_64-linux-gnu/libhogweed.so.4.2
7fb1f31f0000-7fb1f33ef000 ---p 00032000 08:08 7336                       /usr/lib/x86_64-linux-gnu/libhogweed.so.4.2
7fb1f33ef000-7fb1f33f0000 r--p 00031000 08:08 7336                       /usr/lib/x86_64-linux-gnu/libhogweed.so.4.2
7fb1f33f0000-7fb1f33f1000 rw-p 00032000 08:08 7336                       /usr/lib/x86_64-linux-gnu/libhogweed.so.4.2
7fb1f33f1000-7fb1f3514000 r-xp 00000000 08:08 926                        /usr/lib/x86_64-linux-gnu/libgnutls.so.30.6.2
7fb1f3514000-7fb1f3713000 ---p 00123000 08:08 926                        /usr/lib/x86_64-linux-gnu/libgnutls.so.30.6.2
7fb1f3713000-7fb1f371e000 r--p 00122000 08:08 926                        /usr/lib/x86_64-linux-gnu/libgnutls.so.30.6.2
7fb1f371e000-7fb1f3720000 rw-p 0012d000 08:08 926                        /usr/lib/x86_64-linux-gnu/libgnutls.so.30.6.2
7fb1f3720000-7fb1f3721000 rw-p 00000000 00:00 0 
7fb1f3721000-7fb1f376e000 r-xp 00000000 08:08 2039                       /usr/lib/x86_64-linux-gnu/libldap_r-2.4.so.2.10.5
7fb1f376e000-7fb1f396d000 ---p 0004d000 08:08 2039                       /usr/lib/x86_64-linux-gnu/libldap_r-2.4.so.2.10.5
7fb1f396d000-7fb1f396f000 r--p 0004c000 08:08 2039                       /usr/lib/x86_64-linux-gnu/libldap_r-2.4.so.2.10.5
7fb1f396f000-7fb1f3970000 rw-p 0004e000 08:08 2039                       /usr/lib/x86_64-linux-gnu/libldap_r-2.4.so.2.10.5
7fb1f3970000-7fb1f3972000 rw-p 00000000 00:00 0 
7fb1f3972000-7fb1f39b9000 r-xp 00000000 08:08 7255                       /usr/lib/x86_64-linux-gnu/libgssapi_krb5.so.2.2
7fb1f39b9000-7fb1f3bb8000 ---p 00047000 08:08 7255                       /usr/lib/x86_64-linux-gnu/libgssapi_krb5.so.2.2
7fb1f3bb8000-7fb1f3bba000 r--p 00046000 08:08 7255                       /usr/lib/x86_64-linux-gnu/libgssapi_krb5.so.2.2
7fb1f3bba000-7fb1f3bbc000 rw-p 00048000 08:08 7255                       /usr/lib/x86_64-linux-gnu/libgssapi_krb5.so.2.2
7fb1f3bbc000-7fb1f3dd6000 r-xp 00000000 08:08 3282140                    /lib/x86_64-linux-gnu/libcrypto.so.1.0.0
7fb1f3dd6000-7fb1f3fd5000 ---p 0021a000 08:08 3282140                    /lib/x86_64-linux-gnu/libcrypto.so.1.0.0
7fb1f3fd5000-7fb1f3ff1000 r--p 00219000 08:08 3282140                    /lib/x86_64-linux-gnu/libcrypto.so.1.0.0
7fb1f3ff1000-7fb1f3ffd000 rw-p 00235000 08:08 3282140                    /lib/x86_64-linux-gnu/libcrypto.so.1.0.0
7fb1f3ffd000-7fb1f4000000 rw-p 00000000 00:00 0 
7fb1f4000000-7fb1f4021000 rw-p 00000000 00:00 0 
7fb1f4021000-7fb1f8000000 ---p 00000000 00:00 0 
7fb1f8026000-7fb1f8084000 r-xp 00000000 08:08 3287646                    /lib/x86_64-linux-gnu/libssl.so.1.0.0
7fb1f8084000-7fb1f8284000 ---p 0005e000 08:08 3287646                    /lib/x86_64-linux-gnu/libssl.so.1.0.0
7fb1f8284000-7fb1f8288000 r--p 0005e000 08:08 3287646                    /lib/x86_64-linux-gnu/libssl.so.1.0.0
7fb1f8288000-7fb1f828f000 rw-p 00062000 08:08 3287646                    /lib/x86_64-linux-gnu/libssl.so.1.0.0
7fb1f828f000-7fb1f82aa000 r-xp 00000000 08:08 7756                       /usr/lib/x86_64-linux-gnu/librtmp.so.1
7fb1f82aa000-7fb1f84a9000 ---p 0001b000 08:08 7756                       /usr/lib/x86_64-linux-gnu/librtmp.so.1
7fb1f84a9000-7fb1f84aa000 r--p 0001a000 08:08 7756                       /usr/lib/x86_64-linux-gnu/librtmp.so.1
7fb1f84aa000-7fb1f84ab000 rw-p 0001b000 08:08 7756                       /usr/lib/x86_64-linux-gnu/librtmp.so.1
7fb1f84ab000-7fb1f84dc000 r-xp 00000000 08:08 307                        /usr/lib/x86_64-linux-gnu/libidn.so.11.6.15
7fb1f84dc000-7fb1f86dc000 ---p 00031000 08:08 307                        /usr/lib/x86_64-linux-gnu/libidn.so.11.6.15
7fb1f86dc000-7fb1f86dd000 r--p 00031000 08:08 307                        /usr/lib/x86_64-linux-gnu/libidn.so.11.6.15
7fb1f86dd000-7fb1f86de000 rw-p 00032000 08:08 307                        /usr/lib/x86_64-linux-gnu/libidn.so.11.6.15
7fb1f86de000-7fb1f8749000 r-xp 00000000 08:08 300                        /usr/lib/x86_64-linux-gnu/libcurl.so.4.4.0
7fb1f8749000-7fb1f8949000 ---p 0006b000 08:08 300                        /usr/lib/x86_64-linux-gnu/libcurl.so.4.4.0
7fb1f8949000-7fb1f894c000 r--p 0006b000 08:08 300                        /usr/lib/x86_64-linux-gnu/libcurl.so.4.4.0
7fb1f894c000-7fb1f894d000 rw-p 0006e000 08:08 300                        /usr/lib/x86_64-linux-gnu/libcurl.so.4.4.0
7fb1f894d000-7fb1f8ae8000 r-xp 00000000 08:08 952466                     /tmp/VLog-tmp3351126566356658840/libvlog-core.so (deleted)
7fb1f8ae8000-7fb1f8ce7000 ---p 0019b000 08:08 952466                     /tmp/VLog-tmp3351126566356658840/libvlog-core.so (deleted)
7fb1f8ce7000-7fb1f8cec000 r--p 0019a000 08:08 952466                     /tmp/VLog-tmp3351126566356658840/libvlog-core.so (deleted)
7fb1f8cec000-7fb1f8cef000 rw-p 0019f000 08:08 952466                     /tmp/VLog-tmp3351126566356658840/libvlog-core.so (deleted)
7fb1f8cef000-7fb1f8dfa000 r-xp 00000000 08:08 952464                     /tmp/VLog-tmp4758817775286265774/libtrident-sparql.so (deleted)
7fb1f8dfa000-7fb1f8ff9000 ---p 0010b000 08:08 952464                     /tmp/VLog-tmp4758817775286265774/libtrident-sparql.so (deleted)
7fb1f8ff9000-7fb1f8ffd000 r--p 0010a000 08:08 952464                     /tmp/VLog-tmp4758817775286265774/libtrident-sparql.so (deleted)
7fb1f8ffd000-7fb1f8fff000 rw-p 0010e000 08:08 952464                     /tmp/VLog-tmp4758817775286265774/libtrident-sparql.so (deleted)
7fb1f8fff000-7fb1fc000000 rw-p 00000000 00:00 0 
7fb1fc000000-7fb1fc021000 rw-p 00000000 00:00 0 
7fb1fc021000-7fb200000000 ---p 00000000 00:00 0 
7fb200000000-7fb200021000 rw-p 00000000 00:00 0 
7fb200021000-7fb204000000 ---p 00000000 00:00 0 
7fb204000000-7fb204021000 rw-p 00000000 00:00 0 
7fb204021000-7fb208000000 ---p 00000000 00:00 0 
7fb208000000-7fb208021000 rw-p 00000000 00:00 0 
7fb208021000-7fb20c000000 ---p 00000000 00:00 0 
7fb20c000000-7fb20dccd000 rw-p 00000000 00:00 0 
7fb20dccd000-7fb210000000 ---p 00000000 00:00 0 
7fb210000000-7fb2104e0000 rw-p 00000000 00:00 0 
7fb2104e0000-7fb214000000 ---p 00000000 00:00 0 
7fb214000000-7fb214021000 rw-p 00000000 00:00 0 
7fb214021000-7fb218000000 ---p 00000000 00:00 0 
7fb218000000-7fb2192db000 rw-p 00000000 00:00 0 
7fb2192db000-7fb21c000000 ---p 00000000 00:00 0 
7fb21c000000-7fb21c021000 rw-p 00000000 00:00 0 
7fb21c021000-7fb220000000 ---p 00000000 00:00 0 
7fb220000000-7fb220021000 rw-p 00000000 00:00 0 
7fb220021000-7fb224000000 ---p 00000000 00:00 0 
7fb224000000-7fb224021000 rw-p 00000000 00:00 0 
7fb224021000-7fb228000000 ---p 00000000 00:00 0 
7fb228000000-7fb22802a000 rw-p 00000000 00:00 0 
7fb22802a000-7fb22c000000 ---p 00000000 00:00 0 
7fb22c000000-7fb22c021000 rw-p 00000000 00:00 0 
7fb22c021000-7fb230000000 ---p 00000000 00:00 0 
7fb230005000-7fb230012000 r-xp 00000000 08:08 2276                       /usr/lib/x86_64-linux-gnu/liblber-2.4.so.2.10.5
7fb230012000-7fb230212000 ---p 0000d000 08:08 2276                       /usr/lib/x86_64-linux-gnu/liblber-2.4.so.2.10.5
7fb230212000-7fb230213000 r--p 0000d000 08:08 2276                       /usr/lib/x86_64-linux-gnu/liblber-2.4.so.2.10.5
7fb230213000-7fb230214000 rw-p 0000e000 08:08 2276                       /usr/lib/x86_64-linux-gnu/liblber-2.4.so.2.10.5
7fb230214000-7fb2303f6000 r-xp 00000000 08:08 952462                     /tmp/VLog-tmp7000874102689086839/libtrident-core.so (deleted)
7fb2303f6000-7fb2305f5000 ---p 001e2000 08:08 952462                     /tmp/VLog-tmp7000874102689086839/libtrident-core.so (deleted)
7fb2305f5000-7fb2305fd000 r--p 001e1000 08:08 952462                     /tmp/VLog-tmp7000874102689086839/libtrident-core.so (deleted)
7fb2305fd000-7fb2305ff000 rw-p 001e9000 08:08 952462                     /tmp/VLog-tmp7000874102689086839/libtrident-core.so (deleted)
7fb2305ff000-7fb230600000 rw-p 00000000 00:00 0 
7fb230600000-7fb230616000 r-xp 00000000 08:08 3282139                    /lib/x86_64-linux-gnu/libgcc_s.so.1
7fb230616000-7fb230815000 ---p 00016000 08:08 3282139                    /lib/x86_64-linux-gnu/libgcc_s.so.1
7fb230815000-7fb230816000 rw-p 00015000 08:08 3282139                    /lib/x86_64-linux-gnu/libgcc_s.so.1
7fb230816000-7fb230988000 r-xp 00000000 08:08 302                        /usr/lib/x86_64-linux-gnu/libstdc++.so.6.0.21
7fb230988000-7fb230b88000 ---p 00172000 08:08 302                        /usr/lib/x86_64-linux-gnu/libstdc++.so.6.0.21
7fb230b88000-7fb230b92000 r--p 00172000 08:08 302                        /usr/lib/x86_64-linux-gnu/libstdc++.so.6.0.21
7fb230b92000-7fb230b94000 rw-p 0017c000 08:08 302                        /usr/lib/x86_64-linux-gnu/libstdc++.so.6.0.21
7fb230b94000-7fb230b98000 rw-p 00000000 00:00 0 
7fb230b98000-7fb230bb1000 r-xp 00000000 08:08 3282292                    /lib/x86_64-linux-gnu/libz.so.1.2.8
7fb230bb1000-7fb230db0000 ---p 00019000 08:08 3282292                    /lib/x86_64-linux-gnu/libz.so.1.2.8
7fb230db0000-7fb230db1000 r--p 00018000 08:08 3282292                    /lib/x86_64-linux-gnu/libz.so.1.2.8
7fb230db1000-7fb230db2000 rw-p 00019000 08:08 3282292                    /lib/x86_64-linux-gnu/libz.so.1.2.8
7fb230dd1000-7fb230ed9000 r-xp 00000000 08:08 936195                     /tmp/VLog-tmp9023889757002810614/libkognac-core.so (deleted)
7fb230ed9000-7fb2310d8000 ---p 00108000 08:08 936195                     /tmp/VLog-tmp9023889757002810614/libkognac-core.so (deleted)
7fb2310d8000-7fb2310db000 r--p 00107000 08:08 936195                     /tmp/VLog-tmp9023889757002810614/libkognac-core.so (deleted)
7fb2310db000-7fb2310dd000 rw-p 0010a000 08:08 936195                     /tmp/VLog-tmp9023889757002810614/libkognac-core.so (deleted)
7fb2310dd000-7fb2310f3000 r-xp 00000000 08:08 538228                     /usr/lib/jvm/java-8-oracle/jre/lib/amd64/libnet.so
7fb2310f3000-7fb2312f3000 ---p 00016000 08:08 538228                     /usr/lib/jvm/java-8-oracle/jre/lib/amd64/libnet.so
7fb2312f3000-7fb2312f4000 rw-p 00016000 08:08 538228                     /usr/lib/jvm/java-8-oracle/jre/lib/amd64/libnet.so
7fb2312f4000-7fb231305000 r-xp 00000000 08:08 538231                     /usr/lib/jvm/java-8-oracle/jre/lib/amd64/libnio.so
7fb231305000-7fb231504000 ---p 00011000 08:08 538231                     /usr/lib/jvm/java-8-oracle/jre/lib/amd64/libnio.so
7fb231504000-7fb231505000 rw-p 00010000 08:08 538231                     /usr/lib/jvm/java-8-oracle/jre/lib/amd64/libnio.so
7fb231505000-7fb231605000 rw-p 00000000 00:00 0 
7fb231605000-7fb231708000 ---p 00000000 00:00 0 
7fb231708000-7fb231806000 rw-p 00000000 00:00 0 
7fb231806000-7fb231809000 ---p 00000000 00:00 0 
7fb231809000-7fb231907000 rw-p 00000000 00:00 0 
7fb231907000-7fb23190a000 ---p 00000000 00:00 0 
7fb23190a000-7fb231c08000 rw-p 00000000 00:00 0 
7fb231c08000-7fb231e08000 rw-p 00000000 00:00 0 
7fb231e08000-7fb232008000 rw-p 00000000 00:00 0 
7fb232008000-7fb232208000 rw-p 00000000 00:00 0 
7fb232208000-7fb23220b000 r--s 0001b000 08:09 2228631                    /home/raj/.m2/repository/junit/junit/3.8.1/junit-3.8.1.jar
7fb23220b000-7fb23220f000 r--s 0002a000 08:09 1707061                    /home/raj/.m2/repository/commons-io/commons-io/2.4/commons-io-2.4.jar
7fb23220f000-7fb232211000 r--s 00006000 08:09 2229146                    /home/raj/.m2/repository/com/google/code/findbugs/jsr305/2.0.1/jsr305-2.0.1.jar
7fb232211000-7fb232213000 r--s 00012000 08:09 2229861                    /home/raj/.m2/repository/com/google/inject/extensions/guice-multibindings/4.0/guice-multibindings-4.0.jar
7fb232213000-7fb232215000 r--s 00009000 08:09 2229854                    /home/raj/.m2/repository/com/google/inject/extensions/guice-assistedinject/4.0/guice-assistedinject-4.0.jar
7fb232215000-7fb232217000 r--s 00000000 08:09 2229852                    /home/raj/.m2/repository/aopalliance/aopalliance/1.0/aopalliance-1.0.jar
7fb232217000-7fb232218000 r--s 00000000 08:09 2229196                    /home/raj/.m2/repository/javax/inject/javax.inject/1/javax.inject-1.jar
7fb232218000-7fb232226000 r--s 00096000 08:09 2229845                    /home/raj/.m2/repository/com/google/inject/guice/4.0/guice-4.0.jar
7fb232226000-7fb232252000 r--s 00208000 08:09 2229841                    /home/raj/.m2/repository/com/google/guava/guava/19.0/guava-19.0.jar
7fb232252000-7fb232272000 r--s 00129000 08:09 2229838                    /home/raj/.m2/repository/com/github/ben-manes/caffeine/caffeine/2.1.0/caffeine-2.1.0.jar
7fb232272000-7fb23229a000 r--s 00241000 08:09 2229813                    /home/raj/.m2/repository/net/sf/trove4j/trove4j/3.0.3/trove4j-3.0.3.jar
7fb23229a000-7fb23229c000 r--s 00005000 08:09 2359496                    /home/raj/.m2/repository/org/semarglproject/semargl-rdf/0.6.1/semargl-rdf-0.6.1.jar
7fb23229c000-7fb23229d000 r--s 00008000 08:09 2359512                    /home/raj/.m2/repository/org/semarglproject/semargl-rdfa/0.6.1/semargl-rdfa-0.6.1.jar
7fb23229d000-7fb23229f000 r--s 00004000 08:09 2359493                    /home/raj/.m2/repository/org/semarglproject/semargl-core/0.6.1/semargl-core-0.6.1.jar
7fb23229f000-7fb2322a0000 r--s 00002000 08:09 2359508                    /home/raj/.m2/repository/org/semarglproject/semargl-sesame/0.6.1/semargl-sesame-0.6.1.jar
7fb2322a0000-7fb2322a2000 r--s 00003000 08:09 2359491                    /home/raj/.m2/repository/org/slf4j/jcl-over-slf4j/1.7.13/jcl-over-slf4j-1.7.13.jar
7fb2322a2000-7fb2322a9000 r--s 00050000 08:09 2359504                    /home/raj/.m2/repository/org/apache/httpcomponents/httpcore-nio/4.4.4/httpcore-nio-4.4.4.jar
7fb2322a9000-7fb2322b0000 r--s 00049000 08:09 2359502                    /home/raj/.m2/repository/org/apache/httpcomponents/httpcore/4.4.4/httpcore-4.4.4.jar
7fb2322b0000-7fb2322be000 r--s 0009a000 08:09 2359500                    /home/raj/.m2/repository/org/apache/httpcomponents/httpcore-osgi/4.4.4/httpcore-osgi-4.4.4.jar
7fb2322be000-7fb2322bf000 r--s 00007000 08:09 2359499                    /home/raj/.m2/repository/org/apache/httpcomponents/fluent-hc/4.5.1/fluent-hc-4.5.1.jar
7fb2322bf000-7fb2322c2000 r--s 00024000 08:09 2359497                    /home/raj/.m2/repository/org/apache/httpcomponents/httpclient-cache/4.5.1/httpclient-cache-4.5.1.jar
7fb2322c2000-7fb2322c3000 r--s 00009000 08:09 2359494                    /home/raj/.m2/repository/org/apache/httpcomponents/httpmime/4.5.1/httpmime-4.5.1.jar
7fb2322c3000-7fb2322ca000 r--s 0003a000 08:09 2359492                    /home/raj/.m2/repository/commons-codec/commons-codec/1.9/commons-codec-1.9.jar
7fb2322ca000-7fb2322d7000 r--s 000a6000 08:09 2359495                    /home/raj/.m2/repository/org/apache/httpcomponents/httpclient/4.5.1/httpclient-4.5.1.jar
7fb2322e9000-7fb2322ee000 r--s 0009d000 08:08 538173                     /usr/lib/jvm/java-8-oracle/jre/lib/jsse.jar
7fb2322ee000-7fb2322f0000 r--s 0001c000 08:09 2230322                    /home/raj/.m2/repository/com/github/jsonld-java/jsonld-java/0.8.0/jsonld-java-0.8.0.jar
7fb2322f0000-7fb2322f1000 r--s 00001000 08:09 2230340                    /home/raj/.m2/repository/org/openrdf/sesame/sesame-rio-trig/4.0.2/sesame-rio-trig-4.0.2.jar
7fb2322f1000-7fb2322f2000 r--s 00005000 08:09 2230330                    /home/raj/.m2/repository/org/openrdf/sesame/sesame-rio-turtle/4.0.2/sesame-rio-turtle-4.0.2.jar
7fb2322f2000-7fb2322f3000 r--s 00002000 08:09 2230335                    /home/raj/.m2/repository/org/openrdf/sesame/sesame-rio-trix/4.0.2/sesame-rio-trix-4.0.2.jar
7fb2322f3000-7fb2322f5000 r--s 00008000 08:09 2230298                    /home/raj/.m2/repository/org/openrdf/sesame/sesame-rio-rdfxml/4.0.2/sesame-rio-rdfxml-4.0.2.jar
7fb2322f5000-7fb2322f7000 r--s 00002000 08:09 2230317                    /home/raj/.m2/repository/org/openrdf/sesame/sesame-rio-rdfjson/4.0.2/sesame-rio-rdfjson-4.0.2.jar
7fb2322f7000-7fb2322f9000 r--s 00003000 08:09 2230329                    /home/raj/.m2/repository/org/openrdf/sesame/sesame-rio-ntriples/4.0.2/sesame-rio-ntriples-4.0.2.jar
7fb2322f9000-7fb2322fa000 r--s 00001000 08:09 2230327                    /home/raj/.m2/repository/org/openrdf/sesame/sesame-rio-nquads/4.0.2/sesame-rio-nquads-4.0.2.jar
7fb2322fa000-7fb2322fc000 r--s 00000000 08:09 2230313                    /home/raj/.m2/repository/org/openrdf/sesame/sesame-rio-n3/4.0.2/sesame-rio-n3-4.0.2.jar
7fb2322fc000-7fb2322fd000 r--s 00002000 08:09 2230310                    /home/raj/.m2/repository/org/openrdf/sesame/sesame-rio-binary/4.0.2/sesame-rio-binary-4.0.2.jar
7fb2322fd000-7fb2322ff000 r--s 00001000 08:09 2230306                    /home/raj/.m2/repository/org/openrdf/sesame/sesame-rio-datatypes/4.0.2/sesame-rio-datatypes-4.0.2.jar
7fb2322ff000-7fb232300000 r--s 00000000 08:09 2230304                    /home/raj/.m2/repository/org/openrdf/sesame/sesame-rio-languages/4.0.2/sesame-rio-languages-4.0.2.jar
7fb232300000-7fb232303000 r--s 0000d000 08:09 2230293                    /home/raj/.m2/repository/org/openrdf/sesame/sesame-rio-api/4.0.2/sesame-rio-api-4.0.2.jar
7fb232303000-7fb232305000 r--s 00014000 08:09 2230316                    /home/raj/.m2/repository/org/openrdf/sesame/sesame-util/4.0.2/sesame-util-4.0.2.jar
7fb232305000-7fb232309000 r--s 00029000 08:09 2230314                    /home/raj/.m2/repository/org/openrdf/sesame/sesame-model/4.0.2/sesame-model-4.0.2.jar
7fb232309000-7fb23230d000 r--s 00015000 08:09 2230311                    /home/raj/.m2/repository/org/tukaani/xz/1.5/xz-1.5.jar
7fb23230d000-7fb23230e000 r--s 00002000 08:09 2230309                    /home/raj/.m2/repository/org/apache/commons/commons-rdf-api/0.1.0-incubating/commons-rdf-api-0.1.0-incubating.jar
7fb23230e000-7fb232310000 r--s 00002000 08:09 2230300                    /home/raj/.m2/repository/org/openrdf/sesame/sesame-rio-jsonld/4.0.2/sesame-rio-jsonld-4.0.2.jar
7fb232310000-7fb232314000 r--s 0000c000 08:09 2624262                    /home/raj/.m2/repository/net/sourceforge/owlapi/owlapi-rio/5.0.0/owlapi-rio-5.0.0.jar
7fb232314000-7fb232318000 r--s 00015000 08:09 2624260                    /home/raj/.m2/repository/net/sourceforge/owlapi/owlapi-fixers/5.0.0/owlapi-fixers-5.0.0.jar
7fb232318000-7fb23231e000 r--s 00039000 08:09 2624258                    /home/raj/.m2/repository/net/sourceforge/owlapi/owlapi-tools/5.0.0/owlapi-tools-5.0.0.jar
7fb23231e000-7fb232332000 r--s 000e4000 08:09 2624254                    /home/raj/.m2/repository/net/sourceforge/owlapi/owlapi-parsers/5.0.0/owlapi-parsers-5.0.0.jar
7fb232332000-7fb232339000 r--s 0004b000 08:09 2624252                    /home/raj/.m2/repository/net/sourceforge/owlapi/owlapi-impl/5.0.0/owlapi-impl-5.0.0.jar
7fb232339000-7fb232350000 r--s 000ce000 08:09 2624250                    /home/raj/.m2/repository/net/sourceforge/owlapi/owlapi-api/5.0.0/owlapi-api-5.0.0.jar
7fb232350000-7fb232355000 r--s 00019000 08:09 2624246                    /home/raj/.m2/repository/net/sourceforge/owlapi/owlapi-compatibility/5.0.0/owlapi-compatibility-5.0.0.jar
7fb232355000-7fb232392000 r--s 002ac000 08:09 2624244                    /home/raj/.m2/repository/net/sourceforge/owlapi/owlapi-distribution/5.0.0/owlapi-distribution-5.0.0.jar
7fb232392000-7fb232393000 ---p 00000000 00:00 0 
7fb232393000-7fb232493000 rw-p 00000000 00:00 0 
7fb232493000-7fb232496000 ---p 00000000 00:00 0 
7fb232496000-7fb232594000 rw-p 00000000 00:00 0 
7fb232594000-7fb232597000 ---p 00000000 00:00 0 
7fb232597000-7fb232695000 rw-p 00000000 00:00 0 
7fb232695000-7fb232698000 ---p 00000000 00:00 0 
7fb232698000-7fb232796000 rw-p 00000000 00:00 0 
7fb232796000-7fb232799000 ---p 00000000 00:00 0 
7fb232799000-7fb232897000 rw-p 00000000 00:00 0 
7fb232897000-7fb23289a000 ---p 00000000 00:00 0 
7fb23289a000-7fb232998000 rw-p 00000000 00:00 0 
7fb232998000-7fb232dee000 r--p 00000000 08:08 1521                       /usr/lib/locale/locale-archive
7fb232dee000-7fb232df1000 ---p 00000000 00:00 0 
7fb232df1000-7fb232eef000 rw-p 00000000 00:00 0 
7fb232eef000-7fb232ef2000 ---p 00000000 00:00 0 
7fb232ef2000-7fb232ff0000 rw-p 00000000 00:00 0 
7fb232ff0000-7fb232ff1000 ---p 00000000 00:00 0 
7fb232ff1000-7fb234000000 rw-p 00000000 00:00 0 
7fb234000000-7fb234021000 rw-p 00000000 00:00 0 
7fb234021000-7fb238000000 ---p 00000000 00:00 0 
7fb238000000-7fb238004000 r--s 0002b000 08:09 2624256                    /home/raj/.m2/repository/net/sourceforge/owlapi/owlapi-oboformat/5.0.0/owlapi-oboformat-5.0.0.jar
7fb238004000-7fb238015000 r--s 0010d000 08:09 2230296                    /home/raj/.m2/repository/com/fasterxml/jackson/core/jackson-databind/2.6.3/jackson-databind-2.6.3.jar
7fb238015000-7fb2380a6000 rw-p 00000000 00:00 0 
7fb2380a6000-7fb238280000 r--s 03d68000 08:08 538168                     /usr/lib/jvm/java-8-oracle/jre/lib/rt.jar
7fb238280000-7fb23c000000 rw-p 00000000 00:00 0 
7fb23c000000-7fb23c021000 rw-p 00000000 00:00 0 
7fb23c021000-7fb240000000 ---p 00000000 00:00 0 
7fb240000000-7fb240003000 r--s 00009000 08:09 2230288                    /home/raj/.m2/repository/com/fasterxml/jackson/core/jackson-annotations/2.6.3/jackson-annotations-2.6.3.jar
7fb240003000-7fb240bfc000 rw-p 00000000 00:00 0 
7fb240bfc000-7fb240bfd000 ---p 00000000 00:00 0 
7fb240bfd000-7fb240cfd000 rw-p 00000000 00:00 0 
7fb240cfd000-7fb240cfe000 ---p 00000000 00:00 0 
7fb240cfe000-7fb240dfe000 rw-p 00000000 00:00 0 
7fb240dfe000-7fb240dff000 ---p 00000000 00:00 0 
7fb240dff000-7fb240eff000 rw-p 00000000 00:00 0 
7fb240eff000-7fb240f00000 ---p 00000000 00:00 0 
7fb240f00000-7fb241000000 rw-p 00000000 00:00 0 
7fb241000000-7fb241b50000 rwxp 00000000 00:00 0 
7fb241b50000-7fb250000000 ---p 00000000 00:00 0 
7fb250000000-7fb254000000 rw-p 00000000 00:00 0 
7fb254000000-7fb254001000 r--s 00002000 08:09 2624248                    /home/raj/.m2/repository/net/sourceforge/owlapi/owlapi-apibinding/5.0.0/owlapi-apibinding-5.0.0.jar
7fb254004000-7fb254006000 r--s 00009000 08:09 2886314                    /home/raj/.m2/repository/org/apache/commons/commons-csv/1.5/commons-csv-1.5.jar
7fb254006000-7fb25400e000 r--s 00072000 08:09 2886312                    /home/raj/.m2/repository/org/apache/commons/commons-lang3/3.7/commons-lang3-3.7.jar
7fb25400e000-7fb25400f000 r--s 00007000 08:09 2230570                    /home/raj/.m2/repository/org/slf4j/slf4j-api/1.7.10/slf4j-api-1.7.10.jar
7fb25400f000-7fb254011000 r--s 00005000 08:09 2886310                    /home/raj/.m2/repository/org/eclipse/jdt/org.eclipse.jdt.annotation/2.1.100/org.eclipse.jdt.annotation-2.1.100.jar
7fb254011000-7fb254016000 r--s 00084000 08:08 538139                     /usr/lib/jvm/java-8-oracle/jre/lib/jfr.jar
7fb254016000-7fb25419b000 rw-p 00000000 00:00 0 
7fb25419b000-7fb25433d000 ---p 00000000 00:00 0 
7fb25433d000-7fb25442b000 rw-p 00000000 00:00 0 
7fb25442b000-7fb2545cd000 ---p 00000000 00:00 0 
7fb2545cd000-7fb254715000 rw-p 00000000 00:00 0 
7fb254715000-7fb254744000 rw-p 00000000 00:00 0 
7fb254744000-7fb254ad6000 ---p 00000000 00:00 0 
7fb254ad6000-7fb254af1000 r-xp 00000000 08:08 538224                     /usr/lib/jvm/java-8-oracle/jre/lib/amd64/libzip.so
7fb254af1000-7fb254cf1000 ---p 0001b000 08:08 538224                     /usr/lib/jvm/java-8-oracle/jre/lib/amd64/libzip.so
7fb254cf1000-7fb254cf2000 rw-p 0001b000 08:08 538224                     /usr/lib/jvm/java-8-oracle/jre/lib/amd64/libzip.so
7fb254cf2000-7fb254cfd000 r-xp 00000000 08:08 3277013                    /lib/x86_64-linux-gnu/libnss_files-2.23.so
7fb254cfd000-7fb254efc000 ---p 0000b000 08:08 3277013                    /lib/x86_64-linux-gnu/libnss_files-2.23.so
7fb254efc000-7fb254efd000 r--p 0000a000 08:08 3277013                    /lib/x86_64-linux-gnu/libnss_files-2.23.so
7fb254efd000-7fb254efe000 rw-p 0000b000 08:08 3277013                    /lib/x86_64-linux-gnu/libnss_files-2.23.so
7fb254efe000-7fb254f04000 rw-p 00000000 00:00 0 
7fb254f04000-7fb254f0f000 r-xp 00000000 08:08 3277017                    /lib/x86_64-linux-gnu/libnss_nis-2.23.so
7fb254f0f000-7fb25510e000 ---p 0000b000 08:08 3277017                    /lib/x86_64-linux-gnu/libnss_nis-2.23.so
7fb25510e000-7fb25510f000 r--p 0000a000 08:08 3277017                    /lib/x86_64-linux-gnu/libnss_nis-2.23.so
7fb25510f000-7fb255110000 rw-p 0000b000 08:08 3277017                    /lib/x86_64-linux-gnu/libnss_nis-2.23.so
7fb255110000-7fb255126000 r-xp 00000000 08:08 3276997                    /lib/x86_64-linux-gnu/libnsl-2.23.so
7fb255126000-7fb255325000 ---p 00016000 08:08 3276997                    /lib/x86_64-linux-gnu/libnsl-2.23.so
7fb255325000-7fb255326000 r--p 00015000 08:08 3276997                    /lib/x86_64-linux-gnu/libnsl-2.23.so
7fb255326000-7fb255327000 rw-p 00016000 08:08 3276997                    /lib/x86_64-linux-gnu/libnsl-2.23.so
7fb255327000-7fb255329000 rw-p 00000000 00:00 0 
7fb255329000-7fb255331000 r-xp 00000000 08:08 3277008                    /lib/x86_64-linux-gnu/libnss_compat-2.23.so
7fb255331000-7fb255530000 ---p 00008000 08:08 3277008                    /lib/x86_64-linux-gnu/libnss_compat-2.23.so
7fb255530000-7fb255531000 r--p 00007000 08:08 3277008                    /lib/x86_64-linux-gnu/libnss_compat-2.23.so
7fb255531000-7fb255532000 rw-p 00008000 08:08 3277008                    /lib/x86_64-linux-gnu/libnss_compat-2.23.so
7fb255532000-7fb25555d000 r-xp 00000000 08:08 538218                     /usr/lib/jvm/java-8-oracle/jre/lib/amd64/libjava.so
7fb25555d000-7fb25575c000 ---p 0002b000 08:08 538218                     /usr/lib/jvm/java-8-oracle/jre/lib/amd64/libjava.so
7fb25575c000-7fb25575e000 rw-p 0002a000 08:08 538218                     /usr/lib/jvm/java-8-oracle/jre/lib/amd64/libjava.so
7fb25575e000-7fb25576b000 r-xp 00000000 08:08 538223                     /usr/lib/jvm/java-8-oracle/jre/lib/amd64/libverify.so
7fb25576b000-7fb25596b000 ---p 0000d000 08:08 538223                     /usr/lib/jvm/java-8-oracle/jre/lib/amd64/libverify.so
7fb25596b000-7fb25596d000 rw-p 0000d000 08:08 538223                     /usr/lib/jvm/java-8-oracle/jre/lib/amd64/libverify.so
7fb25596d000-7fb255974000 r-xp 00000000 08:08 3277018                    /lib/x86_64-linux-gnu/librt-2.23.so
7fb255974000-7fb255b73000 ---p 00007000 08:08 3277018                    /lib/x86_64-linux-gnu/librt-2.23.so
7fb255b73000-7fb255b74000 r--p 00006000 08:08 3277018                    /lib/x86_64-linux-gnu/librt-2.23.so
7fb255b74000-7fb255b75000 rw-p 00007000 08:08 3277018                    /lib/x86_64-linux-gnu/librt-2.23.so
7fb255b75000-7fb255c7d000 r-xp 00000000 08:08 3276996                    /lib/x86_64-linux-gnu/libm-2.23.so
7fb255c7d000-7fb255e7c000 ---p 00108000 08:08 3276996                    /lib/x86_64-linux-gnu/libm-2.23.so
7fb255e7c000-7fb255e7d000 r--p 00107000 08:08 3276996                    /lib/x86_64-linux-gnu/libm-2.23.so
7fb255e7d000-7fb255e7e000 rw-p 00108000 08:08 3276996                    /lib/x86_64-linux-gnu/libm-2.23.so
7fb255e7e000-7fb256b57000 r-xp 00000000 08:08 538246                     /usr/lib/jvm/java-8-oracle/jre/lib/amd64/server/libjvm.so
7fb256b57000-7fb256d56000 ---p 00cd9000 08:08 538246                     /usr/lib/jvm/java-8-oracle/jre/lib/amd64/server/libjvm.so
7fb256d56000-7fb256e30000 rw-p 00cd8000 08:08 538246                     /usr/lib/jvm/java-8-oracle/jre/lib/amd64/server/libjvm.so
7fb256e30000-7fb256e7b000 rw-p 00000000 00:00 0 
7fb256e7b000-7fb25703b000 r-xp 00000000 08:08 3277000                    /lib/x86_64-linux-gnu/libc-2.23.so
7fb25703b000-7fb25723b000 ---p 001c0000 08:08 3277000                    /lib/x86_64-linux-gnu/libc-2.23.so
7fb25723b000-7fb25723f000 r--p 001c0000 08:08 3277000                    /lib/x86_64-linux-gnu/libc-2.23.so
7fb25723f000-7fb257241000 rw-p 001c4000 08:08 3277000                    /lib/x86_64-linux-gnu/libc-2.23.so
7fb257241000-7fb257245000 rw-p 00000000 00:00 0 
7fb257245000-7fb257248000 r-xp 00000000 08:08 3277002                    /lib/x86_64-linux-gnu/libdl-2.23.so
7fb257248000-7fb257447000 ---p 00003000 08:08 3277002                    /lib/x86_64-linux-gnu/libdl-2.23.so
7fb257447000-7fb257448000 r--p 00002000 08:08 3277002                    /lib/x86_64-linux-gnu/libdl-2.23.so
7fb257448000-7fb257449000 rw-p 00003000 08:08 3277002                    /lib/x86_64-linux-gnu/libdl-2.23.so
7fb257449000-7fb25745f000 r-xp 00000000 08:08 549208                     /usr/lib/jvm/java-8-oracle/lib/amd64/jli/libjli.so
7fb25745f000-7fb25765e000 ---p 00016000 08:08 549208                     /usr/lib/jvm/java-8-oracle/lib/amd64/jli/libjli.so
7fb25765e000-7fb25765f000 rw-p 00015000 08:08 549208                     /usr/lib/jvm/java-8-oracle/lib/amd64/jli/libjli.so
7fb25765f000-7fb257677000 r-xp 00000000 08:08 3276999                    /lib/x86_64-linux-gnu/libpthread-2.23.so
7fb257677000-7fb257876000 ---p 00018000 08:08 3276999                    /lib/x86_64-linux-gnu/libpthread-2.23.so
7fb257876000-7fb257877000 r--p 00017000 08:08 3276999                    /lib/x86_64-linux-gnu/libpthread-2.23.so
7fb257877000-7fb257878000 rw-p 00018000 08:08 3276999                    /lib/x86_64-linux-gnu/libpthread-2.23.so
7fb257878000-7fb25787c000 rw-p 00000000 00:00 0 
7fb25787c000-7fb2578a2000 r-xp 00000000 08:08 3276998                    /lib/x86_64-linux-gnu/ld-2.23.so
7fb2578a2000-7fb2578a4000 r--s 005c7000 08:09 2886308                    /home/raj/.m2/repository/org/semanticweb/vlog4j/vlog4j-base/1.0.1/vlog4j-base-1.0.1.jar
7fb2578a4000-7fb2578a9000 r--s 002f9000 08:08 538166                     /usr/lib/jvm/java-8-oracle/jre/lib/charsets.jar
7fb2578a9000-7fb2578ac000 r--s 0001a000 08:08 538250                     /usr/lib/jvm/java-8-oracle/jre/lib/jce.jar
7fb2578ac000-7fb2578b1000 r--s 0009d000 08:08 538173                     /usr/lib/jvm/java-8-oracle/jre/lib/jsse.jar
7fb2578b1000-7fb25797c000 rw-p 00000000 00:00 0 
7fb25797c000-7fb25797f000 ---p 00000000 00:00 0 
7fb25797f000-7fb257a82000 rw-p 00000000 00:00 0 
7fb257a82000-7fb257a84000 r--s 0000b000 08:09 2886306                    /home/raj/.m2/repository/org/semanticweb/vlog4j/vlog4j-core/0.1.0/vlog4j-core-0.1.0.jar
7fb257a84000-7fb257a97000 r--s 00345000 08:08 538172                     /usr/lib/jvm/java-8-oracle/jre/lib/resources.jar
7fb257a97000-7fb257a9f000 rw-s 00000000 08:08 918213                     /tmp/hsperfdata_raj/10480
7fb257a9f000-7fb257aa0000 rw-p 00000000 00:00 0 
7fb257aa0000-7fb257aa1000 r--p 00000000 00:00 0 
7fb257aa1000-7fb257aa2000 r--p 00025000 08:08 3276998                    /lib/x86_64-linux-gnu/ld-2.23.so
7fb257aa2000-7fb257aa3000 rw-p 00026000 08:08 3276998                    /lib/x86_64-linux-gnu/ld-2.23.so
7fb257aa3000-7fb257aa4000 rw-p 00000000 00:00 0 
7fffe4f8c000-7fffe4faf000 rw-p 00000000 00:00 0                          [stack]
7fffe4fc9000-7fffe4fcc000 r--p 00000000 00:00 0                          [vvar]
7fffe4fcc000-7fffe4fce000 r-xp 00000000 00:00 0                          [vdso]
ffffffffff600000-ffffffffff601000 r-xp 00000000 00:00 0                  [vsyscall]

VM Arguments:
jvm_args: -Dfile.encoding=UTF-8 
java_command: InferenceForOWLELMain /home/raj/Documents/thesis/go.owl
java_class_path (initial): /usr/lib/jvm/java-8-oracle/jre/lib/resources.jar:/usr/lib/jvm/java-8-oracle/jre/lib/rt.jar:/usr/lib/jvm/java-8-oracle/jre/lib/jsse.jar:/usr/lib/jvm/java-8-oracle/jre/lib/jce.jar:/usr/lib/jvm/java-8-oracle/jre/lib/charsets.jar:/usr/lib/jvm/java-8-oracle/jre/lib/jfr.jar:/usr/lib/jvm/java-8-oracle/jre/lib/ext/jaccess.jar:/usr/lib/jvm/java-8-oracle/jre/lib/ext/jfxrt.jar:/usr/lib/jvm/java-8-oracle/jre/lib/ext/sunec.jar:/usr/lib/jvm/java-8-oracle/jre/lib/ext/sunjce_provider.jar:/usr/lib/jvm/java-8-oracle/jre/lib/ext/localedata.jar:/usr/lib/jvm/java-8-oracle/jre/lib/ext/sunpkcs11.jar:/usr/lib/jvm/java-8-oracle/jre/lib/ext/cldrdata.jar:/usr/lib/jvm/java-8-oracle/jre/lib/ext/nashorn.jar:/usr/lib/jvm/java-8-oracle/jre/lib/ext/zipfs.jar:/usr/lib/jvm/java-8-oracle/jre/lib/ext/dnsns.jar:/home/raj/git/CLThesisOWL-EL/target/classes:/home/raj/.m2/repository/org/semanticweb/vlog4j/vlog4j-core/0.1.0/vlog4j-core-0.1.0.jar:/home/raj/.m2/repository/org/semanticweb/vlog4j/vlog4j-base/1.0.1/vlog4j-base-1.0.1.jar:/home/raj/.m2/repository/org/eclipse/jdt/org.eclipse.jdt.annotation/2.1.100/org.eclipse.jdt.annotation-2.1.100.jar:/home/raj/.m2/repository/org/slf4j/slf4j-api/1.7.10/slf4j-api-1.7.10.jar:/home/raj/.m2/repository/org/apache/commons/commons-lang3/3.7/commons-lang3-3.7.jar:/home/raj/.m2/repository/org/apache/commons/commons-csv/1.5/commons-csv-1.5.jar:/home/raj/.m2/repository/net/sourceforge/owlapi/owlapi-distribution/5.0.0/owlapi-distribution-5.0.0.jar:/home/raj/.m2/repository/com/fasterxml/jackson/core/jackson-core/2.6.3/jackson-core-2.6.3.jar:/home/raj/.m2/repository/com/fasterxml/jackson/core/jackson-databind/2.6.3/jackson-databind-2.6.3.jar:/home/raj/.m2/repository/com/fasterxml/jackson/core/jackson-annotations/2.6.3/jackson-annotations-2.6.3.jar:/home/raj/.m2/repository/net/sourceforge/owlapi/owlapi-compatibility/5.0.0/owlapi-compatibility-5.0.0.jar:/home/raj/.m2/repository/net/sourceforge/owlapi/owlapi-apibinding/5.0.0/owlapi-apibinding-5.0.0.jar:
Launcher Type: SUN_STANDARD

Environment Variables:
JAVA_HOME=/usr/lib/jvm/java-8-oracle
PATH=/home/raj/bin:/home/raj/.local/bin:/opt/maven/bin:/usr/local/sbin:/usr/local/bin:/usr/sbin:/usr/bin:/sbin:/bin:/usr/games:/usr/local/games:/snap/bin:/usr/lib/jvm/java-8-oracle/bin:/usr/lib/jvm/java-8-oracle/db/bin:/usr/lib/jvm/java-8-oracle/jre/bin
SHELL=/bin/bash
DISPLAY=:0

Signal Handlers:
SIGSEGV: [libjvm.so+0xad0890], sa_mask[0]=11111111011111111101111111111110, sa_flags=SA_RESTART|SA_SIGINFO
SIGBUS: [libjvm.so+0xad0890], sa_mask[0]=11111111011111111101111111111110, sa_flags=SA_RESTART|SA_SIGINFO
SIGFPE: [libjvm.so+0x928640], sa_mask[0]=11111111011111111101111111111110, sa_flags=SA_RESTART|SA_SIGINFO
SIGPIPE: [libjvm.so+0x928640], sa_mask[0]=11111111011111111101111111111110, sa_flags=SA_RESTART|SA_SIGINFO
SIGXFSZ: [libjvm.so+0x928640], sa_mask[0]=11111111011111111101111111111110, sa_flags=SA_RESTART|SA_SIGINFO
SIGILL: [libjvm.so+0x928640], sa_mask[0]=11111111011111111101111111111110, sa_flags=SA_RESTART|SA_SIGINFO
SIGUSR1: SIG_DFL, sa_mask[0]=00000000000000000000000000000000, sa_flags=none
SIGUSR2: [libjvm.so+0x929ea0], sa_mask[0]=00100000000000000000000000000000, sa_flags=SA_RESTART|SA_SIGINFO
SIGHUP: [libjvm.so+0x92b2a0], sa_mask[0]=11111111011111111101111111111110, sa_flags=SA_RESTART|SA_SIGINFO
SIGINT: [libjvm.so+0x92b2a0], sa_mask[0]=11111111011111111101111111111110, sa_flags=SA_RESTART|SA_SIGINFO
SIGTERM: [libjvm.so+0x92b2a0], sa_mask[0]=11111111011111111101111111111110, sa_flags=SA_RESTART|SA_SIGINFO
SIGQUIT: [libjvm.so+0x92b2a0], sa_mask[0]=11111111011111111101111111111110, sa_flags=SA_RESTART|SA_SIGINFO


---------------  S Y S T E M  ---------------

OS:DISTRIB_ID=Ubuntu
DISTRIB_RELEASE=16.04
DISTRIB_CODENAME=xenial
DISTRIB_DESCRIPTION="Ubuntu 16.04.4 LTS"

uname:Linux 4.13.0-45-generic #50~16.04.1-Ubuntu SMP Wed May 30 11:18:27 UTC 2018 x86_64
libc:glibc 2.23 NPTL 2.23 
rlimit: STACK 8192k, CORE 0k, NPROC 31260, NOFILE 1048576, AS infinity
load average:2,33 1,13 0,79

/proc/meminfo:
MemTotal:        8055640 kB
MemFree:          432476 kB
MemAvailable:    2141800 kB
Buffers:          156060 kB
Cached:          2021024 kB
SwapCached:            0 kB
Active:          5967244 kB
Inactive:        1384428 kB
Active(anon):    5178012 kB
Inactive(anon):   290008 kB
Active(file):     789232 kB
Inactive(file):  1094420 kB
Unevictable:         144 kB
Mlocked:             144 kB
SwapTotal:       8272892 kB
SwapFree:        8272892 kB
Dirty:              7304 kB
Writeback:             0 kB
AnonPages:       5174768 kB
Mapped:           650856 kB
Shmem:            293440 kB
Slab:             139928 kB
SReclaimable:      95192 kB
SUnreclaim:        44736 kB
KernelStack:       13264 kB
PageTables:        59628 kB
NFS_Unstable:          0 kB
Bounce:                0 kB
WritebackTmp:          0 kB
CommitLimit:    12300712 kB
Committed_AS:   13323716 kB
VmallocTotal:   34359738367 kB
VmallocUsed:           0 kB
VmallocChunk:          0 kB
HardwareCorrupted:     0 kB
AnonHugePages:         0 kB
ShmemHugePages:        0 kB
ShmemPmdMapped:        0 kB
CmaTotal:              0 kB
CmaFree:               0 kB
HugePages_Total:       0
HugePages_Free:        0
HugePages_Rsvd:        0
HugePages_Surp:        0
Hugepagesize:       2048 kB
DirectMap4k:      156416 kB
DirectMap2M:     8120320 kB


CPU:total 4 (initial active 4) (2 cores per cpu, 2 threads per core) family 6 model 42 stepping 7, cmov, cx8, fxsr, mmx, sse, sse2, sse3, ssse3, sse4.1, sse4.2, popcnt, avx, clmul, ht, tsc, tscinvbit

/proc/cpuinfo:
processor	: 0
vendor_id	: GenuineIntel
cpu family	: 6
model		: 42
model name	: Intel(R) Core(TM) i3-2328M CPU @ 2.20GHz
stepping	: 7
microcode	: 0x2d
cpu MHz		: 1154.642
cache size	: 3072 KB
physical id	: 0
siblings	: 4
core id		: 0
cpu cores	: 2
apicid		: 0
initial apicid	: 0
fpu		: yes
fpu_exception	: yes
cpuid level	: 13
wp		: yes
flags		: fpu vme de pse tsc msr pae mce cx8 apic sep mtrr pge mca cmov pat pse36 clflush dts acpi mmx fxsr sse sse2 ss ht tm pbe syscall nx rdtscp lm constant_tsc arch_perfmon pebs bts rep_good nopl xtopology nonstop_tsc cpuid aperfmperf pni pclmulqdq dtes64 monitor ds_cpl vmx est tm2 ssse3 cx16 xtpr pdcm pcid sse4_1 sse4_2 x2apic popcnt tsc_deadline_timer xsave avx lahf_lm epb pti retpoline spec_ctrl tpr_shadow vnmi flexpriority ept vpid xsaveopt dtherm arat pln pts
bugs		: cpu_meltdown spectre_v1 spectre_v2 spec_store_bypass
bogomips	: 4389.71
clflush size	: 64
cache_alignment	: 64
address sizes	: 36 bits physical, 48 bits virtual
power management:

processor	: 1
vendor_id	: GenuineIntel
cpu family	: 6
model		: 42
model name	: Intel(R) Core(TM) i3-2328M CPU @ 2.20GHz
stepping	: 7
microcode	: 0x2d
cpu MHz		: 894.346
cache size	: 3072 KB
physical id	: 0
siblings	: 4
core id		: 0
cpu cores	: 2
apicid		: 1
initial apicid	: 1
fpu		: yes
fpu_exception	: yes
cpuid level	: 13
wp		: yes
flags		: fpu vme de pse tsc msr pae mce cx8 apic sep mtrr pge mca cmov pat pse36 clflush dts acpi mmx fxsr sse sse2 ss ht tm pbe syscall nx rdtscp lm constant_tsc arch_perfmon pebs bts rep_good nopl xtopology nonstop_tsc cpuid aperfmperf pni pclmulqdq dtes64 monitor ds_cpl vmx est tm2 ssse3 cx16 xtpr pdcm pcid sse4_1 sse4_2 x2apic popcnt tsc_deadline_timer xsave avx lahf_lm epb pti retpoline spec_ctrl tpr_shadow vnmi flexpriority ept vpid xsaveopt dtherm arat pln pts
bugs		: cpu_meltdown spectre_v1 spectre_v2 spec_store_bypass
bogomips	: 4389.71
clflush size	: 64
cache_alignment	: 64
address sizes	: 36 bits physical, 48 bits virtual
power management:

processor	: 2
vendor_id	: GenuineIntel
cpu family	: 6
model		: 42
model name	: Intel(R) Core(TM) i3-2328M CPU @ 2.20GHz
stepping	: 7
microcode	: 0x2d
cpu MHz		: 1057.468
cache size	: 3072 KB
physical id	: 0
siblings	: 4
core id		: 1
cpu cores	: 2
apicid		: 2
initial apicid	: 2
fpu		: yes
fpu_exception	: yes
cpuid level	: 13
wp		: yes
flags		: fpu vme de pse tsc msr pae mce cx8 apic sep mtrr pge mca cmov pat pse36 clflush dts acpi mmx fxsr sse sse2 ss ht tm pbe syscall nx rdtscp lm constant_tsc arch_perfmon pebs bts rep_good nopl xtopology nonstop_tsc cpuid aperfmperf pni pclmulqdq dtes64 monitor ds_cpl vmx est tm2 ssse3 cx16 xtpr pdcm pcid sse4_1 sse4_2 x2apic popcnt tsc_deadline_timer xsave avx lahf_lm epb pti retpoline spec_ctrl tpr_shadow vnmi flexpriority ept vpid xsaveopt dtherm arat pln pts
bugs		: cpu_meltdown spectre_v1 spectre_v2 spec_store_bypass
bogomips	: 4389.71
clflush size	: 64
cache_alignment	: 64
address sizes	: 36 bits physical, 48 bits virtual
power management:

processor	: 3
vendor_id	: GenuineIntel
cpu family	: 6
model		: 42
model name	: Intel(R) Core(TM) i3-2328M CPU @ 2.20GHz
stepping	: 7
microcode	: 0x2d
cpu MHz		: 967.750
cache size	: 3072 KB
physical id	: 0
siblings	: 4
core id		: 1
cpu cores	: 2
apicid		: 3
initial apicid	: 3
fpu		: yes
fpu_exception	: yes
cpuid level	: 13
wp		: yes
flags		: fpu vme de pse tsc msr pae mce cx8 apic sep mtrr pge mca cmov pat pse36 clflush dts acpi mmx fxsr sse sse2 ss ht tm pbe syscall nx rdtscp lm constant_tsc arch_perfmon pebs bts rep_good nopl xtopology nonstop_tsc cpuid aperfmperf pni pclmulqdq dtes64 monitor ds_cpl vmx est tm2 ssse3 cx16 xtpr pdcm pcid sse4_1 sse4_2 x2apic popcnt tsc_deadline_timer xsave avx lahf_lm epb pti retpoline spec_ctrl tpr_shadow vnmi flexpriority ept vpid xsaveopt dtherm arat pln pts
bugs		: cpu_meltdown spectre_v1 spectre_v2 spec_store_bypass
bogomips	: 4389.71
clflush size	: 64
cache_alignment	: 64
address sizes	: 36 bits physical, 48 bits virtual
power management:



Memory: 4k page, physical 8055640k(432388k free), swap 8272892k(8272892k free)

vm_info: Java HotSpot(TM) 64-Bit Server VM (25.171-b11) for linux-amd64 JRE (1.8.0_171-b11), built on Mar 28 2018 17:07:08 by "java_re" with gcc 4.3.0 20080428 (Red Hat 4.3.0-8)

time: Fri Jul 20 11:23:10 2018
elapsed time: 68 seconds (0d 0h 1m 8s)

