#
# A fatal error has been detected by the Java Runtime Environment:
#
#  SIGSEGV (0xb) at pc=0x00007f36cf532e91, pid=10665, tid=0x00007f3732574700
#
# JRE version: Java(TM) SE Runtime Environment (8.0_171-b11) (build 1.8.0_171-b11)
# Java VM: Java HotSpot(TM) 64-Bit Server VM (25.171-b11 mixed mode linux-amd64 compressed oops)
# Problematic frame:
# C  [libvlog-core.so+0xb7e91]  Program::addRule(Rule&, bool)+0x61
#
# Failed to write core dump. Core dumps have been disabled. To enable core dumping, try "ulimit -c unlimited" before starting Java again
#
# If you would like to submit a bug report, please visit:
#   http://bugreport.java.com/bugreport/crash.jsp
# The crash happened outside the Java Virtual Machine in native code.
# See problematic frame for where to report the bug.
#

---------------  T H R E A D  ---------------

Current thread (0x00007f372c00d800):  JavaThread "main" [_thread_in_native, id=10667, stack(0x00007f3732474000,0x00007f3732575000)]

siginfo: si_signo: 11 (SIGSEGV), si_code: 1 (SEGV_MAPERR), si_addr: 0x0000000000006666

Registers:
RAX=0x0000000000018003, RBX=0x0000000000008001, RCX=0x00007f372cf3b418, RDX=0x0000000000006666
RSP=0x00007f37325732b0, RBP=0x00007f372ce7b400, RSI=0x0000000000007ffc, RDI=0x00007f372ce7b400
R8 =0x00007f372d2343b0, R9 =0x0000000000000001, R10=0x00007f37325731a0, R11=0x00007f3731b09390
R12=0x00007f372e0a1a74, R13=0x00007f3732573350, R14=0x00007f372ddcec80, R15=0x00007f372ddcea60
RIP=0x00007f36cf532e91, EFLAGS=0x0000000000010206, CSGSFS=0x002b000000000033, ERR=0x0000000000000006
  TRAPNO=0x000000000000000e

Top of Stack: (sp=0x00007f37325732b0)
0x00007f37325732b0:   00007f3732573500 00007f37319f753c
0x00007f37325732c0:   00007f3732573500 00007f36cf5387c4
0x00007f37325732d0:   00007f372d8ef9a0 00007f372ce7b400
0x00007f37325732e0:   0000000000000000 00007f36c45068d0
0x00007f37325732f0:   00007f3732573330 00007f3732573350
0x00007f3732573300:   00007f3732573500 00007f36cf533186
0x00007f3732573310:   00007f372ddce830 00007f372ddcea50
0x00007f3732573320:   00007f372ddcea50 0000000000000000
0x00007f3732573330:   00007f372d2342a0 00007f372d2343b0
0x00007f3732573340:   00007f372d2343b0 0000000000000000
0x00007f3732573350:   00007f3700007ffc 00007f372ddcea60
0x00007f3732573360:   00007f372ddcec80 00007f372ddcec80
0x00007f3732573370:   00007f372ddcec90 00007f372ddceda0
0x00007f3732573380:   00007f372ddceda0 00007f372c150101
0x00007f3732573390:   00007f3732573500 ceeaed65a33e4c00
0x00007f37325733a0:   00007f372d5f7400 0000000000000000
0x00007f37325733b0:   00007f36c45068d0 00007f372c00d9f8
0x00007f37325733c0:   00007f372c15cba0 00007f36ca52c02f
0x00007f37325733d0:   00007f37325734a0 00007f3732573470
0x00007f37325733e0:   00007f3732573490 00007f37325734b0
0x00007f37325733f0:   00007f37325734d0 00007ffc2c00aeb0
0x00007f3732573400:   00007f372c15cba0 00007f372d33d560
0x00007f3732573410:   00007f37325736d0 0000af7700000000
0x00007f3732573420:   00007f3732573430 00007f3732573450
0x00007f3732573430:   00007f372ddce2b0 00007f372ddce4d0
0x00007f3732573440:   00007f372ddce4d0 0000000000000000
0x00007f3732573450:   00007f372d1c7c70 00007f372d1c7d80
0x00007f3732573460:   00007f372d1c7d80 00007f372c00d800
0x00007f3732573470:   00007f372d5f71e0 00007f372d5f7400
0x00007f3732573480:   00007f372d5f7400 00007f372c00c3b0
0x00007f3732573490:   00007f36c483ac50 00007f36c483ad60
0x00007f37325734a0:   00007f36c483ad60 00007f3731262b66 

Instructions: (pc=0x00007f36cf532e91)
0x00007f36cf532e71:   48 8d 04 40 48 c1 fe 06 48 8d 4c c5 00 48 8b 51
0x00007f36cf532e81:   10 48 3b 51 18 0f 84 8c 00 00 00 48 85 d2 74 02
0x00007f36cf532e91:   89 32 48 83 c2 04 48 89 51 10 49 81 c7 10 01 00
0x00007f36cf532ea1:   00 4d 39 fe 75 b9 4c 39 a5 18 00 0c 00 0f 84 c9 

Register to memory mapping:

RAX=0x0000000000018003 is an unknown value
RBX=0x0000000000008001 is an unknown value
RCX=0x00007f372cf3b418 is an unknown value
RDX=0x0000000000006666 is an unknown value
RSP=0x00007f37325732b0 is pointing into the stack for thread: 0x00007f372c00d800
RBP=0x00007f372ce7b400 is an unknown value
RSI=0x0000000000007ffc is an unknown value
RDI=0x00007f372ce7b400 is an unknown value
R8 =0x00007f372d2343b0 is an unknown value
R9 =0x0000000000000001 is an unknown value
R10=0x00007f37325731a0 is pointing into the stack for thread: 0x00007f372c00d800
R11=0x00007f3731b09390: <offset 0x196390> in /lib/x86_64-linux-gnu/libc.so.6 at 0x00007f3731973000
R12=0x00007f372e0a1a74 is an unknown value
R13=0x00007f3732573350 is pointing into the stack for thread: 0x00007f372c00d800
R14=0x00007f372ddcec80 is an unknown value
R15=0x00007f372ddcea60 is an unknown value


Stack: [0x00007f3732474000,0x00007f3732575000],  sp=0x00007f37325732b0,  free space=1020k
Native frames: (J=compiled Java code, j=interpreted, Vv=VM code, C=native code)
C  [libvlog-core.so+0xb7e91]  Program::addRule(Rule&, bool)+0x61

Java frames: (J=compiled Java code, j=interpreted, Vv=VM code)
j  karmaresearch.vlog.VLog.setRules([Lkarmaresearch/vlog/Rule;Lkarmaresearch/vlog/VLog$RuleRewriteStrategy;)V+0
j  org.semanticweb.vlog4j.core.reasoner.implementation.VLogReasoner.loadRules()V+22
j  org.semanticweb.vlog4j.core.reasoner.implementation.VLogReasoner.load()V+141
j  DatalogTranslation.callReasoner(LDatalogRules;LVisitNormalisedAxioms;)V+33
j  DatalogTranslation.visitNormalisedAxiomsHash()V+76
j  InferenceForOWLELMain.applydDatalogRules()V+12
j  InferenceForOWLELMain.main([Ljava/lang/String;)V+39
v  ~StubRoutines::call_stub

---------------  P R O C E S S  ---------------

Java Threads: ( => current thread )
  0x00007f372c0c5000 JavaThread "Service Thread" daemon [_thread_blocked, id=10682, stack(0x00007f3714fb0000,0x00007f37150b1000)]
  0x00007f372c0c2000 JavaThread "C1 CompilerThread2" daemon [_thread_blocked, id=10681, stack(0x00007f37150b1000,0x00007f37151b2000)]
  0x00007f372c0c0000 JavaThread "C2 CompilerThread1" daemon [_thread_blocked, id=10680, stack(0x00007f37151b2000,0x00007f37152b3000)]
  0x00007f372c0bd000 JavaThread "C2 CompilerThread0" daemon [_thread_blocked, id=10679, stack(0x00007f37152b3000,0x00007f37153b4000)]
  0x00007f372c0bb800 JavaThread "Signal Dispatcher" daemon [_thread_blocked, id=10678, stack(0x00007f37153b4000,0x00007f37154b5000)]
  0x00007f372c087800 JavaThread "Finalizer" daemon [_thread_blocked, id=10677, stack(0x00007f371590b000,0x00007f3715a0c000)]
  0x00007f372c083000 JavaThread "Reference Handler" daemon [_thread_blocked, id=10676, stack(0x00007f3715a0c000,0x00007f3715b0d000)]
=>0x00007f372c00d800 JavaThread "main" [_thread_in_native, id=10667, stack(0x00007f3732474000,0x00007f3732575000)]

Other Threads:
  0x00007f372c07b800 VMThread [stack: 0x00007f3715b0d000,0x00007f3715c0e000] [id=10675]
  0x00007f372c0ca000 WatcherThread [stack: 0x00007f3714eaf000,0x00007f3714fb0000] [id=10683]

VM state:not at safepoint (normal execution)

VM Mutex/Monitor currently owned by a thread: None

Heap:
 PSYoungGen      total 550400K, used 418219K [0x00000000d7000000, 0x0000000100000000, 0x0000000100000000)
  eden space 444416K, 73% used [0x00000000d7000000,0x00000000eb040d48,0x00000000f2200000)
  from space 105984K, 85% used [0x00000000f9880000,0x00000000ff0aa0a0,0x0000000100000000)
  to   space 113664K, 0% used [0x00000000f2200000,0x00000000f2200000,0x00000000f9100000)
 ParOldGen       total 700416K, used 473574K [0x0000000085000000, 0x00000000afc00000, 0x00000000d7000000)
  object space 700416K, 67% used [0x0000000085000000,0x00000000a1e79a88,0x00000000afc00000)
 Metaspace       used 20799K, capacity 21392K, committed 21760K, reserved 1067008K
  class space    used 4101K, capacity 4228K, committed 4352K, reserved 1048576K

Card table byte_map: [0x00007f371be0b000,0x00007f371c1e4000] byte_map_base: 0x00007f371b9e3000

Marking Bits: (ParMarkBitMap*) 0x00007f3731946280
 Begin Bits: [0x00007f37179f7000, 0x00007f37198b7000)
 End Bits:   [0x00007f37198b7000, 0x00007f371b777000)

Polling page: 0x00007f3732598000

CodeCache: size=245760Kb used=11278Kb max_used=11657Kb free=234481Kb
 bounds [0x00007f371c5a4000, 0x00007f371d134000, 0x00007f372b5a4000]
 total_blobs=3547 nmethods=3177 adapters=283
 compilation: enabled

Compilation events (10 events):
Event: 108,695 Thread 0x00007f372c0c0000 nmethod 4226 0x00007f371ca9c6d0 code [0x00007f371ca9ca80, 0x00007f371ca9f398]
Event: 108,695 Thread 0x00007f372c0c0000 4223       4       java.lang.AbstractStringBuilder::append (62 bytes)
Event: 108,736 Thread 0x00007f372c0bd000 nmethod 4228 0x00007f371cd34ad0 code [0x00007f371cd34f60, 0x00007f371cd374b8]
Event: 108,743 Thread 0x00007f372c0c0000 nmethod 4223 0x00007f371cddf090 code [0x00007f371cddf220, 0x00007f371cddfe18]
Event: 108,765 Thread 0x00007f372c0bd000 4234       4       karmaresearch.vlog.Atom::getTerms (11 bytes)
Event: 108,768 Thread 0x00007f372c0bd000 nmethod 4234 0x00007f371cddd4d0 code [0x00007f371cddd620, 0x00007f371cddd758]
Event: 109,009 Thread 0x00007f372c0c0000 4235       4       karmaresearch.vlog.Rule::getHead (11 bytes)
Event: 109,009 Thread 0x00007f372c0bd000 4236       4       karmaresearch.vlog.Rule::getBody (11 bytes)
Event: 109,012 Thread 0x00007f372c0bd000 nmethod 4236 0x00007f371cac7b50 code [0x00007f371cac7ca0, 0x00007f371cac7dd8]
Event: 109,012 Thread 0x00007f372c0c0000 nmethod 4235 0x00007f371cac7750 code [0x00007f371cac78a0, 0x00007f371cac79d8]

GC Heap History (10 events):
Event: 91,456 GC heap before
{Heap before GC invocations=28 (full 4):
 PSYoungGen      total 563200K, used 520076K [0x00000000d7000000, 0x00000000ff880000, 0x0000000100000000)
  eden space 466432K, 100% used [0x00000000d7000000,0x00000000f3780000,0x00000000f3780000)
  from space 96768K, 55% used [0x00000000f3780000,0x00000000f6be3250,0x00000000f9600000)
  to   space 93696K, 0% used [0x00000000f9d00000,0x00000000f9d00000,0x00000000ff880000)
 ParOldGen       total 700416K, used 432679K [0x0000000085000000, 0x00000000afc00000, 0x00000000d7000000)
  object space 700416K, 61% used [0x0000000085000000,0x000000009f689ec0,0x00000000afc00000)
 Metaspace       used 19514K, capacity 20114K, committed 20224K, reserved 1064960K
  class space    used 3944K, capacity 4085K, committed 4096K, reserved 1048576K
Event: 91,659 GC heap after
Heap after GC invocations=28 (full 4):
 PSYoungGen      total 571392K, used 51252K [0x00000000d7000000, 0x00000000ff600000, 0x0000000100000000)
  eden space 480256K, 0% used [0x00000000d7000000,0x00000000d7000000,0x00000000f4500000)
  from space 91136K, 56% used [0x00000000f9d00000,0x00000000fcf0d048,0x00000000ff600000)
  to   space 90112K, 0% used [0x00000000f4500000,0x00000000f4500000,0x00000000f9d00000)
 ParOldGen       total 700416K, used 432679K [0x0000000085000000, 0x00000000afc00000, 0x00000000d7000000)
  object space 700416K, 61% used [0x0000000085000000,0x000000009f689ec0,0x00000000afc00000)
 Metaspace       used 19514K, capacity 20114K, committed 20224K, reserved 1064960K
  class space    used 3944K, capacity 4085K, committed 4096K, reserved 1048576K
}
Event: 93,306 GC heap before
{Heap before GC invocations=29 (full 4):
 PSYoungGen      total 571392K, used 531508K [0x00000000d7000000, 0x00000000ff600000, 0x0000000100000000)
  eden space 480256K, 100% used [0x00000000d7000000,0x00000000f4500000,0x00000000f4500000)
  from space 91136K, 56% used [0x00000000f9d00000,0x00000000fcf0d048,0x00000000ff600000)
  to   space 90112K, 0% used [0x00000000f4500000,0x00000000f4500000,0x00000000f9d00000)
 ParOldGen       total 700416K, used 432679K [0x0000000085000000, 0x00000000afc00000, 0x00000000d7000000)
  object space 700416K, 61% used [0x0000000085000000,0x000000009f689ec0,0x00000000afc00000)
 Metaspace       used 19519K, capacity 20114K, committed 20224K, reserved 1064960K
  class space    used 3944K, capacity 4085K, committed 4096K, reserved 1048576K
Event: 93,507 GC heap after
Heap after GC invocations=29 (full 4):
 PSYoungGen      total 570368K, used 52118K [0x00000000d7000000, 0x00000000ff900000, 0x0000000100000000)
  eden space 480256K, 0% used [0x00000000d7000000,0x00000000d7000000,0x00000000f4500000)
  from space 90112K, 57% used [0x00000000f4500000,0x00000000f77e5878,0x00000000f9d00000)
  to   space 87040K, 0% used [0x00000000fa400000,0x00000000fa400000,0x00000000ff900000)
 ParOldGen       total 700416K, used 432679K [0x0000000085000000, 0x00000000afc00000, 0x00000000d7000000)
  object space 700416K, 61% used [0x0000000085000000,0x000000009f689ec0,0x00000000afc00000)
 Metaspace       used 19519K, capacity 20114K, committed 20224K, reserved 1064960K
  class space    used 3944K, capacity 4085K, committed 4096K, reserved 1048576K
}
Event: 101,462 GC heap before
{Heap before GC invocations=30 (full 4):
 PSYoungGen      total 570368K, used 532374K [0x00000000d7000000, 0x00000000ff900000, 0x0000000100000000)
  eden space 480256K, 100% used [0x00000000d7000000,0x00000000f4500000,0x00000000f4500000)
  from space 90112K, 57% used [0x00000000f4500000,0x00000000f77e5878,0x00000000f9d00000)
  to   space 87040K, 0% used [0x00000000fa400000,0x00000000fa400000,0x00000000ff900000)
 ParOldGen       total 700416K, used 432679K [0x0000000085000000, 0x00000000afc00000, 0x00000000d7000000)
  object space 700416K, 61% used [0x0000000085000000,0x000000009f689ec0,0x00000000afc00000)
 Metaspace       used 19787K, capacity 20362K, committed 20608K, reserved 1064960K
  class space    used 3978K, capacity 4099K, committed 4224K, reserved 1048576K
Event: 101,889 GC heap after
Heap after GC invocations=30 (full 4):
 PSYoungGen      total 546816K, used 87031K [0x00000000d7000000, 0x0000000100000000, 0x0000000100000000)
  eden space 459776K, 0% used [0x00000000d7000000,0x00000000d7000000,0x00000000f3100000)
  from space 87040K, 99% used [0x00000000fa400000,0x00000000ff8fdf70,0x00000000ff900000)
  to   space 105984K, 0% used [0x00000000f3100000,0x00000000f3100000,0x00000000f9880000)
 ParOldGen       total 700416K, used 456976K [0x0000000085000000, 0x00000000afc00000, 0x00000000d7000000)
  object space 700416K, 65% used [0x0000000085000000,0x00000000a0e44008,0x00000000afc00000)
 Metaspace       used 19787K, capacity 20362K, committed 20608K, reserved 1064960K
  class space    used 3978K, capacity 4099K, committed 4224K, reserved 1048576K
}
Event: 105,316 GC heap before
{Heap before GC invocations=31 (full 4):
 PSYoungGen      total 546816K, used 546807K [0x00000000d7000000, 0x0000000100000000, 0x0000000100000000)
  eden space 459776K, 100% used [0x00000000d7000000,0x00000000f3100000,0x00000000f3100000)
  from space 87040K, 99% used [0x00000000fa400000,0x00000000ff8fdf70,0x00000000ff900000)
  to   space 105984K, 0% used [0x00000000f3100000,0x00000000f3100000,0x00000000f9880000)
 ParOldGen       total 700416K, used 456976K [0x0000000085000000, 0x00000000afc00000, 0x00000000d7000000)
  object space 700416K, 65% used [0x0000000085000000,0x00000000a0e44008,0x00000000afc00000)
 Metaspace       used 19983K, capacity 20592K, committed 20864K, reserved 1067008K
  class space    used 3995K, capacity 4132K, committed 4224K, reserved 1048576K
Event: 105,824 GC heap after
Heap after GC invocations=31 (full 4):
 PSYoungGen      total 565760K, used 69218K [0x00000000d7000000, 0x0000000100000000, 0x0000000100000000)
  eden space 459776K, 0% used [0x00000000d7000000,0x00000000d7000000,0x00000000f3100000)
  from space 105984K, 65% used [0x00000000f3100000,0x00000000f74988c0,0x00000000f9880000)
  to   space 105984K, 0% used [0x00000000f9880000,0x00000000f9880000,0x0000000100000000)
 ParOldGen       total 700416K, used 473566K [0x0000000085000000, 0x00000000afc00000, 0x00000000d7000000)
  object space 700416K, 67% used [0x0000000085000000,0x00000000a1e77a88,0x00000000afc00000)
 Metaspace       used 19983K, capacity 20592K, committed 20864K, reserved 1067008K
  class space    used 3995K, capacity 4132K, committed 4224K, reserved 1048576K
}
Event: 106,559 GC heap before
{Heap before GC invocations=32 (full 4):
 PSYoungGen      total 565760K, used 528994K [0x00000000d7000000, 0x0000000100000000, 0x0000000100000000)
  eden space 459776K, 100% used [0x00000000d7000000,0x00000000f3100000,0x00000000f3100000)
  from space 105984K, 65% used [0x00000000f3100000,0x00000000f74988c0,0x00000000f9880000)
  to   space 105984K, 0% used [0x00000000f9880000,0x00000000f9880000,0x0000000100000000)
 ParOldGen       total 700416K, used 473566K [0x0000000085000000, 0x00000000afc00000, 0x00000000d7000000)
  object space 700416K, 67% used [0x0000000085000000,0x00000000a1e77a88,0x00000000afc00000)
 Metaspace       used 19986K, capacity 20592K, committed 20864K, reserved 1067008K
  class space    used 3995K, capacity 4132K, committed 4224K, reserved 1048576K
Event: 106,802 GC heap after
Heap after GC invocations=32 (full 4):
 PSYoungGen      total 550400K, used 90280K [0x00000000d7000000, 0x0000000100000000, 0x0000000100000000)
  eden space 444416K, 0% used [0x00000000d7000000,0x00000000d7000000,0x00000000f2200000)
  from space 105984K, 85% used [0x00000000f9880000,0x00000000ff0aa0a0,0x0000000100000000)
  to   space 113664K, 0% used [0x00000000f2200000,0x00000000f2200000,0x00000000f9100000)
 ParOldGen       total 700416K, used 473574K [0x0000000085000000, 0x00000000afc00000, 0x00000000d7000000)
  object space 700416K, 67% used [0x0000000085000000,0x00000000a1e79a88,0x00000000afc00000)
 Metaspace       used 19986K, capacity 20592K, committed 20864K, reserved 1067008K
  class space    used 3995K, capacity 4132K, committed 4224K, reserved 1048576K
}

Deoptimization events (10 events):
Event: 107,285 Thread 0x00007f372c00d800 Uncommon trap: reason=class_check action=maybe_recompile pc=0x00007f371cc24840 method=java.util.LinkedHashMap.afterNodeInsertion(Z)V @ 15
Event: 107,287 Thread 0x00007f372c00d800 Uncommon trap: reason=unstable_if action=reinterpret pc=0x00007f371d0bd35c method=java.nio.charset.CharsetEncoder.encode(Ljava/nio/CharBuffer;Ljava/nio/ByteBuffer;Z)Ljava/nio/charset/CoderResult; @ 1
Event: 107,287 Thread 0x00007f372c00d800 Uncommon trap: reason=unstable_if action=reinterpret pc=0x00007f371ce4d448 method=java.net.URI$Parser.parseHierarchical(II)I @ 44
Event: 107,302 Thread 0x00007f372c00d800 Uncommon trap: reason=class_check action=maybe_recompile pc=0x00007f371c7e3c54 method=java.util.AbstractList$Itr.hasNext()Z @ 8
Event: 107,303 Thread 0x00007f372c00d800 Uncommon trap: reason=class_check action=maybe_recompile pc=0x00007f371c771288 method=java.util.AbstractList$Itr.next()Ljava/lang/Object; @ 14
Event: 107,311 Thread 0x00007f372c00d800 Uncommon trap: reason=unstable_if action=reinterpret pc=0x00007f371cb77630 method=java.util.AbstractCollection.addAll(Ljava/util/Collection;)Z @ 32
Event: 107,318 Thread 0x00007f372c00d800 Uncommon trap: reason=unstable_if action=reinterpret pc=0x00007f371cca2af8 method=java.lang.Long.stringSize(J)I @ 11
Event: 107,318 Thread 0x00007f372c00d800 Uncommon trap: reason=unstable_if action=reinterpret pc=0x00007f371ce7f214 method=java.lang.Long.getChars(JI[C)V @ 24
Event: 108,177 Thread 0x00007f372c00d800 Uncommon trap: reason=class_check action=maybe_recompile pc=0x00007f371cfa7b0c method=org.apache.commons.lang3.Validate.noNullElements(Ljava/lang/Iterable;Ljava/lang/String;[Ljava/lang/Object;)Ljava/lang/Iterable; @ 8
Event: 108,188 Thread 0x00007f372c00d800 Uncommon trap: reason=class_check action=maybe_recompile pc=0x00007f371cfa7b0c method=org.apache.commons.lang3.Validate.noNullElements(Ljava/lang/Iterable;Ljava/lang/String;[Ljava/lang/Object;)Ljava/lang/Iterable; @ 8

Classes redefined (0 events):
No events

Internal exceptions (10 events):
Event: 94,651 Thread 0x00007f372c00d800 Exception <a 'java/lang/NoSuchMethodError': java.lang.Object.lambda$walkAllPairwise$17(Lorg/semanticweb/owlapi/model/OWLPairwiseVisitor;Lorg/semanticweb/owlapi/util/OWLAPIStreamUtils$Pair;)Ljava/lang/Object;> (0x00000000e7406518) thrown at [/HUDSON/worksp
Event: 94,652 Thread 0x00007f372c00d800 Exception <a 'java/lang/NoSuchMethodError': java.lang.Object.lambda$walkAllPairwise$18(Ljava/lang/Object;)Z> (0x00000000e740ab78) thrown at [/HUDSON/workspace/8-2-build-linux-amd64/jdk8u171/10807/hotspot/src/share/vm/interpreter/linkResolver.cpp, line 620
Event: 98,464 Thread 0x00007f372c00d800 Exception <a 'java/lang/IncompatibleClassChangeError': Found class java.lang.Object, but interface was expected> (0x00000000eb9ab8f8) thrown at [/HUDSON/workspace/8-2-build-linux-amd64/jdk8u171/10807/hotspot/src/share/vm/interpreter/linkResolver.cpp, line
Event: 98,465 Thread 0x00007f372c00d800 Exception <a 'java/lang/IncompatibleClassChangeError': Found class java.lang.Object, but interface was expected> (0x00000000eb9ae768) thrown at [/HUDSON/workspace/8-2-build-linux-amd64/jdk8u171/10807/hotspot/src/share/vm/interpreter/linkResolver.cpp, line
Event: 98,473 Thread 0x00007f372cabb800 Implicit null exception at 0x00007f371cc12b74 to 0x00007f371cc12c3e
Event: 107,323 Thread 0x00007f372c00d800 Exception <a 'sun/nio/fs/UnixException'> (0x00000000e4dade48) thrown at [/HUDSON/workspace/8-2-build-linux-amd64/jdk8u171/10807/hotspot/src/share/vm/prims/jni.cpp, line 709]
Event: 107,379 Thread 0x00007f372c00d800 Exception <a 'sun/nio/fs/UnixException'> (0x00000000e4dc1858) thrown at [/HUDSON/workspace/8-2-build-linux-amd64/jdk8u171/10807/hotspot/src/share/vm/prims/jni.cpp, line 709]
Event: 107,444 Thread 0x00007f372c00d800 Exception <a 'sun/nio/fs/UnixException'> (0x00000000e4dce748) thrown at [/HUDSON/workspace/8-2-build-linux-amd64/jdk8u171/10807/hotspot/src/share/vm/prims/jni.cpp, line 709]
Event: 107,481 Thread 0x00007f372c00d800 Exception <a 'sun/nio/fs/UnixException'> (0x00000000e4ddb0e8) thrown at [/HUDSON/workspace/8-2-build-linux-amd64/jdk8u171/10807/hotspot/src/share/vm/prims/jni.cpp, line 709]
Event: 108,171 Thread 0x00007f372c00d800 Exception <a 'sun/nio/fs/UnixException'> (0x00000000e4de79d8) thrown at [/HUDSON/workspace/8-2-build-linux-amd64/jdk8u171/10807/hotspot/src/share/vm/prims/jni.cpp, line 709]

Events (10 events):
Event: 108,256 loading class karmaresearch/vlog/Term
Event: 108,256 loading class karmaresearch/vlog/Term done
Event: 108,257 loading class org/semanticweb/vlog4j/core/reasoner/implementation/TermToVLogConverter
Event: 108,257 loading class org/semanticweb/vlog4j/core/reasoner/implementation/TermToVLogConverter done
Event: 108,258 loading class karmaresearch/vlog/Term$TermType
Event: 108,258 loading class karmaresearch/vlog/Term$TermType done
Event: 108,555 loading class org/semanticweb/vlog4j/core/reasoner/implementation/ModelToVLogConverter$1
Event: 108,555 loading class org/semanticweb/vlog4j/core/reasoner/implementation/ModelToVLogConverter$1 done
Event: 108,556 loading class karmaresearch/vlog/VLog$RuleRewriteStrategy
Event: 108,556 loading class karmaresearch/vlog/VLog$RuleRewriteStrategy done


Dynamic libraries:
00400000-00401000 r-xp 00000000 08:08 538109                             /usr/lib/jvm/java-8-oracle/bin/java
00600000-00601000 rw-p 00000000 08:08 538109                             /usr/lib/jvm/java-8-oracle/bin/java
010c3000-010e4000 rw-p 00000000 00:00 0                                  [heap]
85000000-afc00000 rw-p 00000000 00:00 0 
afc00000-d7000000 ---p 00000000 00:00 0 
d7000000-100000000 rw-p 00000000 00:00 0 
100000000-100440000 rw-p 00000000 00:00 0 
100440000-140000000 ---p 00000000 00:00 0 
7f36c4000000-7f36c483b000 rw-p 00000000 00:00 0 
7f36c483b000-7f36c8000000 ---p 00000000 00:00 0 
7f36c961b000-7f36ca01d000 rw-p 00000000 00:00 0 
7f36ca51f000-7f36ca534000 r-xp 00000000 08:08 952469                     /tmp/VLog-tmp7638221529190002836/libvlog-java.so (deleted)
7f36ca534000-7f36ca733000 ---p 00015000 08:08 952469                     /tmp/VLog-tmp7638221529190002836/libvlog-java.so (deleted)
7f36ca733000-7f36ca734000 r--p 00014000 08:08 952469                     /tmp/VLog-tmp7638221529190002836/libvlog-java.so (deleted)
7f36ca734000-7f36ca735000 rw-p 00015000 08:08 952469                     /tmp/VLog-tmp7638221529190002836/libvlog-java.so (deleted)
7f36ca735000-7f36ca73e000 r-xp 00000000 08:08 3277019                    /lib/x86_64-linux-gnu/libcrypt-2.23.so
7f36ca73e000-7f36ca93d000 ---p 00009000 08:08 3277019                    /lib/x86_64-linux-gnu/libcrypt-2.23.so
7f36ca93d000-7f36ca93e000 r--p 00008000 08:08 3277019                    /lib/x86_64-linux-gnu/libcrypt-2.23.so
7f36ca93e000-7f36ca93f000 rw-p 00009000 08:08 3277019                    /lib/x86_64-linux-gnu/libcrypt-2.23.so
7f36ca93f000-7f36ca96d000 rw-p 00000000 00:00 0 
7f36ca96d000-7f36caa3c000 r-xp 00000000 08:08 7834                       /usr/lib/x86_64-linux-gnu/libsqlite3.so.0.8.6
7f36caa3c000-7f36cac3c000 ---p 000cf000 08:08 7834                       /usr/lib/x86_64-linux-gnu/libsqlite3.so.0.8.6
7f36cac3c000-7f36cac3f000 r--p 000cf000 08:08 7834                       /usr/lib/x86_64-linux-gnu/libsqlite3.so.0.8.6
7f36cac3f000-7f36cac41000 rw-p 000d2000 08:08 7834                       /usr/lib/x86_64-linux-gnu/libsqlite3.so.0.8.6
7f36cac41000-7f36cac42000 rw-p 00000000 00:00 0 
7f36cac42000-7f36cac89000 r-xp 00000000 08:08 7350                       /usr/lib/x86_64-linux-gnu/libhx509.so.5.0.0
7f36cac89000-7f36cae88000 ---p 00047000 08:08 7350                       /usr/lib/x86_64-linux-gnu/libhx509.so.5.0.0
7f36cae88000-7f36cae8a000 r--p 00046000 08:08 7350                       /usr/lib/x86_64-linux-gnu/libhx509.so.5.0.0
7f36cae8a000-7f36cae8c000 rw-p 00048000 08:08 7350                       /usr/lib/x86_64-linux-gnu/libhx509.so.5.0.0
7f36cae8c000-7f36cae8d000 rw-p 00000000 00:00 0 
7f36cae8d000-7f36cae9b000 r-xp 00000000 08:08 7332                       /usr/lib/x86_64-linux-gnu/libheimbase.so.1.0.0
7f36cae9b000-7f36cb09a000 ---p 0000e000 08:08 7332                       /usr/lib/x86_64-linux-gnu/libheimbase.so.1.0.0
7f36cb09a000-7f36cb09b000 r--p 0000d000 08:08 7332                       /usr/lib/x86_64-linux-gnu/libheimbase.so.1.0.0
7f36cb09b000-7f36cb09c000 rw-p 0000e000 08:08 7332                       /usr/lib/x86_64-linux-gnu/libheimbase.so.1.0.0
7f36cb09c000-7f36cb0c3000 r-xp 00000000 08:08 8007                       /usr/lib/x86_64-linux-gnu/libwind.so.0.0.0
7f36cb0c3000-7f36cb2c3000 ---p 00027000 08:08 8007                       /usr/lib/x86_64-linux-gnu/libwind.so.0.0.0
7f36cb2c3000-7f36cb2c4000 r--p 00027000 08:08 8007                       /usr/lib/x86_64-linux-gnu/libwind.so.0.0.0
7f36cb2c4000-7f36cb2c5000 rw-p 00028000 08:08 8007                       /usr/lib/x86_64-linux-gnu/libwind.so.0.0.0
7f36cb2c5000-7f36cb2cc000 r-xp 00000000 08:08 7065                       /usr/lib/x86_64-linux-gnu/libffi.so.6.0.4
7f36cb2cc000-7f36cb4cb000 ---p 00007000 08:08 7065                       /usr/lib/x86_64-linux-gnu/libffi.so.6.0.4
7f36cb4cb000-7f36cb4cc000 r--p 00006000 08:08 7065                       /usr/lib/x86_64-linux-gnu/libffi.so.6.0.4
7f36cb4cc000-7f36cb4cd000 rw-p 00007000 08:08 7065                       /usr/lib/x86_64-linux-gnu/libffi.so.6.0.4
7f36cb4cd000-7f36cb4e2000 r-xp 00000000 08:08 7748                       /usr/lib/x86_64-linux-gnu/libroken.so.18.1.0
7f36cb4e2000-7f36cb6e1000 ---p 00015000 08:08 7748                       /usr/lib/x86_64-linux-gnu/libroken.so.18.1.0
7f36cb6e1000-7f36cb6e2000 r--p 00014000 08:08 7748                       /usr/lib/x86_64-linux-gnu/libroken.so.18.1.0
7f36cb6e2000-7f36cb6e3000 rw-p 00015000 08:08 7748                       /usr/lib/x86_64-linux-gnu/libroken.so.18.1.0
7f36cb6e3000-7f36cb713000 r-xp 00000000 08:08 7330                       /usr/lib/x86_64-linux-gnu/libhcrypto.so.4.1.0
7f36cb713000-7f36cb913000 ---p 00030000 08:08 7330                       /usr/lib/x86_64-linux-gnu/libhcrypto.so.4.1.0
7f36cb913000-7f36cb914000 r--p 00030000 08:08 7330                       /usr/lib/x86_64-linux-gnu/libhcrypto.so.4.1.0
7f36cb914000-7f36cb915000 rw-p 00031000 08:08 7330                       /usr/lib/x86_64-linux-gnu/libhcrypto.so.4.1.0
7f36cb915000-7f36cb916000 rw-p 00000000 00:00 0 
7f36cb916000-7f36cb9b5000 r-xp 00000000 08:08 6767                       /usr/lib/x86_64-linux-gnu/libasn1.so.8.0.0
7f36cb9b5000-7f36cbbb4000 ---p 0009f000 08:08 6767                       /usr/lib/x86_64-linux-gnu/libasn1.so.8.0.0
7f36cbbb4000-7f36cbbb5000 r--p 0009e000 08:08 6767                       /usr/lib/x86_64-linux-gnu/libasn1.so.8.0.0
7f36cbbb5000-7f36cbbb8000 rw-p 0009f000 08:08 6767                       /usr/lib/x86_64-linux-gnu/libasn1.so.8.0.0
7f36cbbb8000-7f36cbc3c000 r-xp 00000000 08:08 7437                       /usr/lib/x86_64-linux-gnu/libkrb5.so.26.0.0
7f36cbc3c000-7f36cbe3b000 ---p 00084000 08:08 7437                       /usr/lib/x86_64-linux-gnu/libkrb5.so.26.0.0
7f36cbe3b000-7f36cbe3e000 r--p 00083000 08:08 7437                       /usr/lib/x86_64-linux-gnu/libkrb5.so.26.0.0
7f36cbe3e000-7f36cbe41000 rw-p 00086000 08:08 7437                       /usr/lib/x86_64-linux-gnu/libkrb5.so.26.0.0
7f36cbe41000-7f36cbe42000 rw-p 00000000 00:00 0 
7f36cbe42000-7f36cbe4a000 r-xp 00000000 08:08 7334                       /usr/lib/x86_64-linux-gnu/libheimntlm.so.0.1.0
7f36cbe4a000-7f36cc049000 ---p 00008000 08:08 7334                       /usr/lib/x86_64-linux-gnu/libheimntlm.so.0.1.0
7f36cc049000-7f36cc04a000 r--p 00007000 08:08 7334                       /usr/lib/x86_64-linux-gnu/libheimntlm.so.0.1.0
7f36cc04a000-7f36cc04b000 rw-p 00008000 08:08 7334                       /usr/lib/x86_64-linux-gnu/libheimntlm.so.0.1.0
7f36cc04b000-7f36cc04e000 r-xp 00000000 08:08 3282162                    /lib/x86_64-linux-gnu/libkeyutils.so.1.5
7f36cc04e000-7f36cc24d000 ---p 00003000 08:08 3282162                    /lib/x86_64-linux-gnu/libkeyutils.so.1.5
7f36cc24d000-7f36cc24e000 r--p 00002000 08:08 3282162                    /lib/x86_64-linux-gnu/libkeyutils.so.1.5
7f36cc24e000-7f36cc24f000 rw-p 00003000 08:08 3282162                    /lib/x86_64-linux-gnu/libkeyutils.so.1.5
7f36cc24f000-7f36cc260000 r-xp 00000000 08:08 2316                       /usr/lib/x86_64-linux-gnu/libtasn1.so.6.5.1
7f36cc260000-7f36cc460000 ---p 00011000 08:08 2316                       /usr/lib/x86_64-linux-gnu/libtasn1.so.6.5.1
7f36cc460000-7f36cc461000 r--p 00011000 08:08 2316                       /usr/lib/x86_64-linux-gnu/libtasn1.so.6.5.1
7f36cc461000-7f36cc462000 rw-p 00012000 08:08 2316                       /usr/lib/x86_64-linux-gnu/libtasn1.so.6.5.1
7f36cc462000-7f36cc4bb000 r-xp 00000000 08:08 7624                       /usr/lib/x86_64-linux-gnu/libp11-kit.so.0.1.0
7f36cc4bb000-7f36cc6ba000 ---p 00059000 08:08 7624                       /usr/lib/x86_64-linux-gnu/libp11-kit.so.0.1.0
7f36cc6ba000-7f36cc6c4000 r--p 00058000 08:08 7624                       /usr/lib/x86_64-linux-gnu/libp11-kit.so.0.1.0
7f36cc6c4000-7f36cc6c6000 rw-p 00062000 08:08 7624                       /usr/lib/x86_64-linux-gnu/libp11-kit.so.0.1.0
7f36cc6c6000-7f36cc703000 r-xp 00000000 08:08 7253                       /usr/lib/x86_64-linux-gnu/libgssapi.so.3.0.0
7f36cc703000-7f36cc903000 ---p 0003d000 08:08 7253                       /usr/lib/x86_64-linux-gnu/libgssapi.so.3.0.0
7f36cc903000-7f36cc904000 r--p 0003d000 08:08 7253                       /usr/lib/x86_64-linux-gnu/libgssapi.so.3.0.0
7f36cc904000-7f36cc906000 rw-p 0003e000 08:08 7253                       /usr/lib/x86_64-linux-gnu/libgssapi.so.3.0.0
7f36cc906000-7f36cc907000 rw-p 00000000 00:00 0 
7f36cc907000-7f36cc920000 r-xp 00000000 08:08 7775                       /usr/lib/x86_64-linux-gnu/libsasl2.so.2.0.25
7f36cc920000-7f36ccb20000 ---p 00019000 08:08 7775                       /usr/lib/x86_64-linux-gnu/libsasl2.so.2.0.25
7f36ccb20000-7f36ccb21000 r--p 00019000 08:08 7775                       /usr/lib/x86_64-linux-gnu/libsasl2.so.2.0.25
7f36ccb21000-7f36ccb22000 rw-p 0001a000 08:08 7775                       /usr/lib/x86_64-linux-gnu/libsasl2.so.2.0.25
7f36ccb22000-7f36ccb39000 r-xp 00000000 08:08 3277004                    /lib/x86_64-linux-gnu/libresolv-2.23.so
7f36ccb39000-7f36ccd39000 ---p 00017000 08:08 3277004                    /lib/x86_64-linux-gnu/libresolv-2.23.so
7f36ccd39000-7f36ccd3a000 r--p 00017000 08:08 3277004                    /lib/x86_64-linux-gnu/libresolv-2.23.so
7f36ccd3a000-7f36ccd3b000 rw-p 00018000 08:08 3277004                    /lib/x86_64-linux-gnu/libresolv-2.23.so
7f36ccd3b000-7f36ccd3d000 rw-p 00000000 00:00 0 
7f36ccd3d000-7f36ccd47000 r-xp 00000000 08:08 7441                       /usr/lib/x86_64-linux-gnu/libkrb5support.so.0.1
7f36ccd47000-7f36ccf46000 ---p 0000a000 08:08 7441                       /usr/lib/x86_64-linux-gnu/libkrb5support.so.0.1
7f36ccf46000-7f36ccf47000 r--p 00009000 08:08 7441                       /usr/lib/x86_64-linux-gnu/libkrb5support.so.0.1
7f36ccf47000-7f36ccf48000 rw-p 0000a000 08:08 7441                       /usr/lib/x86_64-linux-gnu/libkrb5support.so.0.1
7f36ccf48000-7f36ccf4b000 r-xp 00000000 08:08 3282110                    /lib/x86_64-linux-gnu/libcom_err.so.2.1
7f36ccf4b000-7f36cd14a000 ---p 00003000 08:08 3282110                    /lib/x86_64-linux-gnu/libcom_err.so.2.1
7f36cd14a000-7f36cd14b000 r--p 00002000 08:08 3282110                    /lib/x86_64-linux-gnu/libcom_err.so.2.1
7f36cd14b000-7f36cd14c000 rw-p 00003000 08:08 3282110                    /lib/x86_64-linux-gnu/libcom_err.so.2.1
7f36cd14c000-7f36cd178000 r-xp 00000000 08:08 7431                       /usr/lib/x86_64-linux-gnu/libk5crypto.so.3.1
7f36cd178000-7f36cd377000 ---p 0002c000 08:08 7431                       /usr/lib/x86_64-linux-gnu/libk5crypto.so.3.1
7f36cd377000-7f36cd379000 r--p 0002b000 08:08 7431                       /usr/lib/x86_64-linux-gnu/libk5crypto.so.3.1
7f36cd379000-7f36cd37a000 rw-p 0002d000 08:08 7431                       /usr/lib/x86_64-linux-gnu/libk5crypto.so.3.1
7f36cd37a000-7f36cd37b000 rw-p 00000000 00:00 0 
7f36cd37b000-7f36cd43e000 r-xp 00000000 08:08 7439                       /usr/lib/x86_64-linux-gnu/libkrb5.so.3.3
7f36cd43e000-7f36cd63e000 ---p 000c3000 08:08 7439                       /usr/lib/x86_64-linux-gnu/libkrb5.so.3.3
7f36cd63e000-7f36cd64b000 r--p 000c3000 08:08 7439                       /usr/lib/x86_64-linux-gnu/libkrb5.so.3.3
7f36cd64b000-7f36cd64d000 rw-p 000d0000 08:08 7439                       /usr/lib/x86_64-linux-gnu/libkrb5.so.3.3
7f36cd64d000-7f36cd6cc000 r-xp 00000000 08:08 7198                       /usr/lib/x86_64-linux-gnu/libgmp.so.10.3.0
7f36cd6cc000-7f36cd8cb000 ---p 0007f000 08:08 7198                       /usr/lib/x86_64-linux-gnu/libgmp.so.10.3.0
7f36cd8cb000-7f36cd8cc000 r--p 0007e000 08:08 7198                       /usr/lib/x86_64-linux-gnu/libgmp.so.10.3.0
7f36cd8cc000-7f36cd8cd000 rw-p 0007f000 08:08 7198                       /usr/lib/x86_64-linux-gnu/libgmp.so.10.3.0
7f36cd8cd000-7f36cd901000 r-xp 00000000 08:08 7561                       /usr/lib/x86_64-linux-gnu/libnettle.so.6.2
7f36cd901000-7f36cdb00000 ---p 00034000 08:08 7561                       /usr/lib/x86_64-linux-gnu/libnettle.so.6.2
7f36cdb00000-7f36cdb02000 r--p 00033000 08:08 7561                       /usr/lib/x86_64-linux-gnu/libnettle.so.6.2
7f36cdb02000-7f36cdb03000 rw-p 00035000 08:08 7561                       /usr/lib/x86_64-linux-gnu/libnettle.so.6.2
7f36cdb03000-7f36cdb35000 r-xp 00000000 08:08 7336                       /usr/lib/x86_64-linux-gnu/libhogweed.so.4.2
7f36cdb35000-7f36cdd34000 ---p 00032000 08:08 7336                       /usr/lib/x86_64-linux-gnu/libhogweed.so.4.2
7f36cdd34000-7f36cdd35000 r--p 00031000 08:08 7336                       /usr/lib/x86_64-linux-gnu/libhogweed.so.4.2
7f36cdd35000-7f36cdd36000 rw-p 00032000 08:08 7336                       /usr/lib/x86_64-linux-gnu/libhogweed.so.4.2
7f36cdd36000-7f36cde59000 r-xp 00000000 08:08 926                        /usr/lib/x86_64-linux-gnu/libgnutls.so.30.6.2
7f36cde59000-7f36ce058000 ---p 00123000 08:08 926                        /usr/lib/x86_64-linux-gnu/libgnutls.so.30.6.2
7f36ce058000-7f36ce063000 r--p 00122000 08:08 926                        /usr/lib/x86_64-linux-gnu/libgnutls.so.30.6.2
7f36ce063000-7f36ce065000 rw-p 0012d000 08:08 926                        /usr/lib/x86_64-linux-gnu/libgnutls.so.30.6.2
7f36ce065000-7f36ce066000 rw-p 00000000 00:00 0 
7f36ce066000-7f36ce0b3000 r-xp 00000000 08:08 2039                       /usr/lib/x86_64-linux-gnu/libldap_r-2.4.so.2.10.5
7f36ce0b3000-7f36ce2b2000 ---p 0004d000 08:08 2039                       /usr/lib/x86_64-linux-gnu/libldap_r-2.4.so.2.10.5
7f36ce2b2000-7f36ce2b4000 r--p 0004c000 08:08 2039                       /usr/lib/x86_64-linux-gnu/libldap_r-2.4.so.2.10.5
7f36ce2b4000-7f36ce2b5000 rw-p 0004e000 08:08 2039                       /usr/lib/x86_64-linux-gnu/libldap_r-2.4.so.2.10.5
7f36ce2b5000-7f36ce2b7000 rw-p 00000000 00:00 0 
7f36ce2b7000-7f36ce2c4000 r-xp 00000000 08:08 2276                       /usr/lib/x86_64-linux-gnu/liblber-2.4.so.2.10.5
7f36ce2c4000-7f36ce4c4000 ---p 0000d000 08:08 2276                       /usr/lib/x86_64-linux-gnu/liblber-2.4.so.2.10.5
7f36ce4c4000-7f36ce4c5000 r--p 0000d000 08:08 2276                       /usr/lib/x86_64-linux-gnu/liblber-2.4.so.2.10.5
7f36ce4c5000-7f36ce4c6000 rw-p 0000e000 08:08 2276                       /usr/lib/x86_64-linux-gnu/liblber-2.4.so.2.10.5
7f36ce4c6000-7f36ce50d000 r-xp 00000000 08:08 7255                       /usr/lib/x86_64-linux-gnu/libgssapi_krb5.so.2.2
7f36ce50d000-7f36ce70c000 ---p 00047000 08:08 7255                       /usr/lib/x86_64-linux-gnu/libgssapi_krb5.so.2.2
7f36ce70c000-7f36ce70e000 r--p 00046000 08:08 7255                       /usr/lib/x86_64-linux-gnu/libgssapi_krb5.so.2.2
7f36ce70e000-7f36ce710000 rw-p 00048000 08:08 7255                       /usr/lib/x86_64-linux-gnu/libgssapi_krb5.so.2.2
7f36ce710000-7f36ce92a000 r-xp 00000000 08:08 3282140                    /lib/x86_64-linux-gnu/libcrypto.so.1.0.0
7f36ce92a000-7f36ceb29000 ---p 0021a000 08:08 3282140                    /lib/x86_64-linux-gnu/libcrypto.so.1.0.0
7f36ceb29000-7f36ceb45000 r--p 00219000 08:08 3282140                    /lib/x86_64-linux-gnu/libcrypto.so.1.0.0
7f36ceb45000-7f36ceb51000 rw-p 00235000 08:08 3282140                    /lib/x86_64-linux-gnu/libcrypto.so.1.0.0
7f36ceb51000-7f36ceb54000 rw-p 00000000 00:00 0 
7f36ceb54000-7f36cebb2000 r-xp 00000000 08:08 3287646                    /lib/x86_64-linux-gnu/libssl.so.1.0.0
7f36cebb2000-7f36cedb2000 ---p 0005e000 08:08 3287646                    /lib/x86_64-linux-gnu/libssl.so.1.0.0
7f36cedb2000-7f36cedb6000 r--p 0005e000 08:08 3287646                    /lib/x86_64-linux-gnu/libssl.so.1.0.0
7f36cedb6000-7f36cedbd000 rw-p 00062000 08:08 3287646                    /lib/x86_64-linux-gnu/libssl.so.1.0.0
7f36cedbd000-7f36cedd8000 r-xp 00000000 08:08 7756                       /usr/lib/x86_64-linux-gnu/librtmp.so.1
7f36cedd8000-7f36cefd7000 ---p 0001b000 08:08 7756                       /usr/lib/x86_64-linux-gnu/librtmp.so.1
7f36cefd7000-7f36cefd8000 r--p 0001a000 08:08 7756                       /usr/lib/x86_64-linux-gnu/librtmp.so.1
7f36cefd8000-7f36cefd9000 rw-p 0001b000 08:08 7756                       /usr/lib/x86_64-linux-gnu/librtmp.so.1
7f36cefd9000-7f36cf00a000 r-xp 00000000 08:08 307                        /usr/lib/x86_64-linux-gnu/libidn.so.11.6.15
7f36cf00a000-7f36cf20a000 ---p 00031000 08:08 307                        /usr/lib/x86_64-linux-gnu/libidn.so.11.6.15
7f36cf20a000-7f36cf20b000 r--p 00031000 08:08 307                        /usr/lib/x86_64-linux-gnu/libidn.so.11.6.15
7f36cf20b000-7f36cf20c000 rw-p 00032000 08:08 307                        /usr/lib/x86_64-linux-gnu/libidn.so.11.6.15
7f36cf20c000-7f36cf277000 r-xp 00000000 08:08 300                        /usr/lib/x86_64-linux-gnu/libcurl.so.4.4.0
7f36cf277000-7f36cf477000 ---p 0006b000 08:08 300                        /usr/lib/x86_64-linux-gnu/libcurl.so.4.4.0
7f36cf477000-7f36cf47a000 r--p 0006b000 08:08 300                        /usr/lib/x86_64-linux-gnu/libcurl.so.4.4.0
7f36cf47a000-7f36cf47b000 rw-p 0006e000 08:08 300                        /usr/lib/x86_64-linux-gnu/libcurl.so.4.4.0
7f36cf47b000-7f36cf616000 r-xp 00000000 08:08 952467                     /tmp/VLog-tmp6465519291146096589/libvlog-core.so (deleted)
7f36cf616000-7f36cf815000 ---p 0019b000 08:08 952467                     /tmp/VLog-tmp6465519291146096589/libvlog-core.so (deleted)
7f36cf815000-7f36cf81a000 r--p 0019a000 08:08 952467                     /tmp/VLog-tmp6465519291146096589/libvlog-core.so (deleted)
7f36cf81a000-7f36cf81d000 rw-p 0019f000 08:08 952467                     /tmp/VLog-tmp6465519291146096589/libvlog-core.so (deleted)
7f36cf81d000-7f36cf928000 r-xp 00000000 08:08 952465                     /tmp/VLog-tmp5254158291953514761/libtrident-sparql.so (deleted)
7f36cf928000-7f36cfb27000 ---p 0010b000 08:08 952465                     /tmp/VLog-tmp5254158291953514761/libtrident-sparql.so (deleted)
7f36cfb27000-7f36cfb2b000 r--p 0010a000 08:08 952465                     /tmp/VLog-tmp5254158291953514761/libtrident-sparql.so (deleted)
7f36cfb2b000-7f36cfb2d000 rw-p 0010e000 08:08 952465                     /tmp/VLog-tmp5254158291953514761/libtrident-sparql.so (deleted)
7f36cfb2d000-7f36cfd0f000 r-xp 00000000 08:08 952463                     /tmp/VLog-tmp6533548237127778872/libtrident-core.so (deleted)
7f36cfd0f000-7f36cff0e000 ---p 001e2000 08:08 952463                     /tmp/VLog-tmp6533548237127778872/libtrident-core.so (deleted)
7f36cff0e000-7f36cff16000 r--p 001e1000 08:08 952463                     /tmp/VLog-tmp6533548237127778872/libtrident-core.so (deleted)
7f36cff16000-7f36cff18000 rw-p 001e9000 08:08 952463                     /tmp/VLog-tmp6533548237127778872/libtrident-core.so (deleted)
7f36cff18000-7f36cff19000 rw-p 00000000 00:00 0 
7f36cff19000-7f36cff2f000 r-xp 00000000 08:08 3282139                    /lib/x86_64-linux-gnu/libgcc_s.so.1
7f36cff2f000-7f36d012e000 ---p 00016000 08:08 3282139                    /lib/x86_64-linux-gnu/libgcc_s.so.1
7f36d012e000-7f36d012f000 rw-p 00015000 08:08 3282139                    /lib/x86_64-linux-gnu/libgcc_s.so.1
7f36d012f000-7f36d02a1000 r-xp 00000000 08:08 302                        /usr/lib/x86_64-linux-gnu/libstdc++.so.6.0.21
7f36d02a1000-7f36d04a1000 ---p 00172000 08:08 302                        /usr/lib/x86_64-linux-gnu/libstdc++.so.6.0.21
7f36d04a1000-7f36d04ab000 r--p 00172000 08:08 302                        /usr/lib/x86_64-linux-gnu/libstdc++.so.6.0.21
7f36d04ab000-7f36d04ad000 rw-p 0017c000 08:08 302                        /usr/lib/x86_64-linux-gnu/libstdc++.so.6.0.21
7f36d04ad000-7f36d04b1000 rw-p 00000000 00:00 0 
7f36d04b1000-7f36d04ca000 r-xp 00000000 08:08 3282292                    /lib/x86_64-linux-gnu/libz.so.1.2.8
7f36d04ca000-7f36d06c9000 ---p 00019000 08:08 3282292                    /lib/x86_64-linux-gnu/libz.so.1.2.8
7f36d06c9000-7f36d06ca000 r--p 00018000 08:08 3282292                    /lib/x86_64-linux-gnu/libz.so.1.2.8
7f36d06ca000-7f36d06cb000 rw-p 00019000 08:08 3282292                    /lib/x86_64-linux-gnu/libz.so.1.2.8
7f36d06cb000-7f36d07d3000 r-xp 00000000 08:08 952460                     /tmp/VLog-tmp2697908391940665425/libkognac-core.so (deleted)
7f36d07d3000-7f36d09d2000 ---p 00108000 08:08 952460                     /tmp/VLog-tmp2697908391940665425/libkognac-core.so (deleted)
7f36d09d2000-7f36d09d5000 r--p 00107000 08:08 952460                     /tmp/VLog-tmp2697908391940665425/libkognac-core.so (deleted)
7f36d09d5000-7f36d09d7000 rw-p 0010a000 08:08 952460                     /tmp/VLog-tmp2697908391940665425/libkognac-core.so (deleted)
7f36d09d7000-7f36d39d8000 rw-p 00000000 00:00 0 
7f36d39d8000-7f36d39ee000 r-xp 00000000 08:08 538228                     /usr/lib/jvm/java-8-oracle/jre/lib/amd64/libnet.so
7f36d39ee000-7f36d3bee000 ---p 00016000 08:08 538228                     /usr/lib/jvm/java-8-oracle/jre/lib/amd64/libnet.so
7f36d3bee000-7f36d3bef000 rw-p 00016000 08:08 538228                     /usr/lib/jvm/java-8-oracle/jre/lib/amd64/libnet.so
7f36d3bef000-7f36d3c00000 r-xp 00000000 08:08 538231                     /usr/lib/jvm/java-8-oracle/jre/lib/amd64/libnio.so
7f36d3c00000-7f36d3dff000 ---p 00011000 08:08 538231                     /usr/lib/jvm/java-8-oracle/jre/lib/amd64/libnio.so
7f36d3dff000-7f36d3e00000 rw-p 00010000 08:08 538231                     /usr/lib/jvm/java-8-oracle/jre/lib/amd64/libnio.so
7f36d3e00000-7f36d3f00000 rw-p 00000000 00:00 0 
7f36d3f00000-7f36d4000000 ---p 00000000 00:00 0 
7f36d4000000-7f36d4021000 rw-p 00000000 00:00 0 
7f36d4021000-7f36d8000000 ---p 00000000 00:00 0 
7f36d8000000-7f36d8024000 rw-p 00000000 00:00 0 
7f36d8024000-7f36dc000000 ---p 00000000 00:00 0 
7f36dc000000-7f36dc021000 rw-p 00000000 00:00 0 
7f36dc021000-7f36e0000000 ---p 00000000 00:00 0 
7f36e0000000-7f36e0021000 rw-p 00000000 00:00 0 
7f36e0021000-7f36e4000000 ---p 00000000 00:00 0 
7f36e4000000-7f36e4623000 rw-p 00000000 00:00 0 
7f36e4623000-7f36e8000000 ---p 00000000 00:00 0 
7f36e8000000-7f36e8021000 rw-p 00000000 00:00 0 
7f36e8021000-7f36ec000000 ---p 00000000 00:00 0 
7f36ec000000-7f36edc93000 rw-p 00000000 00:00 0 
7f36edc93000-7f36f0000000 ---p 00000000 00:00 0 
7f36f0000000-7f36f18dc000 rw-p 00000000 00:00 0 
7f36f18dc000-7f36f4000000 ---p 00000000 00:00 0 
7f36f4000000-7f36f4021000 rw-p 00000000 00:00 0 
7f36f4021000-7f36f8000000 ---p 00000000 00:00 0 
7f36f8000000-7f36f8021000 rw-p 00000000 00:00 0 
7f36f8021000-7f36fc000000 ---p 00000000 00:00 0 
7f36fc000000-7f36fc06a000 rw-p 00000000 00:00 0 
7f36fc06a000-7f3700000000 ---p 00000000 00:00 0 
7f3700000000-7f3700021000 rw-p 00000000 00:00 0 
7f3700021000-7f3704000000 ---p 00000000 00:00 0 
7f3704000000-7f3704021000 rw-p 00000000 00:00 0 
7f3704021000-7f3708000000 ---p 00000000 00:00 0 
7f3708000000-7f3708021000 rw-p 00000000 00:00 0 
7f3708021000-7f370c000000 ---p 00000000 00:00 0 
7f370c000000-7f370c021000 rw-p 00000000 00:00 0 
7f370c021000-7f3710000000 ---p 00000000 00:00 0 
7f3710000000-7f3710021000 rw-p 00000000 00:00 0 
7f3710021000-7f3714000000 ---p 00000000 00:00 0 
7f37141fd000-7f3714200000 ---p 00000000 00:00 0 
7f3714200000-7f37142fe000 rw-p 00000000 00:00 0 
7f37142fe000-7f3714301000 ---p 00000000 00:00 0 
7f3714301000-7f37143ff000 rw-p 00000000 00:00 0 
7f37143ff000-7f3714402000 ---p 00000000 00:00 0 
7f3714402000-7f3714700000 rw-p 00000000 00:00 0 
7f3714700000-7f3714900000 rw-p 00000000 00:00 0 
7f3714900000-7f3714b00000 rw-p 00000000 00:00 0 
7f3714b00000-7f3714d00000 rw-p 00000000 00:00 0 
7f3714d00000-7f3714d03000 r--s 0001b000 08:09 2228631                    /home/raj/.m2/repository/junit/junit/3.8.1/junit-3.8.1.jar
7f3714d03000-7f3714d07000 r--s 0002a000 08:09 1707061                    /home/raj/.m2/repository/commons-io/commons-io/2.4/commons-io-2.4.jar
7f3714d07000-7f3714d09000 r--s 00006000 08:09 2229146                    /home/raj/.m2/repository/com/google/code/findbugs/jsr305/2.0.1/jsr305-2.0.1.jar
7f3714d09000-7f3714d0b000 r--s 00012000 08:09 2229861                    /home/raj/.m2/repository/com/google/inject/extensions/guice-multibindings/4.0/guice-multibindings-4.0.jar
7f3714d0b000-7f3714d0d000 r--s 00009000 08:09 2229854                    /home/raj/.m2/repository/com/google/inject/extensions/guice-assistedinject/4.0/guice-assistedinject-4.0.jar
7f3714d0d000-7f3714d0f000 r--s 00000000 08:09 2229852                    /home/raj/.m2/repository/aopalliance/aopalliance/1.0/aopalliance-1.0.jar
7f3714d0f000-7f3714d10000 r--s 00000000 08:09 2229196                    /home/raj/.m2/repository/javax/inject/javax.inject/1/javax.inject-1.jar
7f3714d10000-7f3714d1e000 r--s 00096000 08:09 2229845                    /home/raj/.m2/repository/com/google/inject/guice/4.0/guice-4.0.jar
7f3714d1e000-7f3714d4a000 r--s 00208000 08:09 2229841                    /home/raj/.m2/repository/com/google/guava/guava/19.0/guava-19.0.jar
7f3714d4a000-7f3714d6a000 r--s 00129000 08:09 2229838                    /home/raj/.m2/repository/com/github/ben-manes/caffeine/caffeine/2.1.0/caffeine-2.1.0.jar
7f3714d6a000-7f3714d92000 r--s 00241000 08:09 2229813                    /home/raj/.m2/repository/net/sf/trove4j/trove4j/3.0.3/trove4j-3.0.3.jar
7f3714d92000-7f3714d94000 r--s 00005000 08:09 2359496                    /home/raj/.m2/repository/org/semarglproject/semargl-rdf/0.6.1/semargl-rdf-0.6.1.jar
7f3714d94000-7f3714d95000 r--s 00008000 08:09 2359512                    /home/raj/.m2/repository/org/semarglproject/semargl-rdfa/0.6.1/semargl-rdfa-0.6.1.jar
7f3714d95000-7f3714d97000 r--s 00004000 08:09 2359493                    /home/raj/.m2/repository/org/semarglproject/semargl-core/0.6.1/semargl-core-0.6.1.jar
7f3714d97000-7f3714d98000 r--s 00002000 08:09 2359508                    /home/raj/.m2/repository/org/semarglproject/semargl-sesame/0.6.1/semargl-sesame-0.6.1.jar
7f3714d98000-7f3714d9a000 r--s 00003000 08:09 2359491                    /home/raj/.m2/repository/org/slf4j/jcl-over-slf4j/1.7.13/jcl-over-slf4j-1.7.13.jar
7f3714d9a000-7f3714da1000 r--s 00050000 08:09 2359504                    /home/raj/.m2/repository/org/apache/httpcomponents/httpcore-nio/4.4.4/httpcore-nio-4.4.4.jar
7f3714da1000-7f3714da8000 r--s 00049000 08:09 2359502                    /home/raj/.m2/repository/org/apache/httpcomponents/httpcore/4.4.4/httpcore-4.4.4.jar
7f3714da8000-7f3714db6000 r--s 0009a000 08:09 2359500                    /home/raj/.m2/repository/org/apache/httpcomponents/httpcore-osgi/4.4.4/httpcore-osgi-4.4.4.jar
7f3714db6000-7f3714db7000 r--s 00007000 08:09 2359499                    /home/raj/.m2/repository/org/apache/httpcomponents/fluent-hc/4.5.1/fluent-hc-4.5.1.jar
7f3714db7000-7f3714dba000 r--s 00024000 08:09 2359497                    /home/raj/.m2/repository/org/apache/httpcomponents/httpclient-cache/4.5.1/httpclient-cache-4.5.1.jar
7f3714dba000-7f3714dbb000 r--s 00009000 08:09 2359494                    /home/raj/.m2/repository/org/apache/httpcomponents/httpmime/4.5.1/httpmime-4.5.1.jar
7f3714dbb000-7f3714dc2000 r--s 0003a000 08:09 2359492                    /home/raj/.m2/repository/commons-codec/commons-codec/1.9/commons-codec-1.9.jar
7f3714dc2000-7f3714dcf000 r--s 000a6000 08:09 2359495                    /home/raj/.m2/repository/org/apache/httpcomponents/httpclient/4.5.1/httpclient-4.5.1.jar
7f3714de1000-7f3714de6000 r--s 0009d000 08:08 538173                     /usr/lib/jvm/java-8-oracle/jre/lib/jsse.jar
7f3714de6000-7f3714de8000 r--s 0001c000 08:09 2230322                    /home/raj/.m2/repository/com/github/jsonld-java/jsonld-java/0.8.0/jsonld-java-0.8.0.jar
7f3714de8000-7f3714de9000 r--s 00001000 08:09 2230340                    /home/raj/.m2/repository/org/openrdf/sesame/sesame-rio-trig/4.0.2/sesame-rio-trig-4.0.2.jar
7f3714de9000-7f3714dea000 r--s 00005000 08:09 2230330                    /home/raj/.m2/repository/org/openrdf/sesame/sesame-rio-turtle/4.0.2/sesame-rio-turtle-4.0.2.jar
7f3714dea000-7f3714deb000 r--s 00002000 08:09 2230335                    /home/raj/.m2/repository/org/openrdf/sesame/sesame-rio-trix/4.0.2/sesame-rio-trix-4.0.2.jar
7f3714deb000-7f3714ded000 r--s 00008000 08:09 2230298                    /home/raj/.m2/repository/org/openrdf/sesame/sesame-rio-rdfxml/4.0.2/sesame-rio-rdfxml-4.0.2.jar
7f3714ded000-7f3714def000 r--s 00002000 08:09 2230317                    /home/raj/.m2/repository/org/openrdf/sesame/sesame-rio-rdfjson/4.0.2/sesame-rio-rdfjson-4.0.2.jar
7f3714def000-7f3714df1000 r--s 00003000 08:09 2230329                    /home/raj/.m2/repository/org/openrdf/sesame/sesame-rio-ntriples/4.0.2/sesame-rio-ntriples-4.0.2.jar
7f3714df1000-7f3714df2000 r--s 00001000 08:09 2230327                    /home/raj/.m2/repository/org/openrdf/sesame/sesame-rio-nquads/4.0.2/sesame-rio-nquads-4.0.2.jar
7f3714df2000-7f3714df4000 r--s 00000000 08:09 2230313                    /home/raj/.m2/repository/org/openrdf/sesame/sesame-rio-n3/4.0.2/sesame-rio-n3-4.0.2.jar
7f3714df4000-7f3714df5000 r--s 00002000 08:09 2230310                    /home/raj/.m2/repository/org/openrdf/sesame/sesame-rio-binary/4.0.2/sesame-rio-binary-4.0.2.jar
7f3714df5000-7f3714df7000 r--s 00001000 08:09 2230306                    /home/raj/.m2/repository/org/openrdf/sesame/sesame-rio-datatypes/4.0.2/sesame-rio-datatypes-4.0.2.jar
7f3714df7000-7f3714df8000 r--s 00000000 08:09 2230304                    /home/raj/.m2/repository/org/openrdf/sesame/sesame-rio-languages/4.0.2/sesame-rio-languages-4.0.2.jar
7f3714df8000-7f3714dfb000 r--s 0000d000 08:09 2230293                    /home/raj/.m2/repository/org/openrdf/sesame/sesame-rio-api/4.0.2/sesame-rio-api-4.0.2.jar
7f3714dfb000-7f3714dfd000 r--s 00014000 08:09 2230316                    /home/raj/.m2/repository/org/openrdf/sesame/sesame-util/4.0.2/sesame-util-4.0.2.jar
7f3714dfd000-7f3714e01000 r--s 00029000 08:09 2230314                    /home/raj/.m2/repository/org/openrdf/sesame/sesame-model/4.0.2/sesame-model-4.0.2.jar
7f3714e01000-7f3714e05000 r--s 00015000 08:09 2230311                    /home/raj/.m2/repository/org/tukaani/xz/1.5/xz-1.5.jar
7f3714e05000-7f3714e06000 r--s 00002000 08:09 2230309                    /home/raj/.m2/repository/org/apache/commons/commons-rdf-api/0.1.0-incubating/commons-rdf-api-0.1.0-incubating.jar
7f3714e06000-7f3714e08000 r--s 00002000 08:09 2230300                    /home/raj/.m2/repository/org/openrdf/sesame/sesame-rio-jsonld/4.0.2/sesame-rio-jsonld-4.0.2.jar
7f3714e08000-7f3714e0c000 r--s 0000c000 08:09 2624262                    /home/raj/.m2/repository/net/sourceforge/owlapi/owlapi-rio/5.0.0/owlapi-rio-5.0.0.jar
7f3714e0c000-7f3714e10000 r--s 00015000 08:09 2624260                    /home/raj/.m2/repository/net/sourceforge/owlapi/owlapi-fixers/5.0.0/owlapi-fixers-5.0.0.jar
7f3714e10000-7f3714e16000 r--s 00039000 08:09 2624258                    /home/raj/.m2/repository/net/sourceforge/owlapi/owlapi-tools/5.0.0/owlapi-tools-5.0.0.jar
7f3714e16000-7f3714e1a000 r--s 0002b000 08:09 2624256                    /home/raj/.m2/repository/net/sourceforge/owlapi/owlapi-oboformat/5.0.0/owlapi-oboformat-5.0.0.jar
7f3714e1a000-7f3714e2e000 r--s 000e4000 08:09 2624254                    /home/raj/.m2/repository/net/sourceforge/owlapi/owlapi-parsers/5.0.0/owlapi-parsers-5.0.0.jar
7f3714e2e000-7f3714e35000 r--s 0004b000 08:09 2624252                    /home/raj/.m2/repository/net/sourceforge/owlapi/owlapi-impl/5.0.0/owlapi-impl-5.0.0.jar
7f3714e35000-7f3714e4c000 r--s 000ce000 08:09 2624250                    /home/raj/.m2/repository/net/sourceforge/owlapi/owlapi-api/5.0.0/owlapi-api-5.0.0.jar
7f3714e4c000-7f3714e51000 r--s 00019000 08:09 2624246                    /home/raj/.m2/repository/net/sourceforge/owlapi/owlapi-compatibility/5.0.0/owlapi-compatibility-5.0.0.jar
7f3714e51000-7f3714e54000 r--s 00009000 08:09 2230288                    /home/raj/.m2/repository/com/fasterxml/jackson/core/jackson-annotations/2.6.3/jackson-annotations-2.6.3.jar
7f3714e54000-7f3714e65000 r--s 0010d000 08:09 2230296                    /home/raj/.m2/repository/com/fasterxml/jackson/core/jackson-databind/2.6.3/jackson-databind-2.6.3.jar
7f3714e68000-7f3714ea5000 r--s 002ac000 08:09 2624244                    /home/raj/.m2/repository/net/sourceforge/owlapi/owlapi-distribution/5.0.0/owlapi-distribution-5.0.0.jar
7f3714ea5000-7f3714ea7000 r--s 00009000 08:09 2886314                    /home/raj/.m2/repository/org/apache/commons/commons-csv/1.5/commons-csv-1.5.jar
7f3714ea7000-7f3714eaf000 r--s 00072000 08:09 2886312                    /home/raj/.m2/repository/org/apache/commons/commons-lang3/3.7/commons-lang3-3.7.jar
7f3714eaf000-7f3714eb0000 ---p 00000000 00:00 0 
7f3714eb0000-7f3714fb0000 rw-p 00000000 00:00 0 
7f3714fb0000-7f3714fb3000 ---p 00000000 00:00 0 
7f3714fb3000-7f37150b1000 rw-p 00000000 00:00 0 
7f37150b1000-7f37150b4000 ---p 00000000 00:00 0 
7f37150b4000-7f37151b2000 rw-p 00000000 00:00 0 
7f37151b2000-7f37151b5000 ---p 00000000 00:00 0 
7f37151b5000-7f37152b3000 rw-p 00000000 00:00 0 
7f37152b3000-7f37152b6000 ---p 00000000 00:00 0 
7f37152b6000-7f37153b4000 rw-p 00000000 00:00 0 
7f37153b4000-7f37153b7000 ---p 00000000 00:00 0 
7f37153b7000-7f37154b5000 rw-p 00000000 00:00 0 
7f37154b5000-7f371590b000 r--p 00000000 08:08 1521                       /usr/lib/locale/locale-archive
7f371590b000-7f371590e000 ---p 00000000 00:00 0 
7f371590e000-7f3715a0c000 rw-p 00000000 00:00 0 
7f3715a0c000-7f3715a0f000 ---p 00000000 00:00 0 
7f3715a0f000-7f3715b0d000 rw-p 00000000 00:00 0 
7f3715b0d000-7f3715b0e000 ---p 00000000 00:00 0 
7f3715b0e000-7f3716bcf000 rw-p 00000000 00:00 0 
7f3716bcf000-7f3716da9000 r--s 03d68000 08:08 538168                     /usr/lib/jvm/java-8-oracle/jre/lib/rt.jar
7f3716da9000-7f371b777000 rw-p 00000000 00:00 0 
7f371b777000-7f371b778000 ---p 00000000 00:00 0 
7f371b778000-7f371b878000 rw-p 00000000 00:00 0 
7f371b878000-7f371b879000 ---p 00000000 00:00 0 
7f371b879000-7f371b979000 rw-p 00000000 00:00 0 
7f371b979000-7f371b97a000 ---p 00000000 00:00 0 
7f371b97a000-7f371ba7a000 rw-p 00000000 00:00 0 
7f371ba7a000-7f371ba7b000 ---p 00000000 00:00 0 
7f371ba7b000-7f371bcd1000 rw-p 00000000 00:00 0 
7f371bcd1000-7f371be0b000 ---p 00000000 00:00 0 
7f371be0b000-7f371bf61000 rw-p 00000000 00:00 0 
7f371bf61000-7f371c09b000 ---p 00000000 00:00 0 
7f371c09b000-7f371c1e3000 rw-p 00000000 00:00 0 
7f371c1e3000-7f371c213000 rw-p 00000000 00:00 0 
7f371c213000-7f371c5a4000 ---p 00000000 00:00 0 
7f371c5a4000-7f371d134000 rwxp 00000000 00:00 0 
7f371d134000-7f372b5a4000 ---p 00000000 00:00 0 
7f372b5a4000-7f372b5bf000 r-xp 00000000 08:08 538224                     /usr/lib/jvm/java-8-oracle/jre/lib/amd64/libzip.so
7f372b5bf000-7f372b7bf000 ---p 0001b000 08:08 538224                     /usr/lib/jvm/java-8-oracle/jre/lib/amd64/libzip.so
7f372b7bf000-7f372b7c0000 rw-p 0001b000 08:08 538224                     /usr/lib/jvm/java-8-oracle/jre/lib/amd64/libzip.so
7f372b7c0000-7f372b7cb000 r-xp 00000000 08:08 3277013                    /lib/x86_64-linux-gnu/libnss_files-2.23.so
7f372b7cb000-7f372b9ca000 ---p 0000b000 08:08 3277013                    /lib/x86_64-linux-gnu/libnss_files-2.23.so
7f372b9ca000-7f372b9cb000 r--p 0000a000 08:08 3277013                    /lib/x86_64-linux-gnu/libnss_files-2.23.so
7f372b9cb000-7f372b9cc000 rw-p 0000b000 08:08 3277013                    /lib/x86_64-linux-gnu/libnss_files-2.23.so
7f372b9cc000-7f372b9d2000 rw-p 00000000 00:00 0 
7f372b9d2000-7f372b9dd000 r-xp 00000000 08:08 3277017                    /lib/x86_64-linux-gnu/libnss_nis-2.23.so
7f372b9dd000-7f372bbdc000 ---p 0000b000 08:08 3277017                    /lib/x86_64-linux-gnu/libnss_nis-2.23.so
7f372bbdc000-7f372bbdd000 r--p 0000a000 08:08 3277017                    /lib/x86_64-linux-gnu/libnss_nis-2.23.so
7f372bbdd000-7f372bbde000 rw-p 0000b000 08:08 3277017                    /lib/x86_64-linux-gnu/libnss_nis-2.23.so
7f372bbde000-7f372bbf4000 r-xp 00000000 08:08 3276997                    /lib/x86_64-linux-gnu/libnsl-2.23.so
7f372bbf4000-7f372bdf3000 ---p 00016000 08:08 3276997                    /lib/x86_64-linux-gnu/libnsl-2.23.so
7f372bdf3000-7f372bdf4000 r--p 00015000 08:08 3276997                    /lib/x86_64-linux-gnu/libnsl-2.23.so
7f372bdf4000-7f372bdf5000 rw-p 00016000 08:08 3276997                    /lib/x86_64-linux-gnu/libnsl-2.23.so
7f372bdf5000-7f372bdf7000 rw-p 00000000 00:00 0 
7f372bdf7000-7f372bdff000 r-xp 00000000 08:08 3277008                    /lib/x86_64-linux-gnu/libnss_compat-2.23.so
7f372bdff000-7f372bffe000 ---p 00008000 08:08 3277008                    /lib/x86_64-linux-gnu/libnss_compat-2.23.so
7f372bffe000-7f372bfff000 r--p 00007000 08:08 3277008                    /lib/x86_64-linux-gnu/libnss_compat-2.23.so
7f372bfff000-7f372c000000 rw-p 00008000 08:08 3277008                    /lib/x86_64-linux-gnu/libnss_compat-2.23.so
7f372c000000-7f3730000000 rw-p 00000000 00:00 0 
7f3730000000-7f3730001000 r--s 00002000 08:09 2624248                    /home/raj/.m2/repository/net/sourceforge/owlapi/owlapi-apibinding/5.0.0/owlapi-apibinding-5.0.0.jar
7f3730001000-7f3730002000 r--s 00007000 08:09 2230570                    /home/raj/.m2/repository/org/slf4j/slf4j-api/1.7.10/slf4j-api-1.7.10.jar
7f3730002000-7f3730004000 r--s 00005000 08:09 2886310                    /home/raj/.m2/repository/org/eclipse/jdt/org.eclipse.jdt.annotation/2.1.100/org.eclipse.jdt.annotation-2.1.100.jar
7f3730004000-7f3730009000 r--s 00084000 08:08 538139                     /usr/lib/jvm/java-8-oracle/jre/lib/jfr.jar
7f3730009000-7f373002a000 rw-p 00000000 00:00 0 
7f373002a000-7f3730055000 r-xp 00000000 08:08 538218                     /usr/lib/jvm/java-8-oracle/jre/lib/amd64/libjava.so
7f3730055000-7f3730254000 ---p 0002b000 08:08 538218                     /usr/lib/jvm/java-8-oracle/jre/lib/amd64/libjava.so
7f3730254000-7f3730256000 rw-p 0002a000 08:08 538218                     /usr/lib/jvm/java-8-oracle/jre/lib/amd64/libjava.so
7f3730256000-7f3730263000 r-xp 00000000 08:08 538223                     /usr/lib/jvm/java-8-oracle/jre/lib/amd64/libverify.so
7f3730263000-7f3730463000 ---p 0000d000 08:08 538223                     /usr/lib/jvm/java-8-oracle/jre/lib/amd64/libverify.so
7f3730463000-7f3730465000 rw-p 0000d000 08:08 538223                     /usr/lib/jvm/java-8-oracle/jre/lib/amd64/libverify.so
7f3730465000-7f373046c000 r-xp 00000000 08:08 3277018                    /lib/x86_64-linux-gnu/librt-2.23.so
7f373046c000-7f373066b000 ---p 00007000 08:08 3277018                    /lib/x86_64-linux-gnu/librt-2.23.so
7f373066b000-7f373066c000 r--p 00006000 08:08 3277018                    /lib/x86_64-linux-gnu/librt-2.23.so
7f373066c000-7f373066d000 rw-p 00007000 08:08 3277018                    /lib/x86_64-linux-gnu/librt-2.23.so
7f373066d000-7f3730775000 r-xp 00000000 08:08 3276996                    /lib/x86_64-linux-gnu/libm-2.23.so
7f3730775000-7f3730974000 ---p 00108000 08:08 3276996                    /lib/x86_64-linux-gnu/libm-2.23.so
7f3730974000-7f3730975000 r--p 00107000 08:08 3276996                    /lib/x86_64-linux-gnu/libm-2.23.so
7f3730975000-7f3730976000 rw-p 00108000 08:08 3276996                    /lib/x86_64-linux-gnu/libm-2.23.so
7f3730976000-7f373164f000 r-xp 00000000 08:08 538246                     /usr/lib/jvm/java-8-oracle/jre/lib/amd64/server/libjvm.so
7f373164f000-7f373184e000 ---p 00cd9000 08:08 538246                     /usr/lib/jvm/java-8-oracle/jre/lib/amd64/server/libjvm.so
7f373184e000-7f3731928000 rw-p 00cd8000 08:08 538246                     /usr/lib/jvm/java-8-oracle/jre/lib/amd64/server/libjvm.so
7f3731928000-7f3731973000 rw-p 00000000 00:00 0 
7f3731973000-7f3731b33000 r-xp 00000000 08:08 3277000                    /lib/x86_64-linux-gnu/libc-2.23.so
7f3731b33000-7f3731d33000 ---p 001c0000 08:08 3277000                    /lib/x86_64-linux-gnu/libc-2.23.so
7f3731d33000-7f3731d37000 r--p 001c0000 08:08 3277000                    /lib/x86_64-linux-gnu/libc-2.23.so
7f3731d37000-7f3731d39000 rw-p 001c4000 08:08 3277000                    /lib/x86_64-linux-gnu/libc-2.23.so
7f3731d39000-7f3731d3d000 rw-p 00000000 00:00 0 
7f3731d3d000-7f3731d40000 r-xp 00000000 08:08 3277002                    /lib/x86_64-linux-gnu/libdl-2.23.so
7f3731d40000-7f3731f3f000 ---p 00003000 08:08 3277002                    /lib/x86_64-linux-gnu/libdl-2.23.so
7f3731f3f000-7f3731f40000 r--p 00002000 08:08 3277002                    /lib/x86_64-linux-gnu/libdl-2.23.so
7f3731f40000-7f3731f41000 rw-p 00003000 08:08 3277002                    /lib/x86_64-linux-gnu/libdl-2.23.so
7f3731f41000-7f3731f57000 r-xp 00000000 08:08 549208                     /usr/lib/jvm/java-8-oracle/lib/amd64/jli/libjli.so
7f3731f57000-7f3732156000 ---p 00016000 08:08 549208                     /usr/lib/jvm/java-8-oracle/lib/amd64/jli/libjli.so
7f3732156000-7f3732157000 rw-p 00015000 08:08 549208                     /usr/lib/jvm/java-8-oracle/lib/amd64/jli/libjli.so
7f3732157000-7f373216f000 r-xp 00000000 08:08 3276999                    /lib/x86_64-linux-gnu/libpthread-2.23.so
7f373216f000-7f373236e000 ---p 00018000 08:08 3276999                    /lib/x86_64-linux-gnu/libpthread-2.23.so
7f373236e000-7f373236f000 r--p 00017000 08:08 3276999                    /lib/x86_64-linux-gnu/libpthread-2.23.so
7f373236f000-7f3732370000 rw-p 00018000 08:08 3276999                    /lib/x86_64-linux-gnu/libpthread-2.23.so
7f3732370000-7f3732374000 rw-p 00000000 00:00 0 
7f3732374000-7f373239a000 r-xp 00000000 08:08 3276998                    /lib/x86_64-linux-gnu/ld-2.23.so
7f373239a000-7f373239c000 r--s 005c7000 08:09 2886308                    /home/raj/.m2/repository/org/semanticweb/vlog4j/vlog4j-base/1.0.1/vlog4j-base-1.0.1.jar
7f373239c000-7f37323a1000 r--s 002f9000 08:08 538166                     /usr/lib/jvm/java-8-oracle/jre/lib/charsets.jar
7f37323a1000-7f37323a4000 r--s 0001a000 08:08 538250                     /usr/lib/jvm/java-8-oracle/jre/lib/jce.jar
7f37323a4000-7f37323a9000 r--s 0009d000 08:08 538173                     /usr/lib/jvm/java-8-oracle/jre/lib/jsse.jar
7f37323a9000-7f3732474000 rw-p 00000000 00:00 0 
7f3732474000-7f3732477000 ---p 00000000 00:00 0 
7f3732477000-7f373257a000 rw-p 00000000 00:00 0 
7f373257a000-7f373257c000 r--s 0000b000 08:09 2886306                    /home/raj/.m2/repository/org/semanticweb/vlog4j/vlog4j-core/0.1.0/vlog4j-core-0.1.0.jar
7f373257c000-7f373258f000 r--s 00345000 08:08 538172                     /usr/lib/jvm/java-8-oracle/jre/lib/resources.jar
7f373258f000-7f3732597000 rw-s 00000000 08:08 936182                     /tmp/hsperfdata_raj/10665
7f3732597000-7f3732598000 rw-p 00000000 00:00 0 
7f3732598000-7f3732599000 r--p 00000000 00:00 0 
7f3732599000-7f373259a000 r--p 00025000 08:08 3276998                    /lib/x86_64-linux-gnu/ld-2.23.so
7f373259a000-7f373259b000 rw-p 00026000 08:08 3276998                    /lib/x86_64-linux-gnu/ld-2.23.so
7f373259b000-7f373259c000 rw-p 00000000 00:00 0 
7ffc83f42000-7ffc83f65000 rw-p 00000000 00:00 0                          [stack]
7ffc83f92000-7ffc83f95000 r--p 00000000 00:00 0                          [vvar]
7ffc83f95000-7ffc83f97000 r-xp 00000000 00:00 0                          [vdso]
ffffffffff600000-ffffffffff601000 r-xp 00000000 00:00 0                  [vsyscall]

VM Arguments:
jvm_args: -Dfile.encoding=UTF-8 
java_command: InferenceForOWLELMain /home/raj/Documents/thesis/go.owl ulimit -c unlimited
java_class_path (initial): /usr/lib/jvm/java-8-oracle/jre/lib/resources.jar:/usr/lib/jvm/java-8-oracle/jre/lib/rt.jar:/usr/lib/jvm/java-8-oracle/jre/lib/jsse.jar:/usr/lib/jvm/java-8-oracle/jre/lib/jce.jar:/usr/lib/jvm/java-8-oracle/jre/lib/charsets.jar:/usr/lib/jvm/java-8-oracle/jre/lib/jfr.jar:/usr/lib/jvm/java-8-oracle/jre/lib/ext/jaccess.jar:/usr/lib/jvm/java-8-oracle/jre/lib/ext/jfxrt.jar:/usr/lib/jvm/java-8-oracle/jre/lib/ext/sunec.jar:/usr/lib/jvm/java-8-oracle/jre/lib/ext/sunjce_provider.jar:/usr/lib/jvm/java-8-oracle/jre/lib/ext/localedata.jar:/usr/lib/jvm/java-8-oracle/jre/lib/ext/sunpkcs11.jar:/usr/lib/jvm/java-8-oracle/jre/lib/ext/cldrdata.jar:/usr/lib/jvm/java-8-oracle/jre/lib/ext/nashorn.jar:/usr/lib/jvm/java-8-oracle/jre/lib/ext/zipfs.jar:/usr/lib/jvm/java-8-oracle/jre/lib/ext/dnsns.jar:/home/raj/git/CLThesisOWL-EL/target/classes:/home/raj/.m2/repository/org/semanticweb/vlog4j/vlog4j-core/0.1.0/vlog4j-core-0.1.0.jar:/home/raj/.m2/repository/org/semanticweb/vlog4j/vlog4j-base/1.0.1/vlog4j-base-1.0.1.jar:/home/raj/.m2/repository/org/eclipse/jdt/org.eclipse.jdt.annotation/2.1.100/org.eclipse.jdt.annotation-2.1.100.jar:/home/raj/.m2/repository/org/slf4j/slf4j-api/1.7.10/slf4j-api-1.7.10.jar:/home/raj/.m2/repository/org/apache/commons/commons-lang3/3.7/commons-lang3-3.7.jar:/home/raj/.m2/repository/org/apache/commons/commons-csv/1.5/commons-csv-1.5.jar:/home/raj/.m2/repository/net/sourceforge/owlapi/owlapi-distribution/5.0.0/owlapi-distribution-5.0.0.jar:/home/raj/.m2/repository/com/fasterxml/jackson/core/jackson-core/2.6.3/jackson-core-2.6.3.jar:/home/raj/.m2/repository/com/fasterxml/jackson/core/jackson-databind/2.6.3/jackson-databind-2.6.3.jar:/home/raj/.m2/repository/com/fasterxml/jackson/core/jackson-annotations/2.6.3/jackson-annotations-2.6.3.jar:/home/raj/.m2/repository/net/sourceforge/owlapi/owlapi-compatibility/5.0.0/owlapi-compatibility-5.0.0.jar:/home/raj/.m2/repository/net/sourceforge/owlapi/owlapi-apibinding/5.0.0/owlapi-apibinding-5.0.0.jar:
Launcher Type: SUN_STANDARD

Environment Variables:
JAVA_HOME=/usr/lib/jvm/java-8-oracle
PATH=/home/raj/bin:/home/raj/.local/bin:/opt/maven/bin:/usr/local/sbin:/usr/local/bin:/usr/sbin:/usr/bin:/sbin:/bin:/usr/games:/usr/local/games:/snap/bin:/usr/lib/jvm/java-8-oracle/bin:/usr/lib/jvm/java-8-oracle/db/bin:/usr/lib/jvm/java-8-oracle/jre/bin
SHELL=/bin/bash
DISPLAY=:0

Signal Handlers:
SIGSEGV: [libjvm.so+0xad0890], sa_mask[0]=11111111011111111101111111111110, sa_flags=SA_RESTART|SA_SIGINFO
SIGBUS: [libjvm.so+0xad0890], sa_mask[0]=11111111011111111101111111111110, sa_flags=SA_RESTART|SA_SIGINFO
SIGFPE: [libjvm.so+0x928640], sa_mask[0]=11111111011111111101111111111110, sa_flags=SA_RESTART|SA_SIGINFO
SIGPIPE: [libjvm.so+0x928640], sa_mask[0]=11111111011111111101111111111110, sa_flags=SA_RESTART|SA_SIGINFO
SIGXFSZ: [libjvm.so+0x928640], sa_mask[0]=11111111011111111101111111111110, sa_flags=SA_RESTART|SA_SIGINFO
SIGILL: [libjvm.so+0x928640], sa_mask[0]=11111111011111111101111111111110, sa_flags=SA_RESTART|SA_SIGINFO
SIGUSR1: SIG_DFL, sa_mask[0]=00000000000000000000000000000000, sa_flags=none
SIGUSR2: [libjvm.so+0x929ea0], sa_mask[0]=00100000000000000000000000000000, sa_flags=SA_RESTART|SA_SIGINFO
SIGHUP: [libjvm.so+0x92b2a0], sa_mask[0]=11111111011111111101111111111110, sa_flags=SA_RESTART|SA_SIGINFO
SIGINT: [libjvm.so+0x92b2a0], sa_mask[0]=11111111011111111101111111111110, sa_flags=SA_RESTART|SA_SIGINFO
SIGTERM: [libjvm.so+0x92b2a0], sa_mask[0]=11111111011111111101111111111110, sa_flags=SA_RESTART|SA_SIGINFO
SIGQUIT: [libjvm.so+0x92b2a0], sa_mask[0]=11111111011111111101111111111110, sa_flags=SA_RESTART|SA_SIGINFO


---------------  S Y S T E M  ---------------

OS:DISTRIB_ID=Ubuntu
DISTRIB_RELEASE=16.04
DISTRIB_CODENAME=xenial
DISTRIB_DESCRIPTION="Ubuntu 16.04.4 LTS"

uname:Linux 4.13.0-45-generic #50~16.04.1-Ubuntu SMP Wed May 30 11:18:27 UTC 2018 x86_64
libc:glibc 2.23 NPTL 2.23 
rlimit: STACK 8192k, CORE 0k, NPROC 31260, NOFILE 1048576, AS infinity
load average:5,61 8,10 4,77

/proc/meminfo:
MemTotal:        8055640 kB
MemFree:          165664 kB
MemAvailable:    1556928 kB
Buffers:          110088 kB
Cached:          1737244 kB
SwapCached:            0 kB
Active:          6668120 kB
Inactive:         948124 kB
Active(anon):    5678348 kB
Inactive(anon):   370812 kB
Active(file):     989772 kB
Inactive(file):   577312 kB
Unevictable:         144 kB
Mlocked:             144 kB
SwapTotal:       8272892 kB
SwapFree:        8272892 kB
Dirty:              7252 kB
Writeback:             0 kB
AnonPages:       5769272 kB
Mapped:           677796 kB
Shmem:            280304 kB
Slab:             137272 kB
SReclaimable:      92208 kB
SUnreclaim:        45064 kB
KernelStack:       13616 kB
PageTables:        62556 kB
NFS_Unstable:          0 kB
Bounce:                0 kB
WritebackTmp:          0 kB
CommitLimit:    12300712 kB
Committed_AS:   14368864 kB
VmallocTotal:   34359738367 kB
VmallocUsed:           0 kB
VmallocChunk:          0 kB
HardwareCorrupted:     0 kB
AnonHugePages:         0 kB
ShmemHugePages:        0 kB
ShmemPmdMapped:        0 kB
CmaTotal:              0 kB
CmaFree:               0 kB
HugePages_Total:       0
HugePages_Free:        0
HugePages_Rsvd:        0
HugePages_Surp:        0
Hugepagesize:       2048 kB
DirectMap4k:      160512 kB
DirectMap2M:     8116224 kB


CPU:total 4 (initial active 4) (2 cores per cpu, 2 threads per core) family 6 model 42 stepping 7, cmov, cx8, fxsr, mmx, sse, sse2, sse3, ssse3, sse4.1, sse4.2, popcnt, avx, clmul, ht, tsc, tscinvbit

/proc/cpuinfo:
processor	: 0
vendor_id	: GenuineIntel
cpu family	: 6
model		: 42
model name	: Intel(R) Core(TM) i3-2328M CPU @ 2.20GHz
stepping	: 7
microcode	: 0x2d
cpu MHz		: 1097.429
cache size	: 3072 KB
physical id	: 0
siblings	: 4
core id		: 0
cpu cores	: 2
apicid		: 0
initial apicid	: 0
fpu		: yes
fpu_exception	: yes
cpuid level	: 13
wp		: yes
flags		: fpu vme de pse tsc msr pae mce cx8 apic sep mtrr pge mca cmov pat pse36 clflush dts acpi mmx fxsr sse sse2 ss ht tm pbe syscall nx rdtscp lm constant_tsc arch_perfmon pebs bts rep_good nopl xtopology nonstop_tsc cpuid aperfmperf pni pclmulqdq dtes64 monitor ds_cpl vmx est tm2 ssse3 cx16 xtpr pdcm pcid sse4_1 sse4_2 x2apic popcnt tsc_deadline_timer xsave avx lahf_lm epb pti retpoline spec_ctrl tpr_shadow vnmi flexpriority ept vpid xsaveopt dtherm arat pln pts
bugs		: cpu_meltdown spectre_v1 spectre_v2 spec_store_bypass
bogomips	: 4389.71
clflush size	: 64
cache_alignment	: 64
address sizes	: 36 bits physical, 48 bits virtual
power management:

processor	: 1
vendor_id	: GenuineIntel
cpu family	: 6
model		: 42
model name	: Intel(R) Core(TM) i3-2328M CPU @ 2.20GHz
stepping	: 7
microcode	: 0x2d
cpu MHz		: 1097.434
cache size	: 3072 KB
physical id	: 0
siblings	: 4
core id		: 0
cpu cores	: 2
apicid		: 1
initial apicid	: 1
fpu		: yes
fpu_exception	: yes
cpuid level	: 13
wp		: yes
flags		: fpu vme de pse tsc msr pae mce cx8 apic sep mtrr pge mca cmov pat pse36 clflush dts acpi mmx fxsr sse sse2 ss ht tm pbe syscall nx rdtscp lm constant_tsc arch_perfmon pebs bts rep_good nopl xtopology nonstop_tsc cpuid aperfmperf pni pclmulqdq dtes64 monitor ds_cpl vmx est tm2 ssse3 cx16 xtpr pdcm pcid sse4_1 sse4_2 x2apic popcnt tsc_deadline_timer xsave avx lahf_lm epb pti retpoline spec_ctrl tpr_shadow vnmi flexpriority ept vpid xsaveopt dtherm arat pln pts
bugs		: cpu_meltdown spectre_v1 spectre_v2 spec_store_bypass
bogomips	: 4389.71
clflush size	: 64
cache_alignment	: 64
address sizes	: 36 bits physical, 48 bits virtual
power management:

processor	: 2
vendor_id	: GenuineIntel
cpu family	: 6
model		: 42
model name	: Intel(R) Core(TM) i3-2328M CPU @ 2.20GHz
stepping	: 7
microcode	: 0x2d
cpu MHz		: 1097.428
cache size	: 3072 KB
physical id	: 0
siblings	: 4
core id		: 1
cpu cores	: 2
apicid		: 2
initial apicid	: 2
fpu		: yes
fpu_exception	: yes
cpuid level	: 13
wp		: yes
flags		: fpu vme de pse tsc msr pae mce cx8 apic sep mtrr pge mca cmov pat pse36 clflush dts acpi mmx fxsr sse sse2 ss ht tm pbe syscall nx rdtscp lm constant_tsc arch_perfmon pebs bts rep_good nopl xtopology nonstop_tsc cpuid aperfmperf pni pclmulqdq dtes64 monitor ds_cpl vmx est tm2 ssse3 cx16 xtpr pdcm pcid sse4_1 sse4_2 x2apic popcnt tsc_deadline_timer xsave avx lahf_lm epb pti retpoline spec_ctrl tpr_shadow vnmi flexpriority ept vpid xsaveopt dtherm arat pln pts
bugs		: cpu_meltdown spectre_v1 spectre_v2 spec_store_bypass
bogomips	: 4389.71
clflush size	: 64
cache_alignment	: 64
address sizes	: 36 bits physical, 48 bits virtual
power management:

processor	: 3
vendor_id	: GenuineIntel
cpu family	: 6
model		: 42
model name	: Intel(R) Core(TM) i3-2328M CPU @ 2.20GHz
stepping	: 7
microcode	: 0x2d
cpu MHz		: 1097.413
cache size	: 3072 KB
physical id	: 0
siblings	: 4
core id		: 1
cpu cores	: 2
apicid		: 3
initial apicid	: 3
fpu		: yes
fpu_exception	: yes
cpuid level	: 13
wp		: yes
flags		: fpu vme de pse tsc msr pae mce cx8 apic sep mtrr pge mca cmov pat pse36 clflush dts acpi mmx fxsr sse sse2 ss ht tm pbe syscall nx rdtscp lm constant_tsc arch_perfmon pebs bts rep_good nopl xtopology nonstop_tsc cpuid aperfmperf pni pclmulqdq dtes64 monitor ds_cpl vmx est tm2 ssse3 cx16 xtpr pdcm pcid sse4_1 sse4_2 x2apic popcnt tsc_deadline_timer xsave avx lahf_lm epb pti retpoline spec_ctrl tpr_shadow vnmi flexpriority ept vpid xsaveopt dtherm arat pln pts
bugs		: cpu_meltdown spectre_v1 spectre_v2 spec_store_bypass
bogomips	: 4389.71
clflush size	: 64
cache_alignment	: 64
address sizes	: 36 bits physical, 48 bits virtual
power management:



Memory: 4k page, physical 8055640k(146156k free), swap 8272892k(8272892k free)

vm_info: Java HotSpot(TM) 64-Bit Server VM (25.171-b11) for linux-amd64 JRE (1.8.0_171-b11), built on Mar 28 2018 17:07:08 by "java_re" with gcc 4.3.0 20080428 (Red Hat 4.3.0-8)

time: Fri Jul 20 11:30:16 2018
elapsed time: 111 seconds (0d 0h 1m 51s)

